/home/muhammed-samet-yildiz/ros2_ws/install/simple_py_pkg/lib/python3.10/site-packages/simple_py_pkg/__init__.py
/home/muhammed-samet-yildiz/ros2_ws/install/simple_py_pkg/lib/python3.10/site-packages/simple_py_pkg/simple_py_node.py
/home/muhammed-samet-yildiz/ros2_ws/install/simple_py_pkg/lib/python3.10/site-packages/simple_py_pkg/add_two_ints_server.py
/home/muhammed-samet-yildiz/ros2_ws/install/simple_py_pkg/lib/python3.10/site-packages/simple_py_pkg/add_two_ints_client_oop.py
/home/muhammed-samet-yildiz/ros2_ws/install/simple_py_pkg/lib/python3.10/site-packages/simple_py_pkg/add_two_ints_client.py
/home/muhammed-samet-yildiz/ros2_ws/install/simple_py_pkg/lib/python3.10/site-packages/simple_py_pkg/counter_node.py
/home/muhammed-samet-yildiz/ros2_ws/install/simple_py_pkg/lib/python3.10/site-packages/simple_py_pkg/television.py
/home/muhammed-samet-yildiz/ros2_ws/install/simple_py_pkg/lib/python3.10/site-packages/simple_py_pkg/template_node.py
/home/muhammed-samet-yildiz/ros2_ws/install/simple_py_pkg/lib/python3.10/site-packages/simple_py_pkg/remote_controller.py
/home/muhammed-samet-yildiz/ros2_ws/install/simple_py_pkg/lib/python3.10/site-packages/simple_py_pkg/components_status_publisher.py
/home/muhammed-samet-yildiz/ros2_ws/install/simple_py_pkg/lib/python3.10/site-packages/simple_py_pkg/__pycache__/__init__.cpython-310.pyc
/home/muhammed-samet-yildiz/ros2_ws/install/simple_py_pkg/lib/python3.10/site-packages/simple_py_pkg/__pycache__/simple_py_node.cpython-310.pyc
/home/muhammed-samet-yildiz/ros2_ws/install/simple_py_pkg/lib/python3.10/site-packages/simple_py_pkg/__pycache__/add_two_ints_server.cpython-310.pyc
/home/muhammed-samet-yildiz/ros2_ws/install/simple_py_pkg/lib/python3.10/site-packages/simple_py_pkg/__pycache__/add_two_ints_client_oop.cpython-310.pyc
/home/muhammed-samet-yildiz/ros2_ws/install/simple_py_pkg/lib/python3.10/site-packages/simple_py_pkg/__pycache__/add_two_ints_client.cpython-310.pyc
/home/muhammed-samet-yildiz/ros2_ws/install/simple_py_pkg/lib/python3.10/site-packages/simple_py_pkg/__pycache__/counter_node.cpython-310.pyc
/home/muhammed-samet-yildiz/ros2_ws/install/simple_py_pkg/lib/python3.10/site-packages/simple_py_pkg/__pycache__/television.cpython-310.pyc
/home/muhammed-samet-yildiz/ros2_ws/install/simple_py_pkg/lib/python3.10/site-packages/simple_py_pkg/__pycache__/template_node.cpython-310.pyc
/home/muhammed-samet-yildiz/ros2_ws/install/simple_py_pkg/lib/python3.10/site-packages/simple_py_pkg/__pycache__/remote_controller.cpython-310.pyc
/home/muhammed-samet-yildiz/ros2_ws/install/simple_py_pkg/lib/python3.10/site-packages/simple_py_pkg/__pycache__/components_status_publisher.cpython-310.pyc
/home/muhammed-samet-yildiz/ros2_ws/install/simple_py_pkg/share/ament_index/resource_index/packages/simple_py_pkg
/home/muhammed-samet-yildiz/ros2_ws/install/simple_py_pkg/share/simple_py_pkg/package.xml
/home/muhammed-samet-yildiz/ros2_ws/install/simple_py_pkg/lib/python3.10/site-packages/simple_py_pkg-0.0.0-py3.10.egg-info/dependency_links.txt
/home/muhammed-samet-yildiz/ros2_ws/install/simple_py_pkg/lib/python3.10/site-packages/simple_py_pkg-0.0.0-py3.10.egg-info/PKG-INFO
/home/muhammed-samet-yildiz/ros2_ws/install/simple_py_pkg/lib/python3.10/site-packages/simple_py_pkg-0.0.0-py3.10.egg-info/entry_points.txt
/home/muhammed-samet-yildiz/ros2_ws/install/simple_py_pkg/lib/python3.10/site-packages/simple_py_pkg-0.0.0-py3.10.egg-info/top_level.txt
/home/muhammed-samet-yildiz/ros2_ws/install/simple_py_pkg/lib/python3.10/site-packages/simple_py_pkg-0.0.0-py3.10.egg-info/zip-safe
/home/muhammed-samet-yildiz/ros2_ws/install/simple_py_pkg/lib/python3.10/site-packages/simple_py_pkg-0.0.0-py3.10.egg-info/requires.txt
/home/muhammed-samet-yildiz/ros2_ws/install/simple_py_pkg/lib/python3.10/site-packages/simple_py_pkg-0.0.0-py3.10.egg-info/SOURCES.txt
/home/muhammed-samet-yildiz/ros2_ws/install/simple_py_pkg/lib/simple_py_pkg/add_two_ints_client_node
/home/muhammed-samet-yildiz/ros2_ws/install/simple_py_pkg/lib/simple_py_pkg/add_two_ints_client_oop_node
/home/muhammed-samet-yildiz/ros2_ws/install/simple_py_pkg/lib/simple_py_pkg/add_two_ints_server_node
/home/muhammed-samet-yildiz/ros2_ws/install/simple_py_pkg/lib/simple_py_pkg/channel_node
/home/muhammed-samet-yildiz/ros2_ws/install/simple_py_pkg/lib/simple_py_pkg/components_status_publisher
/home/muhammed-samet-yildiz/ros2_ws/install/simple_py_pkg/lib/simple_py_pkg/counter_node
/home/muhammed-samet-yildiz/ros2_ws/install/simple_py_pkg/lib/simple_py_pkg/py_node
/home/muhammed-samet-yildiz/ros2_ws/install/simple_py_pkg/lib/simple_py_pkg/remote_controller_node
/home/muhammed-samet-yildiz/ros2_ws/install/simple_py_pkg/lib/simple_py_pkg/television_node
