[0.872s] Invoking command in '/home/muhammed-samet-yildiz/ros2_ws/src/simple_py_pkg': PYTHONPATH=/home/muhammed-samet-yildiz/ros2_ws/build/simple_py_pkg/prefix_override:/usr/lib/python3/dist-packages/colcon_core/task/python/colcon_distutils_commands:/home/muhammed-samet-yildiz/ros2_ws/install/simple_py_pkg/lib/python3.10/site-packages:${PYTHONPATH} /usr/bin/python3 -W ignore:setup.py install is deprecated -W ignore:easy_install command is deprecated setup.py egg_info --egg-base ../../build/simple_py_pkg build --build-base /home/muhammed-samet-yildiz/ros2_ws/build/simple_py_pkg/build install --record /home/muhammed-samet-yildiz/ros2_ws/build/simple_py_pkg/install.log --single-version-externally-managed install_data
[1.179s] running egg_info
[1.180s] writing ../../build/simple_py_pkg/simple_py_pkg.egg-info/PKG-INFO
[1.180s] writing dependency_links to ../../build/simple_py_pkg/simple_py_pkg.egg-info/dependency_links.txt
[1.181s] writing entry points to ../../build/simple_py_pkg/simple_py_pkg.egg-info/entry_points.txt
[1.181s] writing requirements to ../../build/simple_py_pkg/simple_py_pkg.egg-info/requires.txt
[1.181s] writing top-level names to ../../build/simple_py_pkg/simple_py_pkg.egg-info/top_level.txt
[1.183s] reading manifest file '../../build/simple_py_pkg/simple_py_pkg.egg-info/SOURCES.txt'
[1.184s] writing manifest file '../../build/simple_py_pkg/simple_py_pkg.egg-info/SOURCES.txt'
[1.185s] running build
[1.185s] running build_py
[1.185s] running install
[1.186s] running install_lib
[1.187s] running install_data
[1.188s] running install_egg_info
[1.190s] removing '/home/muhammed-samet-yildiz/ros2_ws/install/simple_py_pkg/lib/python3.10/site-packages/simple_py_pkg-0.0.0-py3.10.egg-info' (and everything under it)
[1.191s] Copying ../../build/simple_py_pkg/simple_py_pkg.egg-info to /home/muhammed-samet-yildiz/ros2_ws/install/simple_py_pkg/lib/python3.10/site-packages/simple_py_pkg-0.0.0-py3.10.egg-info
[1.192s] running install_scripts
[1.220s] Installing py_node script to /home/muhammed-samet-yildiz/ros2_ws/install/simple_py_pkg/lib/simple_py_pkg
[1.220s] writing list of installed files to '/home/muhammed-samet-yildiz/ros2_ws/build/simple_py_pkg/install.log'
[1.269s] Invoked command in '/home/muhammed-samet-yildiz/ros2_ws/src/simple_py_pkg' returned '0': PYTHONPATH=/home/muhammed-samet-yildiz/ros2_ws/build/simple_py_pkg/prefix_override:/usr/lib/python3/dist-packages/colcon_core/task/python/colcon_distutils_commands:/home/muhammed-samet-yildiz/ros2_ws/install/simple_py_pkg/lib/python3.10/site-packages:${PYTHONPATH} /usr/bin/python3 -W ignore:setup.py install is deprecated -W ignore:easy_install command is deprecated setup.py egg_info --egg-base ../../build/simple_py_pkg build --build-base /home/muhammed-samet-yildiz/ros2_ws/build/simple_py_pkg/build install --record /home/muhammed-samet-yildiz/ros2_ws/build/simple_py_pkg/install.log --single-version-externally-managed install_data
