running egg_info
creating ../../build/simple_py_pkg/simple_py_pkg.egg-info
writing ../../build/simple_py_pkg/simple_py_pkg.egg-info/PKG-INFO
writing dependency_links to ../../build/simple_py_pkg/simple_py_pkg.egg-info/dependency_links.txt
writing entry points to ../../build/simple_py_pkg/simple_py_pkg.egg-info/entry_points.txt
writing requirements to ../../build/simple_py_pkg/simple_py_pkg.egg-info/requires.txt
writing top-level names to ../../build/simple_py_pkg/simple_py_pkg.egg-info/top_level.txt
writing manifest file '../../build/simple_py_pkg/simple_py_pkg.egg-info/SOURCES.txt'
reading manifest file '../../build/simple_py_pkg/simple_py_pkg.egg-info/SOURCES.txt'
writing manifest file '../../build/simple_py_pkg/simple_py_pkg.egg-info/SOURCES.txt'
running build
running build_py
creating /home/muhammed-samet-yildiz/ros2_ws/build/simple_py_pkg/build
creating /home/muhammed-samet-yildiz/ros2_ws/build/simple_py_pkg/build/lib
creating /home/muhammed-samet-yildiz/ros2_ws/build/simple_py_pkg/build/lib/simple_py_pkg
copying simple_py_pkg/__init__.py -> /home/muhammed-samet-yildiz/ros2_ws/build/simple_py_pkg/build/lib/simple_py_pkg
running install
running install_lib
creating /home/muhammed-samet-yildiz/ros2_ws/install/simple_py_pkg/lib/python3.10/site-packages/simple_py_pkg
copying /home/muhammed-samet-yildiz/ros2_ws/build/simple_py_pkg/build/lib/simple_py_pkg/__init__.py -> /home/muhammed-samet-yildiz/ros2_ws/install/simple_py_pkg/lib/python3.10/site-packages/simple_py_pkg
byte-compiling /home/muhammed-samet-yildiz/ros2_ws/install/simple_py_pkg/lib/python3.10/site-packages/simple_py_pkg/__init__.py to __init__.cpython-310.pyc
running install_data
creating /home/muhammed-samet-yildiz/ros2_ws/install/simple_py_pkg/share/ament_index
creating /home/muhammed-samet-yildiz/ros2_ws/install/simple_py_pkg/share/ament_index/resource_index
creating /home/muhammed-samet-yildiz/ros2_ws/install/simple_py_pkg/share/ament_index/resource_index/packages
copying resource/simple_py_pkg -> /home/muhammed-samet-yildiz/ros2_ws/install/simple_py_pkg/share/ament_index/resource_index/packages
copying package.xml -> /home/muhammed-samet-yildiz/ros2_ws/install/simple_py_pkg/share/simple_py_pkg
running install_egg_info
Copying ../../build/simple_py_pkg/simple_py_pkg.egg-info to /home/muhammed-samet-yildiz/ros2_ws/install/simple_py_pkg/lib/python3.10/site-packages/simple_py_pkg-0.0.0-py3.10.egg-info
running install_scripts
writing list of installed files to '/home/muhammed-samet-yildiz/ros2_ws/build/simple_py_pkg/install.log'
