[35m[1mConsolidate compiler generated dependencies of target simple_interfaces_pkg__rosidl_generator_c[0m
[  2%] Built target simple_interfaces_pkg__cpp
[ 12%] Built target simple_interfaces_pkg__rosidl_generator_c
[ 12%] Built target ament_cmake_python_symlink_simple_interfaces_pkg
[35m[1mConsolidate compiler generated dependencies of target simple_interfaces_pkg__rosidl_typesupport_cpp[0m
[35m[1mConsolidate compiler generated dependencies of target simple_interfaces_pkg__rosidl_typesupport_fastrtps_cpp[0m
[35m[1mConsolidate compiler generated dependencies of target simple_interfaces_pkg__rosidl_typesupport_introspection_cpp[0m
[35m[1mConsolidate compiler generated dependencies of target simple_interfaces_pkg__rosidl_typesupport_c[0m
[35m[1mConsolidate compiler generated dependencies of target simple_interfaces_pkg__rosidl_typesupport_introspection_c[0m
[35m[1mConsolidate compiler generated dependencies of target simple_interfaces_pkg__rosidl_typesupport_fastrtps_c[0m
[ 30%] Built target simple_interfaces_pkg__rosidl_typesupport_c
[ 53%] Built target simple_interfaces_pkg__rosidl_typesupport_cpp
[ 53%] Built target simple_interfaces_pkg__rosidl_typesupport_introspection_cpp
[ 53%] Built target simple_interfaces_pkg__rosidl_typesupport_introspection_c
[ 64%] Built target simple_interfaces_pkg__rosidl_typesupport_fastrtps_cpp
[ 74%] Built target simple_interfaces_pkg__rosidl_typesupport_fastrtps_c
[ 74%] Built target simple_interfaces_pkg
[ 76%] Built target simple_interfaces_pkg__py
[35m[1mConsolidate compiler generated dependencies of target simple_interfaces_pkg__rosidl_generator_py[0m
[ 84%] Built target simple_interfaces_pkg__rosidl_generator_py
[35m[1mConsolidate compiler generated dependencies of target simple_interfaces_pkg__rosidl_typesupport_c__pyext[0m
[35m[1mConsolidate compiler generated dependencies of target simple_interfaces_pkg__rosidl_typesupport_fastrtps_c__pyext[0m
[35m[1mConsolidate compiler generated dependencies of target simple_interfaces_pkg__rosidl_typesupport_introspection_c__pyext[0m
[ 94%] Built target simple_interfaces_pkg__rosidl_typesupport_c__pyext
[ 94%] Built target simple_interfaces_pkg__rosidl_typesupport_fastrtps_c__pyext
[100%] Built target simple_interfaces_pkg__rosidl_typesupport_introspection_c__pyext
running egg_info
writing simple_interfaces_pkg.egg-info/PKG-INFO
writing dependency_links to simple_interfaces_pkg.egg-info/dependency_links.txt
writing top-level names to simple_interfaces_pkg.egg-info/top_level.txt
reading manifest file 'simple_interfaces_pkg.egg-info/SOURCES.txt'
writing manifest file 'simple_interfaces_pkg.egg-info/SOURCES.txt'
[100%] Built target ament_cmake_python_build_simple_interfaces_pkg_egg
-- Install configuration: ""
-- Execute custom install script
-- Up-to-date symlink: /home/muhammed-samet-yildiz/ros2_ws/install/simple_interfaces_pkg/share/ament_index/resource_index/rosidl_interfaces/simple_interfaces_pkg
-- Up-to-date symlink: /home/muhammed-samet-yildiz/ros2_ws/install/simple_interfaces_pkg/include/simple_interfaces_pkg/simple_interfaces_pkg/msg/components_status.h
-- Up-to-date symlink: /home/muhammed-samet-yildiz/ros2_ws/install/simple_interfaces_pkg/include/simple_interfaces_pkg/simple_interfaces_pkg/msg/detail/components_status__functions.h
-- Up-to-date symlink: /home/muhammed-samet-yildiz/ros2_ws/install/simple_interfaces_pkg/include/simple_interfaces_pkg/simple_interfaces_pkg/msg/detail/components_status__struct.h
-- Up-to-date symlink: /home/muhammed-samet-yildiz/ros2_ws/install/simple_interfaces_pkg/include/simple_interfaces_pkg/simple_interfaces_pkg/msg/detail/components_status__type_support.h
-- Up-to-date symlink: /home/muhammed-samet-yildiz/ros2_ws/install/simple_interfaces_pkg/include/simple_interfaces_pkg/simple_interfaces_pkg/msg/rosidl_generator_c__visibility_control.h
-- Up-to-date symlink: /home/muhammed-samet-yildiz/ros2_ws/install/simple_interfaces_pkg/include/simple_interfaces_pkg/simple_interfaces_pkg/srv/detail/multiply_two_ints__functions.h
-- Up-to-date symlink: /home/muhammed-samet-yildiz/ros2_ws/install/simple_interfaces_pkg/include/simple_interfaces_pkg/simple_interfaces_pkg/srv/detail/multiply_two_ints__struct.h
-- Up-to-date symlink: /home/muhammed-samet-yildiz/ros2_ws/install/simple_interfaces_pkg/include/simple_interfaces_pkg/simple_interfaces_pkg/srv/detail/multiply_two_ints__type_support.h
-- Up-to-date symlink: /home/muhammed-samet-yildiz/ros2_ws/install/simple_interfaces_pkg/include/simple_interfaces_pkg/simple_interfaces_pkg/srv/multiply_two_ints.h
-- Up-to-date symlink: /home/muhammed-samet-yildiz/ros2_ws/install/simple_interfaces_pkg/share/simple_interfaces_pkg/environment/library_path.sh
-- Up-to-date symlink: /home/muhammed-samet-yildiz/ros2_ws/install/simple_interfaces_pkg/share/simple_interfaces_pkg/environment/library_path.dsv
-- Up-to-date symlink: /home/muhammed-samet-yildiz/ros2_ws/install/simple_interfaces_pkg/include/simple_interfaces_pkg/simple_interfaces_pkg/msg/detail/components_status__rosidl_typesupport_fastrtps_c.h
-- Up-to-date symlink: /home/muhammed-samet-yildiz/ros2_ws/install/simple_interfaces_pkg/include/simple_interfaces_pkg/simple_interfaces_pkg/msg/rosidl_typesupport_fastrtps_c__visibility_control.h
-- Up-to-date symlink: /home/muhammed-samet-yildiz/ros2_ws/install/simple_interfaces_pkg/include/simple_interfaces_pkg/simple_interfaces_pkg/srv/detail/multiply_two_ints__rosidl_typesupport_fastrtps_c.h
-- Up-to-date symlink: /home/muhammed-samet-yildiz/ros2_ws/install/simple_interfaces_pkg/include/simple_interfaces_pkg/simple_interfaces_pkg/msg/detail/components_status__rosidl_typesupport_introspection_c.h
-- Up-to-date symlink: /home/muhammed-samet-yildiz/ros2_ws/install/simple_interfaces_pkg/include/simple_interfaces_pkg/simple_interfaces_pkg/msg/rosidl_typesupport_introspection_c__visibility_control.h
-- Up-to-date symlink: /home/muhammed-samet-yildiz/ros2_ws/install/simple_interfaces_pkg/include/simple_interfaces_pkg/simple_interfaces_pkg/srv/detail/multiply_two_ints__rosidl_typesupport_introspection_c.h
-- Up-to-date symlink: /home/muhammed-samet-yildiz/ros2_ws/install/simple_interfaces_pkg/include/simple_interfaces_pkg/simple_interfaces_pkg/msg/components_status.hpp
-- Up-to-date symlink: /home/muhammed-samet-yildiz/ros2_ws/install/simple_interfaces_pkg/include/simple_interfaces_pkg/simple_interfaces_pkg/msg/detail/components_status__builder.hpp
-- Up-to-date symlink: /home/muhammed-samet-yildiz/ros2_ws/install/simple_interfaces_pkg/include/simple_interfaces_pkg/simple_interfaces_pkg/msg/detail/components_status__struct.hpp
-- Up-to-date symlink: /home/muhammed-samet-yildiz/ros2_ws/install/simple_interfaces_pkg/include/simple_interfaces_pkg/simple_interfaces_pkg/msg/detail/components_status__traits.hpp
-- Up-to-date symlink: /home/muhammed-samet-yildiz/ros2_ws/install/simple_interfaces_pkg/include/simple_interfaces_pkg/simple_interfaces_pkg/msg/detail/components_status__type_support.hpp
-- Up-to-date symlink: /home/muhammed-samet-yildiz/ros2_ws/install/simple_interfaces_pkg/include/simple_interfaces_pkg/simple_interfaces_pkg/msg/rosidl_generator_cpp__visibility_control.hpp
-- Up-to-date symlink: /home/muhammed-samet-yildiz/ros2_ws/install/simple_interfaces_pkg/include/simple_interfaces_pkg/simple_interfaces_pkg/srv/detail/multiply_two_ints__builder.hpp
-- Up-to-date symlink: /home/muhammed-samet-yildiz/ros2_ws/install/simple_interfaces_pkg/include/simple_interfaces_pkg/simple_interfaces_pkg/srv/detail/multiply_two_ints__struct.hpp
-- Up-to-date symlink: /home/muhammed-samet-yildiz/ros2_ws/install/simple_interfaces_pkg/include/simple_interfaces_pkg/simple_interfaces_pkg/srv/detail/multiply_two_ints__traits.hpp
-- Up-to-date symlink: /home/muhammed-samet-yildiz/ros2_ws/install/simple_interfaces_pkg/include/simple_interfaces_pkg/simple_interfaces_pkg/srv/detail/multiply_two_ints__type_support.hpp
-- Up-to-date symlink: /home/muhammed-samet-yildiz/ros2_ws/install/simple_interfaces_pkg/include/simple_interfaces_pkg/simple_interfaces_pkg/srv/multiply_two_ints.hpp
-- Up-to-date symlink: /home/muhammed-samet-yildiz/ros2_ws/install/simple_interfaces_pkg/include/simple_interfaces_pkg/simple_interfaces_pkg/msg/detail/components_status__rosidl_typesupport_fastrtps_cpp.hpp
-- Up-to-date symlink: /home/muhammed-samet-yildiz/ros2_ws/install/simple_interfaces_pkg/include/simple_interfaces_pkg/simple_interfaces_pkg/msg/rosidl_typesupport_fastrtps_cpp__visibility_control.h
-- Up-to-date symlink: /home/muhammed-samet-yildiz/ros2_ws/install/simple_interfaces_pkg/include/simple_interfaces_pkg/simple_interfaces_pkg/srv/detail/multiply_two_ints__rosidl_typesupport_fastrtps_cpp.hpp
-- Up-to-date symlink: /home/muhammed-samet-yildiz/ros2_ws/install/simple_interfaces_pkg/include/simple_interfaces_pkg/simple_interfaces_pkg/msg/detail/components_status__rosidl_typesupport_introspection_cpp.hpp
-- Up-to-date symlink: /home/muhammed-samet-yildiz/ros2_ws/install/simple_interfaces_pkg/include/simple_interfaces_pkg/simple_interfaces_pkg/srv/detail/multiply_two_ints__rosidl_typesupport_introspection_cpp.hpp
-- Up-to-date symlink: /home/muhammed-samet-yildiz/ros2_ws/install/simple_interfaces_pkg/share/simple_interfaces_pkg/environment/pythonpath.sh
-- Up-to-date symlink: /home/muhammed-samet-yildiz/ros2_ws/install/simple_interfaces_pkg/share/simple_interfaces_pkg/environment/pythonpath.dsv
-- Up-to-date symlink: /home/muhammed-samet-yildiz/ros2_ws/install/simple_interfaces_pkg/local/lib/python3.10/dist-packages/simple_interfaces_pkg-0.0.0-py3.10.egg-info/PKG-INFO
-- Up-to-date symlink: /home/muhammed-samet-yildiz/ros2_ws/install/simple_interfaces_pkg/local/lib/python3.10/dist-packages/simple_interfaces_pkg-0.0.0-py3.10.egg-info/SOURCES.txt
-- Up-to-date symlink: /home/muhammed-samet-yildiz/ros2_ws/install/simple_interfaces_pkg/local/lib/python3.10/dist-packages/simple_interfaces_pkg-0.0.0-py3.10.egg-info/dependency_links.txt
-- Up-to-date symlink: /home/muhammed-samet-yildiz/ros2_ws/install/simple_interfaces_pkg/local/lib/python3.10/dist-packages/simple_interfaces_pkg-0.0.0-py3.10.egg-info/top_level.txt
-- Up-to-date symlink: /home/muhammed-samet-yildiz/ros2_ws/install/simple_interfaces_pkg/local/lib/python3.10/dist-packages/simple_interfaces_pkg/__init__.py
-- Up-to-date symlink: /home/muhammed-samet-yildiz/ros2_ws/install/simple_interfaces_pkg/local/lib/python3.10/dist-packages/simple_interfaces_pkg/_simple_interfaces_pkg_s.ep.rosidl_typesupport_c.c
-- Up-to-date symlink: /home/muhammed-samet-yildiz/ros2_ws/install/simple_interfaces_pkg/local/lib/python3.10/dist-packages/simple_interfaces_pkg/_simple_interfaces_pkg_s.ep.rosidl_typesupport_fastrtps_c.c
-- Up-to-date symlink: /home/muhammed-samet-yildiz/ros2_ws/install/simple_interfaces_pkg/local/lib/python3.10/dist-packages/simple_interfaces_pkg/_simple_interfaces_pkg_s.ep.rosidl_typesupport_introspection_c.c
-- Up-to-date symlink: /home/muhammed-samet-yildiz/ros2_ws/install/simple_interfaces_pkg/local/lib/python3.10/dist-packages/simple_interfaces_pkg/libsimple_interfaces_pkg__rosidl_generator_py.so
-- Up-to-date symlink: /home/muhammed-samet-yildiz/ros2_ws/install/simple_interfaces_pkg/local/lib/python3.10/dist-packages/simple_interfaces_pkg/msg/__init__.py
-- Up-to-date symlink: /home/muhammed-samet-yildiz/ros2_ws/install/simple_interfaces_pkg/local/lib/python3.10/dist-packages/simple_interfaces_pkg/msg/_components_status.py
-- Up-to-date symlink: /home/muhammed-samet-yildiz/ros2_ws/install/simple_interfaces_pkg/local/lib/python3.10/dist-packages/simple_interfaces_pkg/msg/_components_status_s.c
-- Up-to-date symlink: /home/muhammed-samet-yildiz/ros2_ws/install/simple_interfaces_pkg/local/lib/python3.10/dist-packages/simple_interfaces_pkg/simple_interfaces_pkg_s__rosidl_typesupport_c.cpython-310-x86_64-linux-gnu.so
-- Up-to-date symlink: /home/muhammed-samet-yildiz/ros2_ws/install/simple_interfaces_pkg/local/lib/python3.10/dist-packages/simple_interfaces_pkg/simple_interfaces_pkg_s__rosidl_typesupport_fastrtps_c.cpython-310-x86_64-linux-gnu.so
-- Up-to-date symlink: /home/muhammed-samet-yildiz/ros2_ws/install/simple_interfaces_pkg/local/lib/python3.10/dist-packages/simple_interfaces_pkg/simple_interfaces_pkg_s__rosidl_typesupport_introspection_c.cpython-310-x86_64-linux-gnu.so
-- Up-to-date symlink: /home/muhammed-samet-yildiz/ros2_ws/install/simple_interfaces_pkg/local/lib/python3.10/dist-packages/simple_interfaces_pkg/srv/__init__.py
-- Up-to-date symlink: /home/muhammed-samet-yildiz/ros2_ws/install/simple_interfaces_pkg/local/lib/python3.10/dist-packages/simple_interfaces_pkg/srv/_multiply_two_ints.py
-- Up-to-date symlink: /home/muhammed-samet-yildiz/ros2_ws/install/simple_interfaces_pkg/local/lib/python3.10/dist-packages/simple_interfaces_pkg/srv/_multiply_two_ints_s.c
-- Up-to-date symlink: /home/muhammed-samet-yildiz/ros2_ws/install/simple_interfaces_pkg/local/lib/python3.10/dist-packages/simple_interfaces_pkg/simple_interfaces_pkg_s__rosidl_typesupport_fastrtps_c.cpython-310-x86_64-linux-gnu.so
-- Up-to-date symlink: /home/muhammed-samet-yildiz/ros2_ws/install/simple_interfaces_pkg/local/lib/python3.10/dist-packages/simple_interfaces_pkg/simple_interfaces_pkg_s__rosidl_typesupport_introspection_c.cpython-310-x86_64-linux-gnu.so
-- Up-to-date symlink: /home/muhammed-samet-yildiz/ros2_ws/install/simple_interfaces_pkg/local/lib/python3.10/dist-packages/simple_interfaces_pkg/simple_interfaces_pkg_s__rosidl_typesupport_c.cpython-310-x86_64-linux-gnu.so
-- Up-to-date symlink: /home/muhammed-samet-yildiz/ros2_ws/install/simple_interfaces_pkg/share/simple_interfaces_pkg/msg/ComponentsStatus.idl
-- Up-to-date symlink: /home/muhammed-samet-yildiz/ros2_ws/install/simple_interfaces_pkg/share/simple_interfaces_pkg/srv/MultiplyTwoInts.idl
-- Up-to-date symlink: /home/muhammed-samet-yildiz/ros2_ws/install/simple_interfaces_pkg/share/simple_interfaces_pkg/msg/ComponentsStatus.msg
-- Up-to-date symlink: /home/muhammed-samet-yildiz/ros2_ws/install/simple_interfaces_pkg/share/simple_interfaces_pkg/srv/MultiplyTwoInts.srv
-- Up-to-date symlink: /home/muhammed-samet-yildiz/ros2_ws/install/simple_interfaces_pkg/share/simple_interfaces_pkg/srv/MultiplyTwoInts_Request.msg
-- Up-to-date symlink: /home/muhammed-samet-yildiz/ros2_ws/install/simple_interfaces_pkg/share/simple_interfaces_pkg/srv/MultiplyTwoInts_Response.msg
-- Up-to-date symlink: /home/muhammed-samet-yildiz/ros2_ws/install/simple_interfaces_pkg/share/ament_index/resource_index/package_run_dependencies/simple_interfaces_pkg
-- Up-to-date symlink: /home/muhammed-samet-yildiz/ros2_ws/install/simple_interfaces_pkg/share/ament_index/resource_index/parent_prefix_path/simple_interfaces_pkg
-- Up-to-date symlink: /home/muhammed-samet-yildiz/ros2_ws/install/simple_interfaces_pkg/share/simple_interfaces_pkg/environment/ament_prefix_path.sh
-- Up-to-date symlink: /home/muhammed-samet-yildiz/ros2_ws/install/simple_interfaces_pkg/share/simple_interfaces_pkg/environment/ament_prefix_path.dsv
-- Up-to-date symlink: /home/muhammed-samet-yildiz/ros2_ws/install/simple_interfaces_pkg/share/simple_interfaces_pkg/environment/path.sh
-- Up-to-date symlink: /home/muhammed-samet-yildiz/ros2_ws/install/simple_interfaces_pkg/share/simple_interfaces_pkg/environment/path.dsv
-- Up-to-date symlink: /home/muhammed-samet-yildiz/ros2_ws/install/simple_interfaces_pkg/share/simple_interfaces_pkg/local_setup.bash
-- Up-to-date symlink: /home/muhammed-samet-yildiz/ros2_ws/install/simple_interfaces_pkg/share/simple_interfaces_pkg/local_setup.sh
-- Up-to-date symlink: /home/muhammed-samet-yildiz/ros2_ws/install/simple_interfaces_pkg/share/simple_interfaces_pkg/local_setup.zsh
-- Up-to-date symlink: /home/muhammed-samet-yildiz/ros2_ws/install/simple_interfaces_pkg/share/simple_interfaces_pkg/local_setup.dsv
-- Symlinking: /home/muhammed-samet-yildiz/ros2_ws/install/simple_interfaces_pkg/share/simple_interfaces_pkg/package.dsv
-- Up-to-date symlink: /home/muhammed-samet-yildiz/ros2_ws/install/simple_interfaces_pkg/share/ament_index/resource_index/packages/simple_interfaces_pkg
-- Up-to-date symlink: /home/muhammed-samet-yildiz/ros2_ws/install/simple_interfaces_pkg/share/simple_interfaces_pkg/cmake/rosidl_cmake-extras.cmake
-- Up-to-date symlink: /home/muhammed-samet-yildiz/ros2_ws/install/simple_interfaces_pkg/share/simple_interfaces_pkg/cmake/ament_cmake_export_include_directories-extras.cmake
-- Up-to-date symlink: /home/muhammed-samet-yildiz/ros2_ws/install/simple_interfaces_pkg/share/simple_interfaces_pkg/cmake/ament_cmake_export_libraries-extras.cmake
-- Up-to-date symlink: /home/muhammed-samet-yildiz/ros2_ws/install/simple_interfaces_pkg/share/simple_interfaces_pkg/cmake/ament_cmake_export_targets-extras.cmake
-- Up-to-date symlink: /home/muhammed-samet-yildiz/ros2_ws/install/simple_interfaces_pkg/share/simple_interfaces_pkg/cmake/rosidl_cmake_export_typesupport_targets-extras.cmake
-- Up-to-date symlink: /home/muhammed-samet-yildiz/ros2_ws/install/simple_interfaces_pkg/share/simple_interfaces_pkg/cmake/ament_cmake_export_dependencies-extras.cmake
-- Up-to-date symlink: /home/muhammed-samet-yildiz/ros2_ws/install/simple_interfaces_pkg/share/simple_interfaces_pkg/cmake/rosidl_cmake_export_typesupport_libraries-extras.cmake
-- Up-to-date symlink: /home/muhammed-samet-yildiz/ros2_ws/install/simple_interfaces_pkg/share/simple_interfaces_pkg/cmake/simple_interfaces_pkgConfig.cmake
-- Up-to-date symlink: /home/muhammed-samet-yildiz/ros2_ws/install/simple_interfaces_pkg/share/simple_interfaces_pkg/cmake/simple_interfaces_pkgConfig-version.cmake
-- Up-to-date symlink: /home/muhammed-samet-yildiz/ros2_ws/install/simple_interfaces_pkg/share/simple_interfaces_pkg/package.xml
-- Up-to-date: /home/muhammed-samet-yildiz/ros2_ws/install/simple_interfaces_pkg/lib/libsimple_interfaces_pkg__rosidl_generator_c.so
-- Up-to-date: /home/muhammed-samet-yildiz/ros2_ws/install/simple_interfaces_pkg/lib/libsimple_interfaces_pkg__rosidl_typesupport_fastrtps_c.so
-- Up-to-date: /home/muhammed-samet-yildiz/ros2_ws/install/simple_interfaces_pkg/lib/libsimple_interfaces_pkg__rosidl_typesupport_introspection_c.so
-- Up-to-date: /home/muhammed-samet-yildiz/ros2_ws/install/simple_interfaces_pkg/lib/libsimple_interfaces_pkg__rosidl_typesupport_c.so
-- Up-to-date: /home/muhammed-samet-yildiz/ros2_ws/install/simple_interfaces_pkg/lib/libsimple_interfaces_pkg__rosidl_typesupport_fastrtps_cpp.so
-- Up-to-date: /home/muhammed-samet-yildiz/ros2_ws/install/simple_interfaces_pkg/lib/libsimple_interfaces_pkg__rosidl_typesupport_introspection_cpp.so
-- Up-to-date: /home/muhammed-samet-yildiz/ros2_ws/install/simple_interfaces_pkg/lib/libsimple_interfaces_pkg__rosidl_typesupport_cpp.so
Listing '/home/muhammed-samet-yildiz/ros2_ws/install/simple_interfaces_pkg/local/lib/python3.10/dist-packages/simple_interfaces_pkg'...
Listing '/home/muhammed-samet-yildiz/ros2_ws/install/simple_interfaces_pkg/local/lib/python3.10/dist-packages/simple_interfaces_pkg/msg'...
Listing '/home/muhammed-samet-yildiz/ros2_ws/install/simple_interfaces_pkg/local/lib/python3.10/dist-packages/simple_interfaces_pkg/srv'...
-- Up-to-date: /home/muhammed-samet-yildiz/ros2_ws/install/simple_interfaces_pkg/lib/libsimple_interfaces_pkg__rosidl_generator_py.so
-- Up-to-date: /home/muhammed-samet-yildiz/ros2_ws/install/simple_interfaces_pkg/share/simple_interfaces_pkg/cmake/export_simple_interfaces_pkg__rosidl_generator_cExport.cmake
-- Up-to-date: /home/muhammed-samet-yildiz/ros2_ws/install/simple_interfaces_pkg/share/simple_interfaces_pkg/cmake/export_simple_interfaces_pkg__rosidl_generator_cExport-noconfig.cmake
-- Up-to-date: /home/muhammed-samet-yildiz/ros2_ws/install/simple_interfaces_pkg/share/simple_interfaces_pkg/cmake/export_simple_interfaces_pkg__rosidl_typesupport_fastrtps_cExport.cmake
-- Up-to-date: /home/muhammed-samet-yildiz/ros2_ws/install/simple_interfaces_pkg/share/simple_interfaces_pkg/cmake/export_simple_interfaces_pkg__rosidl_typesupport_fastrtps_cExport-noconfig.cmake
-- Up-to-date: /home/muhammed-samet-yildiz/ros2_ws/install/simple_interfaces_pkg/share/simple_interfaces_pkg/cmake/simple_interfaces_pkg__rosidl_typesupport_introspection_cExport.cmake
-- Up-to-date: /home/muhammed-samet-yildiz/ros2_ws/install/simple_interfaces_pkg/share/simple_interfaces_pkg/cmake/simple_interfaces_pkg__rosidl_typesupport_introspection_cExport-noconfig.cmake
-- Up-to-date: /home/muhammed-samet-yildiz/ros2_ws/install/simple_interfaces_pkg/share/simple_interfaces_pkg/cmake/simple_interfaces_pkg__rosidl_typesupport_cExport.cmake
-- Up-to-date: /home/muhammed-samet-yildiz/ros2_ws/install/simple_interfaces_pkg/share/simple_interfaces_pkg/cmake/simple_interfaces_pkg__rosidl_typesupport_cExport-noconfig.cmake
-- Up-to-date: /home/muhammed-samet-yildiz/ros2_ws/install/simple_interfaces_pkg/share/simple_interfaces_pkg/cmake/export_simple_interfaces_pkg__rosidl_generator_cppExport.cmake
-- Up-to-date: /home/muhammed-samet-yildiz/ros2_ws/install/simple_interfaces_pkg/share/simple_interfaces_pkg/cmake/export_simple_interfaces_pkg__rosidl_typesupport_fastrtps_cppExport.cmake
-- Up-to-date: /home/muhammed-samet-yildiz/ros2_ws/install/simple_interfaces_pkg/share/simple_interfaces_pkg/cmake/export_simple_interfaces_pkg__rosidl_typesupport_fastrtps_cppExport-noconfig.cmake
-- Up-to-date: /home/muhammed-samet-yildiz/ros2_ws/install/simple_interfaces_pkg/share/simple_interfaces_pkg/cmake/simple_interfaces_pkg__rosidl_typesupport_introspection_cppExport.cmake
-- Up-to-date: /home/muhammed-samet-yildiz/ros2_ws/install/simple_interfaces_pkg/share/simple_interfaces_pkg/cmake/simple_interfaces_pkg__rosidl_typesupport_introspection_cppExport-noconfig.cmake
-- Up-to-date: /home/muhammed-samet-yildiz/ros2_ws/install/simple_interfaces_pkg/share/simple_interfaces_pkg/cmake/simple_interfaces_pkg__rosidl_typesupport_cppExport.cmake
-- Up-to-date: /home/muhammed-samet-yildiz/ros2_ws/install/simple_interfaces_pkg/share/simple_interfaces_pkg/cmake/simple_interfaces_pkg__rosidl_typesupport_cppExport-noconfig.cmake
-- Up-to-date: /home/muhammed-samet-yildiz/ros2_ws/install/simple_interfaces_pkg/share/simple_interfaces_pkg/cmake/export_simple_interfaces_pkg__rosidl_generator_pyExport.cmake
-- Up-to-date: /home/muhammed-samet-yildiz/ros2_ws/install/simple_interfaces_pkg/share/simple_interfaces_pkg/cmake/export_simple_interfaces_pkg__rosidl_generator_pyExport-noconfig.cmake
