[0.026s] Invoking command in '/home/muhammed-samet-yildiz/ros2_ws/build/simple_interfaces_pkg': CMAKE_PREFIX_PATH=${CMAKE_PREFIX_PATH}:/home/muhammed-samet-yildiz/ros2_ws/install/turtlesim_py_pkg:/home/muhammed-samet-yildiz/ros2_ws/install/simple_py_pkg:/home/muhammed-samet-yildiz/turtlesim_ws/install/turtlesim_py_pkg:/opt/ros/humble /usr/bin/cmake --build /home/muhammed-samet-yildiz/ros2_ws/build/simple_interfaces_pkg -- -j16 -l16
[0.160s] [35m[1mConsolidate compiler generated dependencies of target simple_interfaces_pkg__rosidl_generator_c[0m
[0.174s] [  2%] Built target simple_interfaces_pkg__cpp
[0.184s] [ 12%] Built target simple_interfaces_pkg__rosidl_generator_c
[0.188s] [ 12%] Built target ament_cmake_python_symlink_simple_interfaces_pkg
[0.197s] [35m[1mConsolidate compiler generated dependencies of target simple_interfaces_pkg__rosidl_typesupport_cpp[0m
[0.198s] [35m[1mConsolidate compiler generated dependencies of target simple_interfaces_pkg__rosidl_typesupport_fastrtps_cpp[0m
[0.199s] [35m[1mConsolidate compiler generated dependencies of target simple_interfaces_pkg__rosidl_typesupport_introspection_cpp[0m
[0.210s] [35m[1mConsolidate compiler generated dependencies of target simple_interfaces_pkg__rosidl_typesupport_c[0m
[0.211s] [35m[1mConsolidate compiler generated dependencies of target simple_interfaces_pkg__rosidl_typesupport_introspection_c[0m
[0.213s] [35m[1mConsolidate compiler generated dependencies of target simple_interfaces_pkg__rosidl_typesupport_fastrtps_c[0m
[0.235s] [ 30%] Built target simple_interfaces_pkg__rosidl_typesupport_c
[0.235s] [ 53%] Built target simple_interfaces_pkg__rosidl_typesupport_cpp
[0.235s] [ 53%] Built target simple_interfaces_pkg__rosidl_typesupport_introspection_cpp
[0.235s] [ 53%] Built target simple_interfaces_pkg__rosidl_typesupport_introspection_c
[0.241s] [ 64%] Built target simple_interfaces_pkg__rosidl_typesupport_fastrtps_cpp
[0.247s] [ 74%] Built target simple_interfaces_pkg__rosidl_typesupport_fastrtps_c
[0.286s] [ 74%] Built target simple_interfaces_pkg
[0.332s] [ 76%] Built target simple_interfaces_pkg__py
[0.356s] [35m[1mConsolidate compiler generated dependencies of target simple_interfaces_pkg__rosidl_generator_py[0m
[0.388s] [ 84%] Built target simple_interfaces_pkg__rosidl_generator_py
[0.412s] [35m[1mConsolidate compiler generated dependencies of target simple_interfaces_pkg__rosidl_typesupport_c__pyext[0m
[0.412s] [35m[1mConsolidate compiler generated dependencies of target simple_interfaces_pkg__rosidl_typesupport_fastrtps_c__pyext[0m
[0.419s] [35m[1mConsolidate compiler generated dependencies of target simple_interfaces_pkg__rosidl_typesupport_introspection_c__pyext[0m
[0.439s] [ 94%] Built target simple_interfaces_pkg__rosidl_typesupport_c__pyext
[0.439s] [ 94%] Built target simple_interfaces_pkg__rosidl_typesupport_fastrtps_c__pyext
[0.447s] [100%] Built target simple_interfaces_pkg__rosidl_typesupport_introspection_c__pyext
[0.564s] running egg_info
[0.566s] writing simple_interfaces_pkg.egg-info/PKG-INFO
[0.566s] writing dependency_links to simple_interfaces_pkg.egg-info/dependency_links.txt
[0.567s] writing top-level names to simple_interfaces_pkg.egg-info/top_level.txt
[0.572s] reading manifest file 'simple_interfaces_pkg.egg-info/SOURCES.txt'
[0.573s] writing manifest file 'simple_interfaces_pkg.egg-info/SOURCES.txt'
[0.635s] [100%] Built target ament_cmake_python_build_simple_interfaces_pkg_egg
[0.664s] Invoked command in '/home/muhammed-samet-yildiz/ros2_ws/build/simple_interfaces_pkg' returned '0': CMAKE_PREFIX_PATH=${CMAKE_PREFIX_PATH}:/home/muhammed-samet-yildiz/ros2_ws/install/turtlesim_py_pkg:/home/muhammed-samet-yildiz/ros2_ws/install/simple_py_pkg:/home/muhammed-samet-yildiz/turtlesim_ws/install/turtlesim_py_pkg:/opt/ros/humble /usr/bin/cmake --build /home/muhammed-samet-yildiz/ros2_ws/build/simple_interfaces_pkg -- -j16 -l16
[0.685s] Invoking command in '/home/muhammed-samet-yildiz/ros2_ws/build/simple_interfaces_pkg': CMAKE_PREFIX_PATH=${CMAKE_PREFIX_PATH}:/home/muhammed-samet-yildiz/ros2_ws/install/turtlesim_py_pkg:/home/muhammed-samet-yildiz/ros2_ws/install/simple_py_pkg:/home/muhammed-samet-yildiz/turtlesim_ws/install/turtlesim_py_pkg:/opt/ros/humble /usr/bin/cmake --install /home/muhammed-samet-yildiz/ros2_ws/build/simple_interfaces_pkg
[0.702s] -- Install configuration: ""
[0.703s] -- Execute custom install script
[0.704s] -- Up-to-date symlink: /home/muhammed-samet-yildiz/ros2_ws/install/simple_interfaces_pkg/share/ament_index/resource_index/rosidl_interfaces/simple_interfaces_pkg
[0.706s] -- Up-to-date symlink: /home/muhammed-samet-yildiz/ros2_ws/install/simple_interfaces_pkg/include/simple_interfaces_pkg/simple_interfaces_pkg/msg/components_status.h
[0.706s] -- Up-to-date symlink: /home/muhammed-samet-yildiz/ros2_ws/install/simple_interfaces_pkg/include/simple_interfaces_pkg/simple_interfaces_pkg/msg/detail/components_status__functions.h
[0.707s] -- Up-to-date symlink: /home/muhammed-samet-yildiz/ros2_ws/install/simple_interfaces_pkg/include/simple_interfaces_pkg/simple_interfaces_pkg/msg/detail/components_status__struct.h
[0.707s] -- Up-to-date symlink: /home/muhammed-samet-yildiz/ros2_ws/install/simple_interfaces_pkg/include/simple_interfaces_pkg/simple_interfaces_pkg/msg/detail/components_status__type_support.h
[0.707s] -- Up-to-date symlink: /home/muhammed-samet-yildiz/ros2_ws/install/simple_interfaces_pkg/include/simple_interfaces_pkg/simple_interfaces_pkg/msg/rosidl_generator_c__visibility_control.h
[0.708s] -- Up-to-date symlink: /home/muhammed-samet-yildiz/ros2_ws/install/simple_interfaces_pkg/include/simple_interfaces_pkg/simple_interfaces_pkg/srv/detail/multiply_two_ints__functions.h
[0.708s] -- Up-to-date symlink: /home/muhammed-samet-yildiz/ros2_ws/install/simple_interfaces_pkg/include/simple_interfaces_pkg/simple_interfaces_pkg/srv/detail/multiply_two_ints__struct.h
[0.709s] -- Up-to-date symlink: /home/muhammed-samet-yildiz/ros2_ws/install/simple_interfaces_pkg/include/simple_interfaces_pkg/simple_interfaces_pkg/srv/detail/multiply_two_ints__type_support.h
[0.709s] -- Up-to-date symlink: /home/muhammed-samet-yildiz/ros2_ws/install/simple_interfaces_pkg/include/simple_interfaces_pkg/simple_interfaces_pkg/srv/multiply_two_ints.h
[0.709s] -- Up-to-date symlink: /home/muhammed-samet-yildiz/ros2_ws/install/simple_interfaces_pkg/share/simple_interfaces_pkg/environment/library_path.sh
[0.710s] -- Up-to-date symlink: /home/muhammed-samet-yildiz/ros2_ws/install/simple_interfaces_pkg/share/simple_interfaces_pkg/environment/library_path.dsv
[0.711s] -- Up-to-date symlink: /home/muhammed-samet-yildiz/ros2_ws/install/simple_interfaces_pkg/include/simple_interfaces_pkg/simple_interfaces_pkg/msg/detail/components_status__rosidl_typesupport_fastrtps_c.h
[0.711s] -- Up-to-date symlink: /home/muhammed-samet-yildiz/ros2_ws/install/simple_interfaces_pkg/include/simple_interfaces_pkg/simple_interfaces_pkg/msg/rosidl_typesupport_fastrtps_c__visibility_control.h
[0.711s] -- Up-to-date symlink: /home/muhammed-samet-yildiz/ros2_ws/install/simple_interfaces_pkg/include/simple_interfaces_pkg/simple_interfaces_pkg/srv/detail/multiply_two_ints__rosidl_typesupport_fastrtps_c.h
[0.712s] -- Up-to-date symlink: /home/muhammed-samet-yildiz/ros2_ws/install/simple_interfaces_pkg/include/simple_interfaces_pkg/simple_interfaces_pkg/msg/detail/components_status__rosidl_typesupport_introspection_c.h
[0.712s] -- Up-to-date symlink: /home/muhammed-samet-yildiz/ros2_ws/install/simple_interfaces_pkg/include/simple_interfaces_pkg/simple_interfaces_pkg/msg/rosidl_typesupport_introspection_c__visibility_control.h
[0.713s] -- Up-to-date symlink: /home/muhammed-samet-yildiz/ros2_ws/install/simple_interfaces_pkg/include/simple_interfaces_pkg/simple_interfaces_pkg/srv/detail/multiply_two_ints__rosidl_typesupport_introspection_c.h
[0.715s] -- Up-to-date symlink: /home/muhammed-samet-yildiz/ros2_ws/install/simple_interfaces_pkg/include/simple_interfaces_pkg/simple_interfaces_pkg/msg/components_status.hpp
[0.715s] -- Up-to-date symlink: /home/muhammed-samet-yildiz/ros2_ws/install/simple_interfaces_pkg/include/simple_interfaces_pkg/simple_interfaces_pkg/msg/detail/components_status__builder.hpp
[0.716s] -- Up-to-date symlink: /home/muhammed-samet-yildiz/ros2_ws/install/simple_interfaces_pkg/include/simple_interfaces_pkg/simple_interfaces_pkg/msg/detail/components_status__struct.hpp
[0.716s] -- Up-to-date symlink: /home/muhammed-samet-yildiz/ros2_ws/install/simple_interfaces_pkg/include/simple_interfaces_pkg/simple_interfaces_pkg/msg/detail/components_status__traits.hpp
[0.717s] -- Up-to-date symlink: /home/muhammed-samet-yildiz/ros2_ws/install/simple_interfaces_pkg/include/simple_interfaces_pkg/simple_interfaces_pkg/msg/detail/components_status__type_support.hpp
[0.718s] -- Up-to-date symlink: /home/muhammed-samet-yildiz/ros2_ws/install/simple_interfaces_pkg/include/simple_interfaces_pkg/simple_interfaces_pkg/msg/rosidl_generator_cpp__visibility_control.hpp
[0.718s] -- Up-to-date symlink: /home/muhammed-samet-yildiz/ros2_ws/install/simple_interfaces_pkg/include/simple_interfaces_pkg/simple_interfaces_pkg/srv/detail/multiply_two_ints__builder.hpp
[0.719s] -- Up-to-date symlink: /home/muhammed-samet-yildiz/ros2_ws/install/simple_interfaces_pkg/include/simple_interfaces_pkg/simple_interfaces_pkg/srv/detail/multiply_two_ints__struct.hpp
[0.719s] -- Up-to-date symlink: /home/muhammed-samet-yildiz/ros2_ws/install/simple_interfaces_pkg/include/simple_interfaces_pkg/simple_interfaces_pkg/srv/detail/multiply_two_ints__traits.hpp
[0.720s] -- Up-to-date symlink: /home/muhammed-samet-yildiz/ros2_ws/install/simple_interfaces_pkg/include/simple_interfaces_pkg/simple_interfaces_pkg/srv/detail/multiply_two_ints__type_support.hpp
[0.720s] -- Up-to-date symlink: /home/muhammed-samet-yildiz/ros2_ws/install/simple_interfaces_pkg/include/simple_interfaces_pkg/simple_interfaces_pkg/srv/multiply_two_ints.hpp
[0.722s] -- Up-to-date symlink: /home/muhammed-samet-yildiz/ros2_ws/install/simple_interfaces_pkg/include/simple_interfaces_pkg/simple_interfaces_pkg/msg/detail/components_status__rosidl_typesupport_fastrtps_cpp.hpp
[0.722s] -- Up-to-date symlink: /home/muhammed-samet-yildiz/ros2_ws/install/simple_interfaces_pkg/include/simple_interfaces_pkg/simple_interfaces_pkg/msg/rosidl_typesupport_fastrtps_cpp__visibility_control.h
[0.722s] -- Up-to-date symlink: /home/muhammed-samet-yildiz/ros2_ws/install/simple_interfaces_pkg/include/simple_interfaces_pkg/simple_interfaces_pkg/srv/detail/multiply_two_ints__rosidl_typesupport_fastrtps_cpp.hpp
[0.723s] -- Up-to-date symlink: /home/muhammed-samet-yildiz/ros2_ws/install/simple_interfaces_pkg/include/simple_interfaces_pkg/simple_interfaces_pkg/msg/detail/components_status__rosidl_typesupport_introspection_cpp.hpp
[0.724s] -- Up-to-date symlink: /home/muhammed-samet-yildiz/ros2_ws/install/simple_interfaces_pkg/include/simple_interfaces_pkg/simple_interfaces_pkg/srv/detail/multiply_two_ints__rosidl_typesupport_introspection_cpp.hpp
[0.725s] -- Up-to-date symlink: /home/muhammed-samet-yildiz/ros2_ws/install/simple_interfaces_pkg/share/simple_interfaces_pkg/environment/pythonpath.sh
[0.725s] -- Up-to-date symlink: /home/muhammed-samet-yildiz/ros2_ws/install/simple_interfaces_pkg/share/simple_interfaces_pkg/environment/pythonpath.dsv
[0.726s] -- Up-to-date symlink: /home/muhammed-samet-yildiz/ros2_ws/install/simple_interfaces_pkg/local/lib/python3.10/dist-packages/simple_interfaces_pkg-0.0.0-py3.10.egg-info/PKG-INFO
[0.727s] -- Up-to-date symlink: /home/muhammed-samet-yildiz/ros2_ws/install/simple_interfaces_pkg/local/lib/python3.10/dist-packages/simple_interfaces_pkg-0.0.0-py3.10.egg-info/SOURCES.txt
[0.728s] -- Up-to-date symlink: /home/muhammed-samet-yildiz/ros2_ws/install/simple_interfaces_pkg/local/lib/python3.10/dist-packages/simple_interfaces_pkg-0.0.0-py3.10.egg-info/dependency_links.txt
[0.729s] -- Up-to-date symlink: /home/muhammed-samet-yildiz/ros2_ws/install/simple_interfaces_pkg/local/lib/python3.10/dist-packages/simple_interfaces_pkg-0.0.0-py3.10.egg-info/top_level.txt
[0.731s] -- Up-to-date symlink: /home/muhammed-samet-yildiz/ros2_ws/install/simple_interfaces_pkg/local/lib/python3.10/dist-packages/simple_interfaces_pkg/__init__.py
[0.731s] -- Up-to-date symlink: /home/muhammed-samet-yildiz/ros2_ws/install/simple_interfaces_pkg/local/lib/python3.10/dist-packages/simple_interfaces_pkg/_simple_interfaces_pkg_s.ep.rosidl_typesupport_c.c
[0.732s] -- Up-to-date symlink: /home/muhammed-samet-yildiz/ros2_ws/install/simple_interfaces_pkg/local/lib/python3.10/dist-packages/simple_interfaces_pkg/_simple_interfaces_pkg_s.ep.rosidl_typesupport_fastrtps_c.c
[0.732s] -- Up-to-date symlink: /home/muhammed-samet-yildiz/ros2_ws/install/simple_interfaces_pkg/local/lib/python3.10/dist-packages/simple_interfaces_pkg/_simple_interfaces_pkg_s.ep.rosidl_typesupport_introspection_c.c
[0.732s] -- Up-to-date symlink: /home/muhammed-samet-yildiz/ros2_ws/install/simple_interfaces_pkg/local/lib/python3.10/dist-packages/simple_interfaces_pkg/libsimple_interfaces_pkg__rosidl_generator_py.so
[0.732s] -- Up-to-date symlink: /home/muhammed-samet-yildiz/ros2_ws/install/simple_interfaces_pkg/local/lib/python3.10/dist-packages/simple_interfaces_pkg/msg/__init__.py
[0.733s] -- Up-to-date symlink: /home/muhammed-samet-yildiz/ros2_ws/install/simple_interfaces_pkg/local/lib/python3.10/dist-packages/simple_interfaces_pkg/msg/_components_status.py
[0.733s] -- Up-to-date symlink: /home/muhammed-samet-yildiz/ros2_ws/install/simple_interfaces_pkg/local/lib/python3.10/dist-packages/simple_interfaces_pkg/msg/_components_status_s.c
[0.734s] -- Up-to-date symlink: /home/muhammed-samet-yildiz/ros2_ws/install/simple_interfaces_pkg/local/lib/python3.10/dist-packages/simple_interfaces_pkg/simple_interfaces_pkg_s__rosidl_typesupport_c.cpython-310-x86_64-linux-gnu.so
[0.734s] -- Up-to-date symlink: /home/muhammed-samet-yildiz/ros2_ws/install/simple_interfaces_pkg/local/lib/python3.10/dist-packages/simple_interfaces_pkg/simple_interfaces_pkg_s__rosidl_typesupport_fastrtps_c.cpython-310-x86_64-linux-gnu.so
[0.734s] -- Up-to-date symlink: /home/muhammed-samet-yildiz/ros2_ws/install/simple_interfaces_pkg/local/lib/python3.10/dist-packages/simple_interfaces_pkg/simple_interfaces_pkg_s__rosidl_typesupport_introspection_c.cpython-310-x86_64-linux-gnu.so
[0.735s] -- Up-to-date symlink: /home/muhammed-samet-yildiz/ros2_ws/install/simple_interfaces_pkg/local/lib/python3.10/dist-packages/simple_interfaces_pkg/srv/__init__.py
[0.735s] -- Up-to-date symlink: /home/muhammed-samet-yildiz/ros2_ws/install/simple_interfaces_pkg/local/lib/python3.10/dist-packages/simple_interfaces_pkg/srv/_multiply_two_ints.py
[0.735s] -- Up-to-date symlink: /home/muhammed-samet-yildiz/ros2_ws/install/simple_interfaces_pkg/local/lib/python3.10/dist-packages/simple_interfaces_pkg/srv/_multiply_two_ints_s.c
[0.736s] -- Up-to-date symlink: /home/muhammed-samet-yildiz/ros2_ws/install/simple_interfaces_pkg/local/lib/python3.10/dist-packages/simple_interfaces_pkg/simple_interfaces_pkg_s__rosidl_typesupport_fastrtps_c.cpython-310-x86_64-linux-gnu.so
[0.737s] -- Up-to-date symlink: /home/muhammed-samet-yildiz/ros2_ws/install/simple_interfaces_pkg/local/lib/python3.10/dist-packages/simple_interfaces_pkg/simple_interfaces_pkg_s__rosidl_typesupport_introspection_c.cpython-310-x86_64-linux-gnu.so
[0.738s] -- Up-to-date symlink: /home/muhammed-samet-yildiz/ros2_ws/install/simple_interfaces_pkg/local/lib/python3.10/dist-packages/simple_interfaces_pkg/simple_interfaces_pkg_s__rosidl_typesupport_c.cpython-310-x86_64-linux-gnu.so
[0.738s] -- Up-to-date symlink: /home/muhammed-samet-yildiz/ros2_ws/install/simple_interfaces_pkg/share/simple_interfaces_pkg/msg/ComponentsStatus.idl
[0.739s] -- Up-to-date symlink: /home/muhammed-samet-yildiz/ros2_ws/install/simple_interfaces_pkg/share/simple_interfaces_pkg/srv/MultiplyTwoInts.idl
[0.739s] -- Up-to-date symlink: /home/muhammed-samet-yildiz/ros2_ws/install/simple_interfaces_pkg/share/simple_interfaces_pkg/msg/ComponentsStatus.msg
[0.740s] -- Up-to-date symlink: /home/muhammed-samet-yildiz/ros2_ws/install/simple_interfaces_pkg/share/simple_interfaces_pkg/srv/MultiplyTwoInts.srv
[0.740s] -- Up-to-date symlink: /home/muhammed-samet-yildiz/ros2_ws/install/simple_interfaces_pkg/share/simple_interfaces_pkg/srv/MultiplyTwoInts_Request.msg
[0.740s] -- Up-to-date symlink: /home/muhammed-samet-yildiz/ros2_ws/install/simple_interfaces_pkg/share/simple_interfaces_pkg/srv/MultiplyTwoInts_Response.msg
[0.741s] -- Up-to-date symlink: /home/muhammed-samet-yildiz/ros2_ws/install/simple_interfaces_pkg/share/ament_index/resource_index/package_run_dependencies/simple_interfaces_pkg
[0.741s] -- Up-to-date symlink: /home/muhammed-samet-yildiz/ros2_ws/install/simple_interfaces_pkg/share/ament_index/resource_index/parent_prefix_path/simple_interfaces_pkg
[0.742s] -- Up-to-date symlink: /home/muhammed-samet-yildiz/ros2_ws/install/simple_interfaces_pkg/share/simple_interfaces_pkg/environment/ament_prefix_path.sh
[0.742s] -- Up-to-date symlink: /home/muhammed-samet-yildiz/ros2_ws/install/simple_interfaces_pkg/share/simple_interfaces_pkg/environment/ament_prefix_path.dsv
[0.742s] -- Up-to-date symlink: /home/muhammed-samet-yildiz/ros2_ws/install/simple_interfaces_pkg/share/simple_interfaces_pkg/environment/path.sh
[0.743s] -- Up-to-date symlink: /home/muhammed-samet-yildiz/ros2_ws/install/simple_interfaces_pkg/share/simple_interfaces_pkg/environment/path.dsv
[0.743s] -- Up-to-date symlink: /home/muhammed-samet-yildiz/ros2_ws/install/simple_interfaces_pkg/share/simple_interfaces_pkg/local_setup.bash
[0.744s] -- Up-to-date symlink: /home/muhammed-samet-yildiz/ros2_ws/install/simple_interfaces_pkg/share/simple_interfaces_pkg/local_setup.sh
[0.744s] -- Up-to-date symlink: /home/muhammed-samet-yildiz/ros2_ws/install/simple_interfaces_pkg/share/simple_interfaces_pkg/local_setup.zsh
[0.744s] -- Up-to-date symlink: /home/muhammed-samet-yildiz/ros2_ws/install/simple_interfaces_pkg/share/simple_interfaces_pkg/local_setup.dsv
[0.744s] -- Symlinking: /home/muhammed-samet-yildiz/ros2_ws/install/simple_interfaces_pkg/share/simple_interfaces_pkg/package.dsv
[0.761s] -- Up-to-date symlink: /home/muhammed-samet-yildiz/ros2_ws/install/simple_interfaces_pkg/share/ament_index/resource_index/packages/simple_interfaces_pkg
[0.762s] -- Up-to-date symlink: /home/muhammed-samet-yildiz/ros2_ws/install/simple_interfaces_pkg/share/simple_interfaces_pkg/cmake/rosidl_cmake-extras.cmake
[0.762s] -- Up-to-date symlink: /home/muhammed-samet-yildiz/ros2_ws/install/simple_interfaces_pkg/share/simple_interfaces_pkg/cmake/ament_cmake_export_include_directories-extras.cmake
[0.763s] -- Up-to-date symlink: /home/muhammed-samet-yildiz/ros2_ws/install/simple_interfaces_pkg/share/simple_interfaces_pkg/cmake/ament_cmake_export_libraries-extras.cmake
[0.763s] -- Up-to-date symlink: /home/muhammed-samet-yildiz/ros2_ws/install/simple_interfaces_pkg/share/simple_interfaces_pkg/cmake/ament_cmake_export_targets-extras.cmake
[0.764s] -- Up-to-date symlink: /home/muhammed-samet-yildiz/ros2_ws/install/simple_interfaces_pkg/share/simple_interfaces_pkg/cmake/rosidl_cmake_export_typesupport_targets-extras.cmake
[0.764s] -- Up-to-date symlink: /home/muhammed-samet-yildiz/ros2_ws/install/simple_interfaces_pkg/share/simple_interfaces_pkg/cmake/ament_cmake_export_dependencies-extras.cmake
[0.765s] -- Up-to-date symlink: /home/muhammed-samet-yildiz/ros2_ws/install/simple_interfaces_pkg/share/simple_interfaces_pkg/cmake/rosidl_cmake_export_typesupport_libraries-extras.cmake
[0.765s] -- Up-to-date symlink: /home/muhammed-samet-yildiz/ros2_ws/install/simple_interfaces_pkg/share/simple_interfaces_pkg/cmake/simple_interfaces_pkgConfig.cmake
[0.765s] -- Up-to-date symlink: /home/muhammed-samet-yildiz/ros2_ws/install/simple_interfaces_pkg/share/simple_interfaces_pkg/cmake/simple_interfaces_pkgConfig-version.cmake
[0.766s] -- Up-to-date symlink: /home/muhammed-samet-yildiz/ros2_ws/install/simple_interfaces_pkg/share/simple_interfaces_pkg/package.xml
[0.767s] -- Up-to-date: /home/muhammed-samet-yildiz/ros2_ws/install/simple_interfaces_pkg/lib/libsimple_interfaces_pkg__rosidl_generator_c.so
[0.768s] -- Up-to-date: /home/muhammed-samet-yildiz/ros2_ws/install/simple_interfaces_pkg/lib/libsimple_interfaces_pkg__rosidl_typesupport_fastrtps_c.so
[0.769s] -- Up-to-date: /home/muhammed-samet-yildiz/ros2_ws/install/simple_interfaces_pkg/lib/libsimple_interfaces_pkg__rosidl_typesupport_introspection_c.so
[0.770s] -- Up-to-date: /home/muhammed-samet-yildiz/ros2_ws/install/simple_interfaces_pkg/lib/libsimple_interfaces_pkg__rosidl_typesupport_c.so
[0.771s] -- Up-to-date: /home/muhammed-samet-yildiz/ros2_ws/install/simple_interfaces_pkg/lib/libsimple_interfaces_pkg__rosidl_typesupport_fastrtps_cpp.so
[0.772s] -- Up-to-date: /home/muhammed-samet-yildiz/ros2_ws/install/simple_interfaces_pkg/lib/libsimple_interfaces_pkg__rosidl_typesupport_introspection_cpp.so
[0.773s] -- Up-to-date: /home/muhammed-samet-yildiz/ros2_ws/install/simple_interfaces_pkg/lib/libsimple_interfaces_pkg__rosidl_typesupport_cpp.so
[0.837s] Listing '/home/muhammed-samet-yildiz/ros2_ws/install/simple_interfaces_pkg/local/lib/python3.10/dist-packages/simple_interfaces_pkg'...
[0.837s] Listing '/home/muhammed-samet-yildiz/ros2_ws/install/simple_interfaces_pkg/local/lib/python3.10/dist-packages/simple_interfaces_pkg/msg'...
[0.837s] Listing '/home/muhammed-samet-yildiz/ros2_ws/install/simple_interfaces_pkg/local/lib/python3.10/dist-packages/simple_interfaces_pkg/srv'...
[0.849s] -- Up-to-date: /home/muhammed-samet-yildiz/ros2_ws/install/simple_interfaces_pkg/lib/libsimple_interfaces_pkg__rosidl_generator_py.so
[0.851s] -- Up-to-date: /home/muhammed-samet-yildiz/ros2_ws/install/simple_interfaces_pkg/share/simple_interfaces_pkg/cmake/export_simple_interfaces_pkg__rosidl_generator_cExport.cmake
[0.851s] -- Up-to-date: /home/muhammed-samet-yildiz/ros2_ws/install/simple_interfaces_pkg/share/simple_interfaces_pkg/cmake/export_simple_interfaces_pkg__rosidl_generator_cExport-noconfig.cmake
[0.852s] -- Up-to-date: /home/muhammed-samet-yildiz/ros2_ws/install/simple_interfaces_pkg/share/simple_interfaces_pkg/cmake/export_simple_interfaces_pkg__rosidl_typesupport_fastrtps_cExport.cmake
[0.852s] -- Up-to-date: /home/muhammed-samet-yildiz/ros2_ws/install/simple_interfaces_pkg/share/simple_interfaces_pkg/cmake/export_simple_interfaces_pkg__rosidl_typesupport_fastrtps_cExport-noconfig.cmake
[0.853s] -- Up-to-date: /home/muhammed-samet-yildiz/ros2_ws/install/simple_interfaces_pkg/share/simple_interfaces_pkg/cmake/simple_interfaces_pkg__rosidl_typesupport_introspection_cExport.cmake
[0.853s] -- Up-to-date: /home/muhammed-samet-yildiz/ros2_ws/install/simple_interfaces_pkg/share/simple_interfaces_pkg/cmake/simple_interfaces_pkg__rosidl_typesupport_introspection_cExport-noconfig.cmake
[0.853s] -- Up-to-date: /home/muhammed-samet-yildiz/ros2_ws/install/simple_interfaces_pkg/share/simple_interfaces_pkg/cmake/simple_interfaces_pkg__rosidl_typesupport_cExport.cmake
[0.854s] -- Up-to-date: /home/muhammed-samet-yildiz/ros2_ws/install/simple_interfaces_pkg/share/simple_interfaces_pkg/cmake/simple_interfaces_pkg__rosidl_typesupport_cExport-noconfig.cmake
[0.854s] -- Up-to-date: /home/muhammed-samet-yildiz/ros2_ws/install/simple_interfaces_pkg/share/simple_interfaces_pkg/cmake/export_simple_interfaces_pkg__rosidl_generator_cppExport.cmake
[0.855s] -- Up-to-date: /home/muhammed-samet-yildiz/ros2_ws/install/simple_interfaces_pkg/share/simple_interfaces_pkg/cmake/export_simple_interfaces_pkg__rosidl_typesupport_fastrtps_cppExport.cmake
[0.856s] -- Up-to-date: /home/muhammed-samet-yildiz/ros2_ws/install/simple_interfaces_pkg/share/simple_interfaces_pkg/cmake/export_simple_interfaces_pkg__rosidl_typesupport_fastrtps_cppExport-noconfig.cmake
[0.856s] -- Up-to-date: /home/muhammed-samet-yildiz/ros2_ws/install/simple_interfaces_pkg/share/simple_interfaces_pkg/cmake/simple_interfaces_pkg__rosidl_typesupport_introspection_cppExport.cmake
[0.856s] -- Up-to-date: /home/muhammed-samet-yildiz/ros2_ws/install/simple_interfaces_pkg/share/simple_interfaces_pkg/cmake/simple_interfaces_pkg__rosidl_typesupport_introspection_cppExport-noconfig.cmake
[0.856s] -- Up-to-date: /home/muhammed-samet-yildiz/ros2_ws/install/simple_interfaces_pkg/share/simple_interfaces_pkg/cmake/simple_interfaces_pkg__rosidl_typesupport_cppExport.cmake
[0.857s] -- Up-to-date: /home/muhammed-samet-yildiz/ros2_ws/install/simple_interfaces_pkg/share/simple_interfaces_pkg/cmake/simple_interfaces_pkg__rosidl_typesupport_cppExport-noconfig.cmake
[0.857s] -- Up-to-date: /home/muhammed-samet-yildiz/ros2_ws/install/simple_interfaces_pkg/share/simple_interfaces_pkg/cmake/export_simple_interfaces_pkg__rosidl_generator_pyExport.cmake
[0.857s] -- Up-to-date: /home/muhammed-samet-yildiz/ros2_ws/install/simple_interfaces_pkg/share/simple_interfaces_pkg/cmake/export_simple_interfaces_pkg__rosidl_generator_pyExport-noconfig.cmake
[0.863s] Invoked command in '/home/muhammed-samet-yildiz/ros2_ws/build/simple_interfaces_pkg' returned '0': CMAKE_PREFIX_PATH=${CMAKE_PREFIX_PATH}:/home/muhammed-samet-yildiz/ros2_ws/install/turtlesim_py_pkg:/home/muhammed-samet-yildiz/ros2_ws/install/simple_py_pkg:/home/muhammed-samet-yildiz/turtlesim_ws/install/turtlesim_py_pkg:/opt/ros/humble /usr/bin/cmake --install /home/muhammed-samet-yildiz/ros2_ws/build/simple_interfaces_pkg
