[0.562s] Invoking command in '/home/muhammed-samet-yildiz/turtlesim_ws/src/turtlesim_py_pkg': PYTHONPATH=/home/muhammed-samet-yildiz/turtlesim_ws/build/turtlesim_py_pkg/prefix_override:/usr/lib/python3/dist-packages/colcon_core/task/python/colcon_distutils_commands:/home/muhammed-samet-yildiz/turtlesim_ws/install/turtlesim_py_pkg/lib/python3.10/site-packages:${PYTHONPATH} /usr/bin/python3 -W ignore:setup.py install is deprecated -W ignore:easy_install command is deprecated setup.py egg_info --egg-base ../../build/turtlesim_py_pkg build --build-base /home/muhammed-samet-yildiz/turtlesim_ws/build/turtlesim_py_pkg/build install --record /home/muhammed-samet-yildiz/turtlesim_ws/build/turtlesim_py_pkg/install.log --single-version-externally-managed install_data
[0.770s] running egg_info
[0.770s] creating ../../build/turtlesim_py_pkg/turtlesim_py_pkg.egg-info
[0.770s] writing ../../build/turtlesim_py_pkg/turtlesim_py_pkg.egg-info/PKG-INFO
[0.770s] writing dependency_links to ../../build/turtlesim_py_pkg/turtlesim_py_pkg.egg-info/dependency_links.txt
[0.771s] writing entry points to ../../build/turtlesim_py_pkg/turtlesim_py_pkg.egg-info/entry_points.txt
[0.771s] writing requirements to ../../build/turtlesim_py_pkg/turtlesim_py_pkg.egg-info/requires.txt
[0.771s] writing top-level names to ../../build/turtlesim_py_pkg/turtlesim_py_pkg.egg-info/top_level.txt
[0.771s] writing manifest file '../../build/turtlesim_py_pkg/turtlesim_py_pkg.egg-info/SOURCES.txt'
[0.774s] reading manifest file '../../build/turtlesim_py_pkg/turtlesim_py_pkg.egg-info/SOURCES.txt'
[0.774s] writing manifest file '../../build/turtlesim_py_pkg/turtlesim_py_pkg.egg-info/SOURCES.txt'
[0.775s] running build
[0.775s] running build_py
[0.775s] creating /home/muhammed-samet-yildiz/turtlesim_ws/build/turtlesim_py_pkg/build
[0.775s] creating /home/muhammed-samet-yildiz/turtlesim_ws/build/turtlesim_py_pkg/build/lib
[0.775s] creating /home/muhammed-samet-yildiz/turtlesim_ws/build/turtlesim_py_pkg/build/lib/turtlesim_py_pkg
[0.775s] copying turtlesim_py_pkg/__init__.py -> /home/muhammed-samet-yildiz/turtlesim_ws/build/turtlesim_py_pkg/build/lib/turtlesim_py_pkg
[0.776s] running install
[0.776s] running install_lib
[0.776s] creating /home/muhammed-samet-yildiz/turtlesim_ws/install/turtlesim_py_pkg/lib/python3.10/site-packages/turtlesim_py_pkg
[0.776s] copying /home/muhammed-samet-yildiz/turtlesim_ws/build/turtlesim_py_pkg/build/lib/turtlesim_py_pkg/__init__.py -> /home/muhammed-samet-yildiz/turtlesim_ws/install/turtlesim_py_pkg/lib/python3.10/site-packages/turtlesim_py_pkg
[0.776s] byte-compiling /home/muhammed-samet-yildiz/turtlesim_ws/install/turtlesim_py_pkg/lib/python3.10/site-packages/turtlesim_py_pkg/__init__.py to __init__.cpython-310.pyc
[0.777s] running install_data
[0.777s] creating /home/muhammed-samet-yildiz/turtlesim_ws/install/turtlesim_py_pkg/share/ament_index
[0.777s] creating /home/muhammed-samet-yildiz/turtlesim_ws/install/turtlesim_py_pkg/share/ament_index/resource_index
[0.777s] creating /home/muhammed-samet-yildiz/turtlesim_ws/install/turtlesim_py_pkg/share/ament_index/resource_index/packages
[0.777s] copying resource/turtlesim_py_pkg -> /home/muhammed-samet-yildiz/turtlesim_ws/install/turtlesim_py_pkg/share/ament_index/resource_index/packages
[0.777s] copying package.xml -> /home/muhammed-samet-yildiz/turtlesim_ws/install/turtlesim_py_pkg/share/turtlesim_py_pkg
[0.777s] running install_egg_info
[0.778s] Copying ../../build/turtlesim_py_pkg/turtlesim_py_pkg.egg-info to /home/muhammed-samet-yildiz/turtlesim_ws/install/turtlesim_py_pkg/lib/python3.10/site-packages/turtlesim_py_pkg-0.0.0-py3.10.egg-info
[0.779s] running install_scripts
[0.801s] writing list of installed files to '/home/muhammed-samet-yildiz/turtlesim_ws/build/turtlesim_py_pkg/install.log'
[0.854s] Invoked command in '/home/muhammed-samet-yildiz/turtlesim_ws/src/turtlesim_py_pkg' returned '0': PYTHONPATH=/home/muhammed-samet-yildiz/turtlesim_ws/build/turtlesim_py_pkg/prefix_override:/usr/lib/python3/dist-packages/colcon_core/task/python/colcon_distutils_commands:/home/muhammed-samet-yildiz/turtlesim_ws/install/turtlesim_py_pkg/lib/python3.10/site-packages:${PYTHONPATH} /usr/bin/python3 -W ignore:setup.py install is deprecated -W ignore:easy_install command is deprecated setup.py egg_info --egg-base ../../build/turtlesim_py_pkg build --build-base /home/muhammed-samet-yildiz/turtlesim_ws/build/turtlesim_py_pkg/build install --record /home/muhammed-samet-yildiz/turtlesim_ws/build/turtlesim_py_pkg/install.log --single-version-externally-managed install_data
