[0.610s] Invoking command in '/home/muhammed-samet-yildiz/ros2_ws/build/simple_py_pkg': PYTHONPATH=/home/muhammed-samet-yildiz/ros2_ws/build/simple_py_pkg/prefix_override:/usr/lib/python3/dist-packages/colcon_core/task/python/colcon_distutils_commands:/home/muhammed-samet-yildiz/ros2_ws/install/simple_py_pkg/lib/python3.10/site-packages:${PYTHONPATH} /usr/bin/python3 -W ignore:setup.py install is deprecated -W ignore:easy_install command is deprecated setup.py develop --editable --build-directory /home/muhammed-samet-yildiz/ros2_ws/build/simple_py_pkg/build --no-deps symlink_data --force
[0.864s] running develop
[0.993s] running egg_info
[0.994s] writing simple_py_pkg.egg-info/PKG-INFO
[0.994s] writing dependency_links to simple_py_pkg.egg-info/dependency_links.txt
[0.994s] writing entry points to simple_py_pkg.egg-info/entry_points.txt
[0.994s] writing requirements to simple_py_pkg.egg-info/requires.txt
[0.994s] writing top-level names to simple_py_pkg.egg-info/top_level.txt
[0.996s] reading manifest file 'simple_py_pkg.egg-info/SOURCES.txt'
[1.005s] writing manifest file 'simple_py_pkg.egg-info/SOURCES.txt'
[1.006s] running build_ext
[1.006s] Creating /home/muhammed-samet-yildiz/ros2_ws/install/simple_py_pkg/lib/python3.10/site-packages/simple-py-pkg.egg-link (link to .)
[1.007s] Installing add_two_ints_client_node script to /home/muhammed-samet-yildiz/ros2_ws/install/simple_py_pkg/lib/simple_py_pkg
[1.007s] Installing add_two_ints_server_node script to /home/muhammed-samet-yildiz/ros2_ws/install/simple_py_pkg/lib/simple_py_pkg
[1.007s] Installing channel_node script to /home/muhammed-samet-yildiz/ros2_ws/install/simple_py_pkg/lib/simple_py_pkg
[1.008s] Installing counter_node script to /home/muhammed-samet-yildiz/ros2_ws/install/simple_py_pkg/lib/simple_py_pkg
[1.008s] Installing py_node script to /home/muhammed-samet-yildiz/ros2_ws/install/simple_py_pkg/lib/simple_py_pkg
[1.008s] Installing remote_controller_node script to /home/muhammed-samet-yildiz/ros2_ws/install/simple_py_pkg/lib/simple_py_pkg
[1.008s] Installing television_node script to /home/muhammed-samet-yildiz/ros2_ws/install/simple_py_pkg/lib/simple_py_pkg
[1.008s] 
[1.009s] Installed /home/muhammed-samet-yildiz/ros2_ws/build/simple_py_pkg
[1.009s] running symlink_data
[1.009s] symbolically linking /home/muhammed-samet-yildiz/ros2_ws/build/simple_py_pkg/resource/simple_py_pkg -> /home/muhammed-samet-yildiz/ros2_ws/install/simple_py_pkg/share/ament_index/resource_index/packages
[1.009s] symbolically linking /home/muhammed-samet-yildiz/ros2_ws/build/simple_py_pkg/package.xml -> /home/muhammed-samet-yildiz/ros2_ws/install/simple_py_pkg/share/simple_py_pkg
[1.059s] Invoked command in '/home/muhammed-samet-yildiz/ros2_ws/build/simple_py_pkg' returned '0': PYTHONPATH=/home/muhammed-samet-yildiz/ros2_ws/build/simple_py_pkg/prefix_override:/usr/lib/python3/dist-packages/colcon_core/task/python/colcon_distutils_commands:/home/muhammed-samet-yildiz/ros2_ws/install/simple_py_pkg/lib/python3.10/site-packages:${PYTHONPATH} /usr/bin/python3 -W ignore:setup.py install is deprecated -W ignore:easy_install command is deprecated setup.py develop --editable --build-directory /home/muhammed-samet-yildiz/ros2_ws/build/simple_py_pkg/build --no-deps symlink_data --force
