[0.144s] DEBUG:colcon:Command line arguments: ['/usr/bin/colcon', 'build']
[0.144s] DEBUG:colcon:Parsed command line arguments: Namespace(log_base=None, log_level=None, verb_name='build', build_base='build', install_base='install', merge_install=False, symlink_install=False, test_result_base=None, continue_on_error=False, executor='parallel', parallel_workers=16, event_handlers=None, ignore_user_meta=False, metas=['./colcon.meta'], base_paths=['.'], packages_ignore=None, packages_ignore_regex=None, paths=None, packages_up_to=None, packages_up_to_regex=None, packages_above=None, packages_above_and_dependencies=None, packages_above_depth=None, packages_select_by_dep=None, packages_skip_by_dep=None, packages_skip_up_to=None, packages_select_build_failed=False, packages_skip_build_finished=False, packages_select_test_failures=False, packages_skip_test_passed=False, packages_select=None, packages_skip=None, packages_select_regex=None, packages_skip_regex=None, packages_start=None, packages_end=None, allow_overriding=[], cmake_args=None, cmake_target=None, cmake_target_skip_unavailable=False, cmake_clean_cache=False, cmake_clean_first=False, cmake_force_configure=False, ament_cmake_args=None, catkin_cmake_args=None, catkin_skip_building_tests=False, verb_parser=<colcon_defaults.argument_parser.defaults.DefaultArgumentsDecorator object at 0x799b6412f8e0>, verb_extension=<colcon_core.verb.build.BuildVerb object at 0x799b6412f370>, main=<bound method BuildVerb.main of <colcon_core.verb.build.BuildVerb object at 0x799b6412f370>>)
[0.358s] Level 1:colcon.colcon_core.package_discovery:discover_packages(colcon_meta) check parameters
[0.358s] Level 1:colcon.colcon_core.package_discovery:discover_packages(recursive) check parameters
[0.358s] Level 1:colcon.colcon_core.package_discovery:discover_packages(ignore) check parameters
[0.358s] Level 1:colcon.colcon_core.package_discovery:discover_packages(path) check parameters
[0.358s] Level 1:colcon.colcon_core.package_discovery:discover_packages(colcon_meta) discover
[0.358s] Level 1:colcon.colcon_core.package_discovery:discover_packages(recursive) discover
[0.358s] INFO:colcon.colcon_core.package_discovery:Crawling recursively for packages in '/home/muhammed-samet-yildiz/ros2_ws'
[0.358s] Level 1:colcon.colcon_core.package_identification:_identify(.) by extensions ['ignore', 'ignore_ament_install']
[0.359s] Level 1:colcon.colcon_core.package_identification:_identify(.) by extension 'ignore'
[0.359s] Level 1:colcon.colcon_core.package_identification:_identify(.) by extension 'ignore_ament_install'
[0.359s] Level 1:colcon.colcon_core.package_identification:_identify(.) by extensions ['colcon_pkg']
[0.359s] Level 1:colcon.colcon_core.package_identification:_identify(.) by extension 'colcon_pkg'
[0.359s] Level 1:colcon.colcon_core.package_identification:_identify(.) by extensions ['colcon_meta']
[0.359s] Level 1:colcon.colcon_core.package_identification:_identify(.) by extension 'colcon_meta'
[0.359s] Level 1:colcon.colcon_core.package_identification:_identify(.) by extensions ['ros']
[0.359s] Level 1:colcon.colcon_core.package_identification:_identify(.) by extension 'ros'
[0.376s] Level 1:colcon.colcon_core.package_identification:_identify(.) by extensions ['cmake', 'python']
[0.376s] Level 1:colcon.colcon_core.package_identification:_identify(.) by extension 'cmake'
[0.376s] Level 1:colcon.colcon_core.package_identification:_identify(.) by extension 'python'
[0.376s] Level 1:colcon.colcon_core.package_identification:_identify(.) by extensions ['python_setup_py']
[0.376s] Level 1:colcon.colcon_core.package_identification:_identify(.) by extension 'python_setup_py'
[0.376s] Level 1:colcon.colcon_core.package_identification:_identify(build) by extensions ['ignore', 'ignore_ament_install']
[0.376s] Level 1:colcon.colcon_core.package_identification:_identify(build) by extension 'ignore'
[0.377s] Level 1:colcon.colcon_core.package_identification:_identify(build) ignored
[0.377s] Level 1:colcon.colcon_core.package_identification:_identify(install) by extensions ['ignore', 'ignore_ament_install']
[0.377s] Level 1:colcon.colcon_core.package_identification:_identify(install) by extension 'ignore'
[0.377s] Level 1:colcon.colcon_core.package_identification:_identify(install) ignored
[0.377s] Level 1:colcon.colcon_core.package_identification:_identify(log) by extensions ['ignore', 'ignore_ament_install']
[0.377s] Level 1:colcon.colcon_core.package_identification:_identify(log) by extension 'ignore'
[0.377s] Level 1:colcon.colcon_core.package_identification:_identify(log) ignored
[0.377s] Level 1:colcon.colcon_core.package_identification:_identify(src) by extensions ['ignore', 'ignore_ament_install']
[0.377s] Level 1:colcon.colcon_core.package_identification:_identify(src) by extension 'ignore'
[0.377s] Level 1:colcon.colcon_core.package_identification:_identify(src) by extension 'ignore_ament_install'
[0.378s] Level 1:colcon.colcon_core.package_identification:_identify(src) by extensions ['colcon_pkg']
[0.378s] Level 1:colcon.colcon_core.package_identification:_identify(src) by extension 'colcon_pkg'
[0.378s] Level 1:colcon.colcon_core.package_identification:_identify(src) by extensions ['colcon_meta']
[0.378s] Level 1:colcon.colcon_core.package_identification:_identify(src) by extension 'colcon_meta'
[0.378s] Level 1:colcon.colcon_core.package_identification:_identify(src) by extensions ['ros']
[0.378s] Level 1:colcon.colcon_core.package_identification:_identify(src) by extension 'ros'
[0.378s] Level 1:colcon.colcon_core.package_identification:_identify(src) by extensions ['cmake', 'python']
[0.378s] Level 1:colcon.colcon_core.package_identification:_identify(src) by extension 'cmake'
[0.378s] Level 1:colcon.colcon_core.package_identification:_identify(src) by extension 'python'
[0.378s] Level 1:colcon.colcon_core.package_identification:_identify(src) by extensions ['python_setup_py']
[0.378s] Level 1:colcon.colcon_core.package_identification:_identify(src) by extension 'python_setup_py'
[0.378s] Level 1:colcon.colcon_core.package_identification:_identify(src/simple_interfaces_pkg) by extensions ['ignore', 'ignore_ament_install']
[0.378s] Level 1:colcon.colcon_core.package_identification:_identify(src/simple_interfaces_pkg) by extension 'ignore'
[0.378s] Level 1:colcon.colcon_core.package_identification:_identify(src/simple_interfaces_pkg) by extension 'ignore_ament_install'
[0.378s] Level 1:colcon.colcon_core.package_identification:_identify(src/simple_interfaces_pkg) by extensions ['colcon_pkg']
[0.378s] Level 1:colcon.colcon_core.package_identification:_identify(src/simple_interfaces_pkg) by extension 'colcon_pkg'
[0.378s] Level 1:colcon.colcon_core.package_identification:_identify(src/simple_interfaces_pkg) by extensions ['colcon_meta']
[0.378s] Level 1:colcon.colcon_core.package_identification:_identify(src/simple_interfaces_pkg) by extension 'colcon_meta'
[0.379s] Level 1:colcon.colcon_core.package_identification:_identify(src/simple_interfaces_pkg) by extensions ['ros']
[0.379s] Level 1:colcon.colcon_core.package_identification:_identify(src/simple_interfaces_pkg) by extension 'ros'
[0.383s] DEBUG:colcon.colcon_core.package_identification:Package 'src/simple_interfaces_pkg' with type 'ros.ament_cmake' and name 'simple_interfaces_pkg'
[0.383s] Level 1:colcon.colcon_core.package_identification:_identify(src/simple_py_pkg) by extensions ['ignore', 'ignore_ament_install']
[0.383s] Level 1:colcon.colcon_core.package_identification:_identify(src/simple_py_pkg) by extension 'ignore'
[0.384s] Level 1:colcon.colcon_core.package_identification:_identify(src/simple_py_pkg) by extension 'ignore_ament_install'
[0.384s] Level 1:colcon.colcon_core.package_identification:_identify(src/simple_py_pkg) by extensions ['colcon_pkg']
[0.384s] Level 1:colcon.colcon_core.package_identification:_identify(src/simple_py_pkg) by extension 'colcon_pkg'
[0.384s] Level 1:colcon.colcon_core.package_identification:_identify(src/simple_py_pkg) by extensions ['colcon_meta']
[0.384s] Level 1:colcon.colcon_core.package_identification:_identify(src/simple_py_pkg) by extension 'colcon_meta'
[0.384s] Level 1:colcon.colcon_core.package_identification:_identify(src/simple_py_pkg) by extensions ['ros']
[0.384s] Level 1:colcon.colcon_core.package_identification:_identify(src/simple_py_pkg) by extension 'ros'
[0.385s] DEBUG:colcon.colcon_core.package_identification:Package 'src/simple_py_pkg' with type 'ros.ament_python' and name 'simple_py_pkg'
[0.386s] Level 1:colcon.colcon_core.package_identification:_identify(turtlesim_ws) by extensions ['ignore', 'ignore_ament_install']
[0.386s] Level 1:colcon.colcon_core.package_identification:_identify(turtlesim_ws) by extension 'ignore'
[0.386s] Level 1:colcon.colcon_core.package_identification:_identify(turtlesim_ws) by extension 'ignore_ament_install'
[0.386s] Level 1:colcon.colcon_core.package_identification:_identify(turtlesim_ws) by extensions ['colcon_pkg']
[0.386s] Level 1:colcon.colcon_core.package_identification:_identify(turtlesim_ws) by extension 'colcon_pkg'
[0.386s] Level 1:colcon.colcon_core.package_identification:_identify(turtlesim_ws) by extensions ['colcon_meta']
[0.386s] Level 1:colcon.colcon_core.package_identification:_identify(turtlesim_ws) by extension 'colcon_meta'
[0.386s] Level 1:colcon.colcon_core.package_identification:_identify(turtlesim_ws) by extensions ['ros']
[0.386s] Level 1:colcon.colcon_core.package_identification:_identify(turtlesim_ws) by extension 'ros'
[0.386s] Level 1:colcon.colcon_core.package_identification:_identify(turtlesim_ws) by extensions ['cmake', 'python']
[0.386s] Level 1:colcon.colcon_core.package_identification:_identify(turtlesim_ws) by extension 'cmake'
[0.386s] Level 1:colcon.colcon_core.package_identification:_identify(turtlesim_ws) by extension 'python'
[0.386s] Level 1:colcon.colcon_core.package_identification:_identify(turtlesim_ws) by extensions ['python_setup_py']
[0.386s] Level 1:colcon.colcon_core.package_identification:_identify(turtlesim_ws) by extension 'python_setup_py'
[0.387s] Level 1:colcon.colcon_core.package_identification:_identify(turtlesim_ws/build) by extensions ['ignore', 'ignore_ament_install']
[0.387s] Level 1:colcon.colcon_core.package_identification:_identify(turtlesim_ws/build) by extension 'ignore'
[0.387s] Level 1:colcon.colcon_core.package_identification:_identify(turtlesim_ws/build) ignored
[0.387s] Level 1:colcon.colcon_core.package_identification:_identify(turtlesim_ws/install) by extensions ['ignore', 'ignore_ament_install']
[0.387s] Level 1:colcon.colcon_core.package_identification:_identify(turtlesim_ws/install) by extension 'ignore'
[0.387s] Level 1:colcon.colcon_core.package_identification:_identify(turtlesim_ws/install) ignored
[0.387s] Level 1:colcon.colcon_core.package_identification:_identify(turtlesim_ws/log) by extensions ['ignore', 'ignore_ament_install']
[0.387s] Level 1:colcon.colcon_core.package_identification:_identify(turtlesim_ws/log) by extension 'ignore'
[0.387s] Level 1:colcon.colcon_core.package_identification:_identify(turtlesim_ws/log) ignored
[0.387s] Level 1:colcon.colcon_core.package_identification:_identify(turtlesim_ws/src) by extensions ['ignore', 'ignore_ament_install']
[0.387s] Level 1:colcon.colcon_core.package_identification:_identify(turtlesim_ws/src) by extension 'ignore'
[0.388s] Level 1:colcon.colcon_core.package_identification:_identify(turtlesim_ws/src) by extension 'ignore_ament_install'
[0.388s] Level 1:colcon.colcon_core.package_identification:_identify(turtlesim_ws/src) by extensions ['colcon_pkg']
[0.388s] Level 1:colcon.colcon_core.package_identification:_identify(turtlesim_ws/src) by extension 'colcon_pkg'
[0.388s] Level 1:colcon.colcon_core.package_identification:_identify(turtlesim_ws/src) by extensions ['colcon_meta']
[0.388s] Level 1:colcon.colcon_core.package_identification:_identify(turtlesim_ws/src) by extension 'colcon_meta'
[0.388s] Level 1:colcon.colcon_core.package_identification:_identify(turtlesim_ws/src) by extensions ['ros']
[0.388s] Level 1:colcon.colcon_core.package_identification:_identify(turtlesim_ws/src) by extension 'ros'
[0.388s] Level 1:colcon.colcon_core.package_identification:_identify(turtlesim_ws/src) by extensions ['cmake', 'python']
[0.388s] Level 1:colcon.colcon_core.package_identification:_identify(turtlesim_ws/src) by extension 'cmake'
[0.388s] Level 1:colcon.colcon_core.package_identification:_identify(turtlesim_ws/src) by extension 'python'
[0.388s] Level 1:colcon.colcon_core.package_identification:_identify(turtlesim_ws/src) by extensions ['python_setup_py']
[0.388s] Level 1:colcon.colcon_core.package_identification:_identify(turtlesim_ws/src) by extension 'python_setup_py'
[0.388s] Level 1:colcon.colcon_core.package_identification:_identify(turtlesim_ws/src/turtlesim_py_pkg) by extensions ['ignore', 'ignore_ament_install']
[0.388s] Level 1:colcon.colcon_core.package_identification:_identify(turtlesim_ws/src/turtlesim_py_pkg) by extension 'ignore'
[0.388s] Level 1:colcon.colcon_core.package_identification:_identify(turtlesim_ws/src/turtlesim_py_pkg) by extension 'ignore_ament_install'
[0.389s] Level 1:colcon.colcon_core.package_identification:_identify(turtlesim_ws/src/turtlesim_py_pkg) by extensions ['colcon_pkg']
[0.389s] Level 1:colcon.colcon_core.package_identification:_identify(turtlesim_ws/src/turtlesim_py_pkg) by extension 'colcon_pkg'
[0.389s] Level 1:colcon.colcon_core.package_identification:_identify(turtlesim_ws/src/turtlesim_py_pkg) by extensions ['colcon_meta']
[0.389s] Level 1:colcon.colcon_core.package_identification:_identify(turtlesim_ws/src/turtlesim_py_pkg) by extension 'colcon_meta'
[0.389s] Level 1:colcon.colcon_core.package_identification:_identify(turtlesim_ws/src/turtlesim_py_pkg) by extensions ['ros']
[0.389s] Level 1:colcon.colcon_core.package_identification:_identify(turtlesim_ws/src/turtlesim_py_pkg) by extension 'ros'
[0.390s] DEBUG:colcon.colcon_core.package_identification:Package 'turtlesim_ws/src/turtlesim_py_pkg' with type 'ros.ament_python' and name 'turtlesim_py_pkg'
[0.390s] Level 1:colcon.colcon_core.package_discovery:discover_packages(recursive) using defaults
[0.390s] Level 1:colcon.colcon_core.package_discovery:discover_packages(ignore) discover
[0.390s] Level 1:colcon.colcon_core.package_discovery:discover_packages(ignore) using defaults
[0.390s] Level 1:colcon.colcon_core.package_discovery:discover_packages(path) discover
[0.390s] Level 1:colcon.colcon_core.package_discovery:discover_packages(path) using defaults
[0.417s] Level 1:colcon.colcon_core.package_discovery:discover_packages(prefix_path) check parameters
[0.417s] Level 1:colcon.colcon_core.package_discovery:discover_packages(prefix_path) discover
[0.419s] DEBUG:colcon.colcon_installed_package_information.package_discovery:Found 1 installed packages in /home/muhammed-samet-yildiz/turtlesim_ws/install
[0.420s] DEBUG:colcon.colcon_installed_package_information.package_discovery:Found 2 installed packages in /home/muhammed-samet-yildiz/ros2_ws/install
[0.422s] DEBUG:colcon.colcon_installed_package_information.package_discovery:Found 271 installed packages in /opt/ros/humble
[0.425s] Level 1:colcon.colcon_core.package_discovery:discover_packages(prefix_path) using defaults
[0.501s] Level 5:colcon.colcon_core.verb:set package 'simple_interfaces_pkg' build argument 'cmake_args' from command line to 'None'
[0.501s] Level 5:colcon.colcon_core.verb:set package 'simple_interfaces_pkg' build argument 'cmake_target' from command line to 'None'
[0.501s] Level 5:colcon.colcon_core.verb:set package 'simple_interfaces_pkg' build argument 'cmake_target_skip_unavailable' from command line to 'False'
[0.501s] Level 5:colcon.colcon_core.verb:set package 'simple_interfaces_pkg' build argument 'cmake_clean_cache' from command line to 'False'
[0.501s] Level 5:colcon.colcon_core.verb:set package 'simple_interfaces_pkg' build argument 'cmake_clean_first' from command line to 'False'
[0.501s] Level 5:colcon.colcon_core.verb:set package 'simple_interfaces_pkg' build argument 'cmake_force_configure' from command line to 'False'
[0.501s] Level 5:colcon.colcon_core.verb:set package 'simple_interfaces_pkg' build argument 'ament_cmake_args' from command line to 'None'
[0.501s] Level 5:colcon.colcon_core.verb:set package 'simple_interfaces_pkg' build argument 'catkin_cmake_args' from command line to 'None'
[0.501s] Level 5:colcon.colcon_core.verb:set package 'simple_interfaces_pkg' build argument 'catkin_skip_building_tests' from command line to 'False'
[0.501s] DEBUG:colcon.colcon_core.verb:Building package 'simple_interfaces_pkg' with the following arguments: {'ament_cmake_args': None, 'build_base': '/home/muhammed-samet-yildiz/ros2_ws/build/simple_interfaces_pkg', 'catkin_cmake_args': None, 'catkin_skip_building_tests': False, 'cmake_args': None, 'cmake_clean_cache': False, 'cmake_clean_first': False, 'cmake_force_configure': False, 'cmake_target': None, 'cmake_target_skip_unavailable': False, 'install_base': '/home/muhammed-samet-yildiz/ros2_ws/install/simple_interfaces_pkg', 'merge_install': False, 'path': '/home/muhammed-samet-yildiz/ros2_ws/src/simple_interfaces_pkg', 'symlink_install': False, 'test_result_base': None}
[0.501s] Level 5:colcon.colcon_core.verb:set package 'turtlesim_py_pkg' build argument 'cmake_args' from command line to 'None'
[0.502s] Level 5:colcon.colcon_core.verb:set package 'turtlesim_py_pkg' build argument 'cmake_target' from command line to 'None'
[0.502s] Level 5:colcon.colcon_core.verb:set package 'turtlesim_py_pkg' build argument 'cmake_target_skip_unavailable' from command line to 'False'
[0.502s] Level 5:colcon.colcon_core.verb:set package 'turtlesim_py_pkg' build argument 'cmake_clean_cache' from command line to 'False'
[0.502s] Level 5:colcon.colcon_core.verb:set package 'turtlesim_py_pkg' build argument 'cmake_clean_first' from command line to 'False'
[0.502s] Level 5:colcon.colcon_core.verb:set package 'turtlesim_py_pkg' build argument 'cmake_force_configure' from command line to 'False'
[0.502s] Level 5:colcon.colcon_core.verb:set package 'turtlesim_py_pkg' build argument 'ament_cmake_args' from command line to 'None'
[0.502s] Level 5:colcon.colcon_core.verb:set package 'turtlesim_py_pkg' build argument 'catkin_cmake_args' from command line to 'None'
[0.502s] Level 5:colcon.colcon_core.verb:set package 'turtlesim_py_pkg' build argument 'catkin_skip_building_tests' from command line to 'False'
[0.502s] DEBUG:colcon.colcon_core.verb:Building package 'turtlesim_py_pkg' with the following arguments: {'ament_cmake_args': None, 'build_base': '/home/muhammed-samet-yildiz/ros2_ws/build/turtlesim_py_pkg', 'catkin_cmake_args': None, 'catkin_skip_building_tests': False, 'cmake_args': None, 'cmake_clean_cache': False, 'cmake_clean_first': False, 'cmake_force_configure': False, 'cmake_target': None, 'cmake_target_skip_unavailable': False, 'install_base': '/home/muhammed-samet-yildiz/ros2_ws/install/turtlesim_py_pkg', 'merge_install': False, 'path': '/home/muhammed-samet-yildiz/ros2_ws/turtlesim_ws/src/turtlesim_py_pkg', 'symlink_install': False, 'test_result_base': None}
[0.502s] Level 5:colcon.colcon_core.verb:set package 'simple_py_pkg' build argument 'cmake_args' from command line to 'None'
[0.502s] Level 5:colcon.colcon_core.verb:set package 'simple_py_pkg' build argument 'cmake_target' from command line to 'None'
[0.502s] Level 5:colcon.colcon_core.verb:set package 'simple_py_pkg' build argument 'cmake_target_skip_unavailable' from command line to 'False'
[0.502s] Level 5:colcon.colcon_core.verb:set package 'simple_py_pkg' build argument 'cmake_clean_cache' from command line to 'False'
[0.502s] Level 5:colcon.colcon_core.verb:set package 'simple_py_pkg' build argument 'cmake_clean_first' from command line to 'False'
[0.502s] Level 5:colcon.colcon_core.verb:set package 'simple_py_pkg' build argument 'cmake_force_configure' from command line to 'False'
[0.502s] Level 5:colcon.colcon_core.verb:set package 'simple_py_pkg' build argument 'ament_cmake_args' from command line to 'None'
[0.502s] Level 5:colcon.colcon_core.verb:set package 'simple_py_pkg' build argument 'catkin_cmake_args' from command line to 'None'
[0.502s] Level 5:colcon.colcon_core.verb:set package 'simple_py_pkg' build argument 'catkin_skip_building_tests' from command line to 'False'
[0.502s] DEBUG:colcon.colcon_core.verb:Building package 'simple_py_pkg' with the following arguments: {'ament_cmake_args': None, 'build_base': '/home/muhammed-samet-yildiz/ros2_ws/build/simple_py_pkg', 'catkin_cmake_args': None, 'catkin_skip_building_tests': False, 'cmake_args': None, 'cmake_clean_cache': False, 'cmake_clean_first': False, 'cmake_force_configure': False, 'cmake_target': None, 'cmake_target_skip_unavailable': False, 'install_base': '/home/muhammed-samet-yildiz/ros2_ws/install/simple_py_pkg', 'merge_install': False, 'path': '/home/muhammed-samet-yildiz/ros2_ws/src/simple_py_pkg', 'symlink_install': False, 'test_result_base': None}
[0.503s] INFO:colcon.colcon_core.executor:Executing jobs using 'parallel' executor
[0.505s] DEBUG:colcon.colcon_parallel_executor.executor.parallel:run_until_complete
[0.505s] INFO:colcon.colcon_ros.task.ament_cmake.build:Building ROS package in '/home/muhammed-samet-yildiz/ros2_ws/src/simple_interfaces_pkg' with build type 'ament_cmake'
[0.505s] INFO:colcon.colcon_cmake.task.cmake.build:Building CMake package in '/home/muhammed-samet-yildiz/ros2_ws/src/simple_interfaces_pkg'
[0.508s] INFO:colcon.colcon_core.plugin_system:Skipping extension 'colcon_core.shell.bat': Not used on non-Windows systems
[0.508s] INFO:colcon.colcon_core.shell:Skip shell extension 'powershell' for command environment: Not usable outside of PowerShell
[0.508s] DEBUG:colcon.colcon_core.shell:Skip shell extension 'dsv' for command environment
[0.514s] INFO:colcon.colcon_ros.task.ament_python.build:Building ROS package in '/home/muhammed-samet-yildiz/ros2_ws/turtlesim_ws/src/turtlesim_py_pkg' with build type 'ament_python'
[0.514s] Level 1:colcon.colcon_core.shell:create_environment_hook('turtlesim_py_pkg', 'ament_prefix_path')
[0.515s] INFO:colcon.colcon_core.shell:Creating environment hook '/home/muhammed-samet-yildiz/ros2_ws/install/turtlesim_py_pkg/share/turtlesim_py_pkg/hook/ament_prefix_path.ps1'
[0.516s] INFO:colcon.colcon_core.shell:Creating environment descriptor '/home/muhammed-samet-yildiz/ros2_ws/install/turtlesim_py_pkg/share/turtlesim_py_pkg/hook/ament_prefix_path.dsv'
[0.517s] INFO:colcon.colcon_core.shell:Creating environment hook '/home/muhammed-samet-yildiz/ros2_ws/install/turtlesim_py_pkg/share/turtlesim_py_pkg/hook/ament_prefix_path.sh'
[0.518s] INFO:colcon.colcon_core.shell:Skip shell extension 'powershell' for command environment: Not usable outside of PowerShell
[0.518s] DEBUG:colcon.colcon_core.shell:Skip shell extension 'dsv' for command environment
[0.533s] DEBUG:colcon.colcon_core.event_handler.log_command:Invoking command in '/home/muhammed-samet-yildiz/ros2_ws/build/simple_interfaces_pkg': CMAKE_PREFIX_PATH=/home/muhammed-samet-yildiz/ros2_ws/install/simple_py_pkg:/home/muhammed-samet-yildiz/turtlesim_ws/install/turtlesim_py_pkg:/opt/ros/humble /usr/bin/cmake /home/muhammed-samet-yildiz/ros2_ws/src/simple_interfaces_pkg -DCMAKE_INSTALL_PREFIX=/home/muhammed-samet-yildiz/ros2_ws/install/simple_interfaces_pkg
[0.897s] INFO:colcon.colcon_core.task.python.build:Building Python package in '/home/muhammed-samet-yildiz/ros2_ws/turtlesim_ws/src/turtlesim_py_pkg'
[0.898s] INFO:colcon.colcon_core.shell:Skip shell extension 'powershell' for command environment: Not usable outside of PowerShell
[0.898s] DEBUG:colcon.colcon_core.shell:Skip shell extension 'dsv' for command environment
[1.414s] DEBUG:colcon.colcon_core.event_handler.log_command:Invoking command in '/home/muhammed-samet-yildiz/ros2_ws/turtlesim_ws/src/turtlesim_py_pkg': PYTHONPATH=/home/muhammed-samet-yildiz/ros2_ws/build/turtlesim_py_pkg/prefix_override:/usr/lib/python3/dist-packages/colcon_core/task/python/colcon_distutils_commands:/home/muhammed-samet-yildiz/ros2_ws/install/turtlesim_py_pkg/lib/python3.10/site-packages:${PYTHONPATH} /usr/bin/python3 -W ignore:setup.py install is deprecated -W ignore:easy_install command is deprecated setup.py egg_info --egg-base ../../../build/turtlesim_py_pkg build --build-base /home/muhammed-samet-yildiz/ros2_ws/build/turtlesim_py_pkg/build install --record /home/muhammed-samet-yildiz/ros2_ws/build/turtlesim_py_pkg/install.log --single-version-externally-managed install_data
[1.792s] DEBUG:colcon.colcon_core.event_handler.log_command:Invoked command in '/home/muhammed-samet-yildiz/ros2_ws/turtlesim_ws/src/turtlesim_py_pkg' returned '0': PYTHONPATH=/home/muhammed-samet-yildiz/ros2_ws/build/turtlesim_py_pkg/prefix_override:/usr/lib/python3/dist-packages/colcon_core/task/python/colcon_distutils_commands:/home/muhammed-samet-yildiz/ros2_ws/install/turtlesim_py_pkg/lib/python3.10/site-packages:${PYTHONPATH} /usr/bin/python3 -W ignore:setup.py install is deprecated -W ignore:easy_install command is deprecated setup.py egg_info --egg-base ../../../build/turtlesim_py_pkg build --build-base /home/muhammed-samet-yildiz/ros2_ws/build/turtlesim_py_pkg/build install --record /home/muhammed-samet-yildiz/ros2_ws/build/turtlesim_py_pkg/install.log --single-version-externally-managed install_data
[1.797s] Level 1:colcon.colcon_core.environment:checking '/home/muhammed-samet-yildiz/ros2_ws/install/turtlesim_py_pkg' for CMake module files
[1.798s] Level 1:colcon.colcon_core.environment:checking '/home/muhammed-samet-yildiz/ros2_ws/install/turtlesim_py_pkg' for CMake config files
[1.800s] Level 1:colcon.colcon_core.environment:checking '/home/muhammed-samet-yildiz/ros2_ws/install/turtlesim_py_pkg/lib'
[1.800s] Level 1:colcon.colcon_core.environment:checking '/home/muhammed-samet-yildiz/ros2_ws/install/turtlesim_py_pkg/bin'
[1.800s] Level 1:colcon.colcon_core.environment:checking '/home/muhammed-samet-yildiz/ros2_ws/install/turtlesim_py_pkg/lib/pkgconfig/turtlesim_py_pkg.pc'
[1.801s] Level 1:colcon.colcon_core.environment:checking '/home/muhammed-samet-yildiz/ros2_ws/install/turtlesim_py_pkg/lib/python3.10/site-packages'
[1.801s] Level 1:colcon.colcon_core.shell:create_environment_hook('turtlesim_py_pkg', 'pythonpath')
[1.802s] INFO:colcon.colcon_core.shell:Creating environment hook '/home/muhammed-samet-yildiz/ros2_ws/install/turtlesim_py_pkg/share/turtlesim_py_pkg/hook/pythonpath.ps1'
[1.803s] INFO:colcon.colcon_core.shell:Creating environment descriptor '/home/muhammed-samet-yildiz/ros2_ws/install/turtlesim_py_pkg/share/turtlesim_py_pkg/hook/pythonpath.dsv'
[1.803s] INFO:colcon.colcon_core.shell:Creating environment hook '/home/muhammed-samet-yildiz/ros2_ws/install/turtlesim_py_pkg/share/turtlesim_py_pkg/hook/pythonpath.sh'
[1.805s] Level 1:colcon.colcon_core.environment:checking '/home/muhammed-samet-yildiz/ros2_ws/install/turtlesim_py_pkg/bin'
[1.805s] Level 1:colcon.colcon_core.environment:create_environment_scripts_only(turtlesim_py_pkg)
[1.805s] INFO:colcon.colcon_core.shell:Creating package script '/home/muhammed-samet-yildiz/ros2_ws/install/turtlesim_py_pkg/share/turtlesim_py_pkg/package.ps1'
[1.807s] INFO:colcon.colcon_core.shell:Creating package descriptor '/home/muhammed-samet-yildiz/ros2_ws/install/turtlesim_py_pkg/share/turtlesim_py_pkg/package.dsv'
[1.809s] INFO:colcon.colcon_core.shell:Creating package script '/home/muhammed-samet-yildiz/ros2_ws/install/turtlesim_py_pkg/share/turtlesim_py_pkg/package.sh'
[1.811s] INFO:colcon.colcon_core.shell:Creating package script '/home/muhammed-samet-yildiz/ros2_ws/install/turtlesim_py_pkg/share/turtlesim_py_pkg/package.bash'
[1.813s] INFO:colcon.colcon_core.shell:Creating package script '/home/muhammed-samet-yildiz/ros2_ws/install/turtlesim_py_pkg/share/turtlesim_py_pkg/package.zsh'
[1.814s] Level 1:colcon.colcon_core.environment:create_file_with_runtime_dependencies(/home/muhammed-samet-yildiz/ros2_ws/install/turtlesim_py_pkg/share/colcon-core/packages/turtlesim_py_pkg)
[2.145s] DEBUG:colcon.colcon_core.event_handler.log_command:Invoked command in '/home/muhammed-samet-yildiz/ros2_ws/build/simple_interfaces_pkg' returned '0': CMAKE_PREFIX_PATH=/home/muhammed-samet-yildiz/ros2_ws/install/simple_py_pkg:/home/muhammed-samet-yildiz/turtlesim_ws/install/turtlesim_py_pkg:/opt/ros/humble /usr/bin/cmake /home/muhammed-samet-yildiz/ros2_ws/src/simple_interfaces_pkg -DCMAKE_INSTALL_PREFIX=/home/muhammed-samet-yildiz/ros2_ws/install/simple_interfaces_pkg
[2.150s] DEBUG:colcon.colcon_core.event_handler.log_command:Invoking command in '/home/muhammed-samet-yildiz/ros2_ws/build/simple_interfaces_pkg': CMAKE_PREFIX_PATH=/home/muhammed-samet-yildiz/ros2_ws/install/simple_py_pkg:/home/muhammed-samet-yildiz/turtlesim_ws/install/turtlesim_py_pkg:/opt/ros/humble /usr/bin/cmake --build /home/muhammed-samet-yildiz/ros2_ws/build/simple_interfaces_pkg -- -j16 -l16
[2.641s] DEBUG:colcon.colcon_core.event_handler.log_command:Invoked command in '/home/muhammed-samet-yildiz/ros2_ws/build/simple_interfaces_pkg' returned '0': CMAKE_PREFIX_PATH=/home/muhammed-samet-yildiz/ros2_ws/install/simple_py_pkg:/home/muhammed-samet-yildiz/turtlesim_ws/install/turtlesim_py_pkg:/opt/ros/humble /usr/bin/cmake --build /home/muhammed-samet-yildiz/ros2_ws/build/simple_interfaces_pkg -- -j16 -l16
[2.664s] DEBUG:colcon.colcon_core.event_handler.log_command:Invoking command in '/home/muhammed-samet-yildiz/ros2_ws/build/simple_interfaces_pkg': CMAKE_PREFIX_PATH=/home/muhammed-samet-yildiz/ros2_ws/install/simple_py_pkg:/home/muhammed-samet-yildiz/turtlesim_ws/install/turtlesim_py_pkg:/opt/ros/humble /usr/bin/cmake --install /home/muhammed-samet-yildiz/ros2_ws/build/simple_interfaces_pkg
[2.782s] Level 1:colcon.colcon_core.environment:create_environment_scripts_only(simple_interfaces_pkg)
[2.782s] Level 1:colcon.colcon_core.environment:checking '/home/muhammed-samet-yildiz/ros2_ws/install/simple_interfaces_pkg' for CMake module files
[2.783s] DEBUG:colcon.colcon_core.event_handler.log_command:Invoked command in '/home/muhammed-samet-yildiz/ros2_ws/build/simple_interfaces_pkg' returned '0': CMAKE_PREFIX_PATH=/home/muhammed-samet-yildiz/ros2_ws/install/simple_py_pkg:/home/muhammed-samet-yildiz/turtlesim_ws/install/turtlesim_py_pkg:/opt/ros/humble /usr/bin/cmake --install /home/muhammed-samet-yildiz/ros2_ws/build/simple_interfaces_pkg
[2.784s] Level 1:colcon.colcon_core.environment:checking '/home/muhammed-samet-yildiz/ros2_ws/install/simple_interfaces_pkg' for CMake config files
[2.784s] Level 1:colcon.colcon_core.shell:create_environment_hook('simple_interfaces_pkg', 'cmake_prefix_path')
[2.784s] INFO:colcon.colcon_core.shell:Creating environment hook '/home/muhammed-samet-yildiz/ros2_ws/install/simple_interfaces_pkg/share/simple_interfaces_pkg/hook/cmake_prefix_path.ps1'
[2.785s] INFO:colcon.colcon_core.shell:Creating environment descriptor '/home/muhammed-samet-yildiz/ros2_ws/install/simple_interfaces_pkg/share/simple_interfaces_pkg/hook/cmake_prefix_path.dsv'
[2.785s] INFO:colcon.colcon_core.shell:Creating environment hook '/home/muhammed-samet-yildiz/ros2_ws/install/simple_interfaces_pkg/share/simple_interfaces_pkg/hook/cmake_prefix_path.sh'
[2.786s] Level 1:colcon.colcon_core.environment:checking '/home/muhammed-samet-yildiz/ros2_ws/install/simple_interfaces_pkg/lib'
[2.786s] Level 1:colcon.colcon_core.shell:create_environment_hook('simple_interfaces_pkg', 'ld_library_path_lib')
[2.786s] INFO:colcon.colcon_core.shell:Creating environment hook '/home/muhammed-samet-yildiz/ros2_ws/install/simple_interfaces_pkg/share/simple_interfaces_pkg/hook/ld_library_path_lib.ps1'
[2.787s] INFO:colcon.colcon_core.shell:Creating environment descriptor '/home/muhammed-samet-yildiz/ros2_ws/install/simple_interfaces_pkg/share/simple_interfaces_pkg/hook/ld_library_path_lib.dsv'
[2.787s] INFO:colcon.colcon_core.shell:Creating environment hook '/home/muhammed-samet-yildiz/ros2_ws/install/simple_interfaces_pkg/share/simple_interfaces_pkg/hook/ld_library_path_lib.sh'
[2.788s] Level 1:colcon.colcon_core.environment:checking '/home/muhammed-samet-yildiz/ros2_ws/install/simple_interfaces_pkg/bin'
[2.788s] Level 1:colcon.colcon_core.environment:checking '/home/muhammed-samet-yildiz/ros2_ws/install/simple_interfaces_pkg/lib/pkgconfig/simple_interfaces_pkg.pc'
[2.788s] Level 1:colcon.colcon_core.environment:checking '/home/muhammed-samet-yildiz/ros2_ws/install/simple_interfaces_pkg/lib/python3.10/site-packages'
[2.788s] Level 1:colcon.colcon_core.environment:checking '/home/muhammed-samet-yildiz/ros2_ws/install/simple_interfaces_pkg/bin'
[2.789s] INFO:colcon.colcon_core.shell:Creating package script '/home/muhammed-samet-yildiz/ros2_ws/install/simple_interfaces_pkg/share/simple_interfaces_pkg/package.ps1'
[2.789s] INFO:colcon.colcon_core.shell:Creating package descriptor '/home/muhammed-samet-yildiz/ros2_ws/install/simple_interfaces_pkg/share/simple_interfaces_pkg/package.dsv'
[2.790s] INFO:colcon.colcon_core.shell:Creating package script '/home/muhammed-samet-yildiz/ros2_ws/install/simple_interfaces_pkg/share/simple_interfaces_pkg/package.sh'
[2.790s] INFO:colcon.colcon_core.shell:Creating package script '/home/muhammed-samet-yildiz/ros2_ws/install/simple_interfaces_pkg/share/simple_interfaces_pkg/package.bash'
[2.791s] INFO:colcon.colcon_core.shell:Creating package script '/home/muhammed-samet-yildiz/ros2_ws/install/simple_interfaces_pkg/share/simple_interfaces_pkg/package.zsh'
[2.791s] Level 1:colcon.colcon_core.environment:create_file_with_runtime_dependencies(/home/muhammed-samet-yildiz/ros2_ws/install/simple_interfaces_pkg/share/colcon-core/packages/simple_interfaces_pkg)
[2.792s] Level 1:colcon.colcon_core.environment:create_environment_scripts_only(simple_interfaces_pkg)
[2.792s] Level 1:colcon.colcon_core.environment:checking '/home/muhammed-samet-yildiz/ros2_ws/install/simple_interfaces_pkg' for CMake module files
[2.793s] Level 1:colcon.colcon_core.environment:checking '/home/muhammed-samet-yildiz/ros2_ws/install/simple_interfaces_pkg' for CMake config files
[2.794s] Level 1:colcon.colcon_core.shell:create_environment_hook('simple_interfaces_pkg', 'cmake_prefix_path')
[2.794s] INFO:colcon.colcon_core.shell:Creating environment hook '/home/muhammed-samet-yildiz/ros2_ws/install/simple_interfaces_pkg/share/simple_interfaces_pkg/hook/cmake_prefix_path.ps1'
[2.794s] INFO:colcon.colcon_core.shell:Creating environment descriptor '/home/muhammed-samet-yildiz/ros2_ws/install/simple_interfaces_pkg/share/simple_interfaces_pkg/hook/cmake_prefix_path.dsv'
[2.795s] INFO:colcon.colcon_core.shell:Creating environment hook '/home/muhammed-samet-yildiz/ros2_ws/install/simple_interfaces_pkg/share/simple_interfaces_pkg/hook/cmake_prefix_path.sh'
[2.795s] Level 1:colcon.colcon_core.environment:checking '/home/muhammed-samet-yildiz/ros2_ws/install/simple_interfaces_pkg/lib'
[2.796s] Level 1:colcon.colcon_core.shell:create_environment_hook('simple_interfaces_pkg', 'ld_library_path_lib')
[2.796s] INFO:colcon.colcon_core.shell:Creating environment hook '/home/muhammed-samet-yildiz/ros2_ws/install/simple_interfaces_pkg/share/simple_interfaces_pkg/hook/ld_library_path_lib.ps1'
[2.796s] INFO:colcon.colcon_core.shell:Creating environment descriptor '/home/muhammed-samet-yildiz/ros2_ws/install/simple_interfaces_pkg/share/simple_interfaces_pkg/hook/ld_library_path_lib.dsv'
[2.797s] INFO:colcon.colcon_core.shell:Creating environment hook '/home/muhammed-samet-yildiz/ros2_ws/install/simple_interfaces_pkg/share/simple_interfaces_pkg/hook/ld_library_path_lib.sh'
[2.797s] Level 1:colcon.colcon_core.environment:checking '/home/muhammed-samet-yildiz/ros2_ws/install/simple_interfaces_pkg/bin'
[2.797s] Level 1:colcon.colcon_core.environment:checking '/home/muhammed-samet-yildiz/ros2_ws/install/simple_interfaces_pkg/lib/pkgconfig/simple_interfaces_pkg.pc'
[2.798s] Level 1:colcon.colcon_core.environment:checking '/home/muhammed-samet-yildiz/ros2_ws/install/simple_interfaces_pkg/lib/python3.10/site-packages'
[2.798s] Level 1:colcon.colcon_core.environment:checking '/home/muhammed-samet-yildiz/ros2_ws/install/simple_interfaces_pkg/bin'
[2.798s] INFO:colcon.colcon_core.shell:Creating package script '/home/muhammed-samet-yildiz/ros2_ws/install/simple_interfaces_pkg/share/simple_interfaces_pkg/package.ps1'
[2.799s] INFO:colcon.colcon_core.shell:Creating package descriptor '/home/muhammed-samet-yildiz/ros2_ws/install/simple_interfaces_pkg/share/simple_interfaces_pkg/package.dsv'
[2.800s] INFO:colcon.colcon_core.shell:Creating package script '/home/muhammed-samet-yildiz/ros2_ws/install/simple_interfaces_pkg/share/simple_interfaces_pkg/package.sh'
[2.800s] INFO:colcon.colcon_core.shell:Creating package script '/home/muhammed-samet-yildiz/ros2_ws/install/simple_interfaces_pkg/share/simple_interfaces_pkg/package.bash'
[2.801s] INFO:colcon.colcon_core.shell:Creating package script '/home/muhammed-samet-yildiz/ros2_ws/install/simple_interfaces_pkg/share/simple_interfaces_pkg/package.zsh'
[2.801s] Level 1:colcon.colcon_core.environment:create_file_with_runtime_dependencies(/home/muhammed-samet-yildiz/ros2_ws/install/simple_interfaces_pkg/share/colcon-core/packages/simple_interfaces_pkg)
[2.802s] INFO:colcon.colcon_ros.task.ament_python.build:Building ROS package in '/home/muhammed-samet-yildiz/ros2_ws/src/simple_py_pkg' with build type 'ament_python'
[2.802s] Level 1:colcon.colcon_core.shell:create_environment_hook('simple_py_pkg', 'ament_prefix_path')
[2.802s] INFO:colcon.colcon_core.shell:Creating environment hook '/home/muhammed-samet-yildiz/ros2_ws/install/simple_py_pkg/share/simple_py_pkg/hook/ament_prefix_path.ps1'
[2.804s] INFO:colcon.colcon_core.shell:Creating environment descriptor '/home/muhammed-samet-yildiz/ros2_ws/install/simple_py_pkg/share/simple_py_pkg/hook/ament_prefix_path.dsv'
[2.804s] INFO:colcon.colcon_core.shell:Creating environment hook '/home/muhammed-samet-yildiz/ros2_ws/install/simple_py_pkg/share/simple_py_pkg/hook/ament_prefix_path.sh'
[2.805s] INFO:colcon.colcon_core.shell:Skip shell extension 'powershell' for command environment: Not usable outside of PowerShell
[2.805s] DEBUG:colcon.colcon_core.shell:Skip shell extension 'dsv' for command environment
[3.163s] INFO:colcon.colcon_core.task.python.build:Building Python package in '/home/muhammed-samet-yildiz/ros2_ws/src/simple_py_pkg'
[3.163s] INFO:colcon.colcon_core.shell:Skip shell extension 'powershell' for command environment: Not usable outside of PowerShell
[3.163s] DEBUG:colcon.colcon_core.shell:Skip shell extension 'dsv' for command environment
[3.604s] DEBUG:colcon.colcon_core.event_handler.log_command:Invoking command in '/home/muhammed-samet-yildiz/ros2_ws/build/simple_py_pkg': AMENT_PREFIX_PATH=/home/muhammed-samet-yildiz/ros2_ws/install/simple_interfaces_pkg:${AMENT_PREFIX_PATH} CMAKE_PREFIX_PATH=/home/muhammed-samet-yildiz/ros2_ws/install/simple_interfaces_pkg LD_LIBRARY_PATH=/home/muhammed-samet-yildiz/ros2_ws/install/simple_interfaces_pkg/lib:${LD_LIBRARY_PATH} PYTHONPATH=/home/muhammed-samet-yildiz/ros2_ws/build/simple_py_pkg/prefix_override:/usr/lib/python3/dist-packages/colcon_core/task/python/colcon_distutils_commands:/home/muhammed-samet-yildiz/ros2_ws/install/simple_py_pkg/lib/python3.10/site-packages:/home/muhammed-samet-yildiz/ros2_ws/install/simple_interfaces_pkg/local/lib/python3.10/dist-packages:${PYTHONPATH} /usr/bin/python3 -W ignore:setup.py install is deprecated -W ignore:easy_install command is deprecated setup.py develop --uninstall --editable --build-directory /home/muhammed-samet-yildiz/ros2_ws/build/simple_py_pkg/build
[4.166s] DEBUG:colcon.colcon_core.event_handler.log_command:Invoked command in '/home/muhammed-samet-yildiz/ros2_ws/build/simple_py_pkg' returned '0': AMENT_PREFIX_PATH=/home/muhammed-samet-yildiz/ros2_ws/install/simple_interfaces_pkg:${AMENT_PREFIX_PATH} CMAKE_PREFIX_PATH=/home/muhammed-samet-yildiz/ros2_ws/install/simple_interfaces_pkg LD_LIBRARY_PATH=/home/muhammed-samet-yildiz/ros2_ws/install/simple_interfaces_pkg/lib:${LD_LIBRARY_PATH} PYTHONPATH=/home/muhammed-samet-yildiz/ros2_ws/build/simple_py_pkg/prefix_override:/usr/lib/python3/dist-packages/colcon_core/task/python/colcon_distutils_commands:/home/muhammed-samet-yildiz/ros2_ws/install/simple_py_pkg/lib/python3.10/site-packages:/home/muhammed-samet-yildiz/ros2_ws/install/simple_interfaces_pkg/local/lib/python3.10/dist-packages:${PYTHONPATH} /usr/bin/python3 -W ignore:setup.py install is deprecated -W ignore:easy_install command is deprecated setup.py develop --uninstall --editable --build-directory /home/muhammed-samet-yildiz/ros2_ws/build/simple_py_pkg/build
[4.170s] DEBUG:colcon.colcon_core.event_handler.log_command:Invoking command in '/home/muhammed-samet-yildiz/ros2_ws/src/simple_py_pkg': AMENT_PREFIX_PATH=/home/muhammed-samet-yildiz/ros2_ws/install/simple_interfaces_pkg:${AMENT_PREFIX_PATH} CMAKE_PREFIX_PATH=/home/muhammed-samet-yildiz/ros2_ws/install/simple_interfaces_pkg LD_LIBRARY_PATH=/home/muhammed-samet-yildiz/ros2_ws/install/simple_interfaces_pkg/lib:${LD_LIBRARY_PATH} PYTHONPATH=/home/muhammed-samet-yildiz/ros2_ws/build/simple_py_pkg/prefix_override:/usr/lib/python3/dist-packages/colcon_core/task/python/colcon_distutils_commands:/home/muhammed-samet-yildiz/ros2_ws/install/simple_py_pkg/lib/python3.10/site-packages:/home/muhammed-samet-yildiz/ros2_ws/install/simple_interfaces_pkg/local/lib/python3.10/dist-packages:${PYTHONPATH} /usr/bin/python3 -W ignore:setup.py install is deprecated -W ignore:easy_install command is deprecated setup.py egg_info --egg-base ../../build/simple_py_pkg build --build-base /home/muhammed-samet-yildiz/ros2_ws/build/simple_py_pkg/build install --record /home/muhammed-samet-yildiz/ros2_ws/build/simple_py_pkg/install.log --single-version-externally-managed install_data --force
[4.570s] Level 1:colcon.colcon_core.environment:checking '/home/muhammed-samet-yildiz/ros2_ws/install/simple_py_pkg' for CMake module files
[4.571s] DEBUG:colcon.colcon_core.event_handler.log_command:Invoked command in '/home/muhammed-samet-yildiz/ros2_ws/src/simple_py_pkg' returned '0': AMENT_PREFIX_PATH=/home/muhammed-samet-yildiz/ros2_ws/install/simple_interfaces_pkg:${AMENT_PREFIX_PATH} CMAKE_PREFIX_PATH=/home/muhammed-samet-yildiz/ros2_ws/install/simple_interfaces_pkg LD_LIBRARY_PATH=/home/muhammed-samet-yildiz/ros2_ws/install/simple_interfaces_pkg/lib:${LD_LIBRARY_PATH} PYTHONPATH=/home/muhammed-samet-yildiz/ros2_ws/build/simple_py_pkg/prefix_override:/usr/lib/python3/dist-packages/colcon_core/task/python/colcon_distutils_commands:/home/muhammed-samet-yildiz/ros2_ws/install/simple_py_pkg/lib/python3.10/site-packages:/home/muhammed-samet-yildiz/ros2_ws/install/simple_interfaces_pkg/local/lib/python3.10/dist-packages:${PYTHONPATH} /usr/bin/python3 -W ignore:setup.py install is deprecated -W ignore:easy_install command is deprecated setup.py egg_info --egg-base ../../build/simple_py_pkg build --build-base /home/muhammed-samet-yildiz/ros2_ws/build/simple_py_pkg/build install --record /home/muhammed-samet-yildiz/ros2_ws/build/simple_py_pkg/install.log --single-version-externally-managed install_data --force
[4.572s] Level 1:colcon.colcon_core.environment:checking '/home/muhammed-samet-yildiz/ros2_ws/install/simple_py_pkg' for CMake config files
[4.574s] Level 1:colcon.colcon_core.environment:checking '/home/muhammed-samet-yildiz/ros2_ws/install/simple_py_pkg/lib'
[4.574s] Level 1:colcon.colcon_core.environment:checking '/home/muhammed-samet-yildiz/ros2_ws/install/simple_py_pkg/bin'
[4.574s] Level 1:colcon.colcon_core.environment:checking '/home/muhammed-samet-yildiz/ros2_ws/install/simple_py_pkg/lib/pkgconfig/simple_py_pkg.pc'
[4.575s] Level 1:colcon.colcon_core.environment:checking '/home/muhammed-samet-yildiz/ros2_ws/install/simple_py_pkg/lib/python3.10/site-packages'
[4.575s] Level 1:colcon.colcon_core.shell:create_environment_hook('simple_py_pkg', 'pythonpath')
[4.575s] INFO:colcon.colcon_core.shell:Creating environment hook '/home/muhammed-samet-yildiz/ros2_ws/install/simple_py_pkg/share/simple_py_pkg/hook/pythonpath.ps1'
[4.576s] INFO:colcon.colcon_core.shell:Creating environment descriptor '/home/muhammed-samet-yildiz/ros2_ws/install/simple_py_pkg/share/simple_py_pkg/hook/pythonpath.dsv'
[4.577s] INFO:colcon.colcon_core.shell:Creating environment hook '/home/muhammed-samet-yildiz/ros2_ws/install/simple_py_pkg/share/simple_py_pkg/hook/pythonpath.sh'
[4.578s] Level 1:colcon.colcon_core.environment:checking '/home/muhammed-samet-yildiz/ros2_ws/install/simple_py_pkg/bin'
[4.578s] Level 1:colcon.colcon_core.environment:create_environment_scripts_only(simple_py_pkg)
[4.579s] INFO:colcon.colcon_core.shell:Creating package script '/home/muhammed-samet-yildiz/ros2_ws/install/simple_py_pkg/share/simple_py_pkg/package.ps1'
[4.580s] INFO:colcon.colcon_core.shell:Creating package descriptor '/home/muhammed-samet-yildiz/ros2_ws/install/simple_py_pkg/share/simple_py_pkg/package.dsv'
[4.581s] INFO:colcon.colcon_core.shell:Creating package script '/home/muhammed-samet-yildiz/ros2_ws/install/simple_py_pkg/share/simple_py_pkg/package.sh'
[4.582s] INFO:colcon.colcon_core.shell:Creating package script '/home/muhammed-samet-yildiz/ros2_ws/install/simple_py_pkg/share/simple_py_pkg/package.bash'
[4.582s] INFO:colcon.colcon_core.shell:Creating package script '/home/muhammed-samet-yildiz/ros2_ws/install/simple_py_pkg/share/simple_py_pkg/package.zsh'
[4.583s] Level 1:colcon.colcon_core.environment:create_file_with_runtime_dependencies(/home/muhammed-samet-yildiz/ros2_ws/install/simple_py_pkg/share/colcon-core/packages/simple_py_pkg)
[4.584s] DEBUG:colcon.colcon_parallel_executor.executor.parallel:closing loop
[4.584s] DEBUG:colcon.colcon_parallel_executor.executor.parallel:loop closed
[4.585s] DEBUG:colcon.colcon_parallel_executor.executor.parallel:run_until_complete finished with '0'
[4.585s] DEBUG:colcon.colcon_core.event_reactor:joining thread
[4.596s] INFO:colcon.colcon_core.plugin_system:Skipping extension 'colcon_notification.desktop_notification.terminal_notifier': Not used on non-Darwin systems
[4.597s] INFO:colcon.colcon_core.plugin_system:Skipping extension 'colcon_notification.desktop_notification.win32': Not used on non-Windows systems
[4.597s] INFO:colcon.colcon_notification.desktop_notification:Sending desktop notification using 'notify2'
[4.614s] DEBUG:colcon.colcon_core.event_reactor:joined thread
[4.615s] INFO:colcon.colcon_core.shell:Creating prefix script '/home/muhammed-samet-yildiz/ros2_ws/install/local_setup.ps1'
[4.617s] INFO:colcon.colcon_core.shell:Creating prefix util module '/home/muhammed-samet-yildiz/ros2_ws/install/_local_setup_util_ps1.py'
[4.620s] INFO:colcon.colcon_core.shell:Creating prefix chain script '/home/muhammed-samet-yildiz/ros2_ws/install/setup.ps1'
[4.622s] INFO:colcon.colcon_core.shell:Creating prefix script '/home/muhammed-samet-yildiz/ros2_ws/install/local_setup.sh'
[4.624s] INFO:colcon.colcon_core.shell:Creating prefix util module '/home/muhammed-samet-yildiz/ros2_ws/install/_local_setup_util_sh.py'
[4.625s] INFO:colcon.colcon_core.shell:Creating prefix chain script '/home/muhammed-samet-yildiz/ros2_ws/install/setup.sh'
[4.627s] INFO:colcon.colcon_core.shell:Creating prefix script '/home/muhammed-samet-yildiz/ros2_ws/install/local_setup.bash'
[4.628s] INFO:colcon.colcon_core.shell:Creating prefix chain script '/home/muhammed-samet-yildiz/ros2_ws/install/setup.bash'
[4.630s] INFO:colcon.colcon_core.shell:Creating prefix script '/home/muhammed-samet-yildiz/ros2_ws/install/local_setup.zsh'
[4.631s] INFO:colcon.colcon_core.shell:Creating prefix chain script '/home/muhammed-samet-yildiz/ros2_ws/install/setup.zsh'
