[0.174s] DEBUG:colcon:Command line arguments: ['/usr/bin/colcon', 'build']
[0.174s] DEBUG:colcon:Parsed command line arguments: Namespace(log_base=None, log_level=None, verb_name='build', build_base='build', install_base='install', merge_install=False, symlink_install=False, test_result_base=None, continue_on_error=False, executor='parallel', parallel_workers=16, event_handlers=None, ignore_user_meta=False, metas=['./colcon.meta'], base_paths=['.'], packages_ignore=None, packages_ignore_regex=None, paths=None, packages_up_to=None, packages_up_to_regex=None, packages_above=None, packages_above_and_dependencies=None, packages_above_depth=None, packages_select_by_dep=None, packages_skip_by_dep=None, packages_skip_up_to=None, packages_select_build_failed=False, packages_skip_build_finished=False, packages_select_test_failures=False, packages_skip_test_passed=False, packages_select=None, packages_skip=None, packages_select_regex=None, packages_skip_regex=None, packages_start=None, packages_end=None, allow_overriding=[], cmake_args=None, cmake_target=None, cmake_target_skip_unavailable=False, cmake_clean_cache=False, cmake_clean_first=False, cmake_force_configure=False, ament_cmake_args=None, catkin_cmake_args=None, catkin_skip_building_tests=False, verb_parser=<colcon_defaults.argument_parser.defaults.DefaultArgumentsDecorator object at 0x752bd1503b80>, verb_extension=<colcon_core.verb.build.BuildVerb object at 0x752bd1503610>, main=<bound method BuildVerb.main of <colcon_core.verb.build.BuildVerb object at 0x752bd1503610>>)
[0.479s] Level 1:colcon.colcon_core.package_discovery:discover_packages(colcon_meta) check parameters
[0.479s] Level 1:colcon.colcon_core.package_discovery:discover_packages(recursive) check parameters
[0.479s] Level 1:colcon.colcon_core.package_discovery:discover_packages(ignore) check parameters
[0.479s] Level 1:colcon.colcon_core.package_discovery:discover_packages(path) check parameters
[0.479s] Level 1:colcon.colcon_core.package_discovery:discover_packages(colcon_meta) discover
[0.479s] Level 1:colcon.colcon_core.package_discovery:discover_packages(recursive) discover
[0.479s] INFO:colcon.colcon_core.package_discovery:Crawling recursively for packages in '/home/muhammed-samet-yildiz/ros2_ws'
[0.479s] Level 1:colcon.colcon_core.package_identification:_identify(.) by extensions ['ignore', 'ignore_ament_install']
[0.480s] Level 1:colcon.colcon_core.package_identification:_identify(.) by extension 'ignore'
[0.480s] Level 1:colcon.colcon_core.package_identification:_identify(.) by extension 'ignore_ament_install'
[0.480s] Level 1:colcon.colcon_core.package_identification:_identify(.) by extensions ['colcon_pkg']
[0.480s] Level 1:colcon.colcon_core.package_identification:_identify(.) by extension 'colcon_pkg'
[0.480s] Level 1:colcon.colcon_core.package_identification:_identify(.) by extensions ['colcon_meta']
[0.480s] Level 1:colcon.colcon_core.package_identification:_identify(.) by extension 'colcon_meta'
[0.480s] Level 1:colcon.colcon_core.package_identification:_identify(.) by extensions ['ros']
[0.480s] Level 1:colcon.colcon_core.package_identification:_identify(.) by extension 'ros'
[0.499s] Level 1:colcon.colcon_core.package_identification:_identify(.) by extensions ['cmake', 'python']
[0.499s] Level 1:colcon.colcon_core.package_identification:_identify(.) by extension 'cmake'
[0.499s] Level 1:colcon.colcon_core.package_identification:_identify(.) by extension 'python'
[0.499s] Level 1:colcon.colcon_core.package_identification:_identify(.) by extensions ['python_setup_py']
[0.499s] Level 1:colcon.colcon_core.package_identification:_identify(.) by extension 'python_setup_py'
[0.499s] Level 1:colcon.colcon_core.package_identification:_identify(build) by extensions ['ignore', 'ignore_ament_install']
[0.499s] Level 1:colcon.colcon_core.package_identification:_identify(build) by extension 'ignore'
[0.500s] Level 1:colcon.colcon_core.package_identification:_identify(build) ignored
[0.500s] Level 1:colcon.colcon_core.package_identification:_identify(install) by extensions ['ignore', 'ignore_ament_install']
[0.500s] Level 1:colcon.colcon_core.package_identification:_identify(install) by extension 'ignore'
[0.500s] Level 1:colcon.colcon_core.package_identification:_identify(install) ignored
[0.500s] Level 1:colcon.colcon_core.package_identification:_identify(log) by extensions ['ignore', 'ignore_ament_install']
[0.500s] Level 1:colcon.colcon_core.package_identification:_identify(log) by extension 'ignore'
[0.500s] Level 1:colcon.colcon_core.package_identification:_identify(log) ignored
[0.500s] Level 1:colcon.colcon_core.package_identification:_identify(src) by extensions ['ignore', 'ignore_ament_install']
[0.501s] Level 1:colcon.colcon_core.package_identification:_identify(src) by extension 'ignore'
[0.501s] Level 1:colcon.colcon_core.package_identification:_identify(src) by extension 'ignore_ament_install'
[0.501s] Level 1:colcon.colcon_core.package_identification:_identify(src) by extensions ['colcon_pkg']
[0.501s] Level 1:colcon.colcon_core.package_identification:_identify(src) by extension 'colcon_pkg'
[0.501s] Level 1:colcon.colcon_core.package_identification:_identify(src) by extensions ['colcon_meta']
[0.501s] Level 1:colcon.colcon_core.package_identification:_identify(src) by extension 'colcon_meta'
[0.501s] Level 1:colcon.colcon_core.package_identification:_identify(src) by extensions ['ros']
[0.501s] Level 1:colcon.colcon_core.package_identification:_identify(src) by extension 'ros'
[0.501s] Level 1:colcon.colcon_core.package_identification:_identify(src) by extensions ['cmake', 'python']
[0.501s] Level 1:colcon.colcon_core.package_identification:_identify(src) by extension 'cmake'
[0.501s] Level 1:colcon.colcon_core.package_identification:_identify(src) by extension 'python'
[0.501s] Level 1:colcon.colcon_core.package_identification:_identify(src) by extensions ['python_setup_py']
[0.501s] Level 1:colcon.colcon_core.package_identification:_identify(src) by extension 'python_setup_py'
[0.502s] Level 1:colcon.colcon_core.package_identification:_identify(src/simple_interfaces_pkg) by extensions ['ignore', 'ignore_ament_install']
[0.502s] Level 1:colcon.colcon_core.package_identification:_identify(src/simple_interfaces_pkg) by extension 'ignore'
[0.502s] Level 1:colcon.colcon_core.package_identification:_identify(src/simple_interfaces_pkg) by extension 'ignore_ament_install'
[0.502s] Level 1:colcon.colcon_core.package_identification:_identify(src/simple_interfaces_pkg) by extensions ['colcon_pkg']
[0.502s] Level 1:colcon.colcon_core.package_identification:_identify(src/simple_interfaces_pkg) by extension 'colcon_pkg'
[0.502s] Level 1:colcon.colcon_core.package_identification:_identify(src/simple_interfaces_pkg) by extensions ['colcon_meta']
[0.502s] Level 1:colcon.colcon_core.package_identification:_identify(src/simple_interfaces_pkg) by extension 'colcon_meta'
[0.502s] Level 1:colcon.colcon_core.package_identification:_identify(src/simple_interfaces_pkg) by extensions ['ros']
[0.502s] Level 1:colcon.colcon_core.package_identification:_identify(src/simple_interfaces_pkg) by extension 'ros'
[0.506s] DEBUG:colcon.colcon_core.package_identification:Package 'src/simple_interfaces_pkg' with type 'ros.ament_cmake' and name 'simple_interfaces_pkg'
[0.506s] Level 1:colcon.colcon_core.package_identification:_identify(src/simple_py_pkg) by extensions ['ignore', 'ignore_ament_install']
[0.506s] Level 1:colcon.colcon_core.package_identification:_identify(src/simple_py_pkg) by extension 'ignore'
[0.507s] Level 1:colcon.colcon_core.package_identification:_identify(src/simple_py_pkg) by extension 'ignore_ament_install'
[0.507s] Level 1:colcon.colcon_core.package_identification:_identify(src/simple_py_pkg) by extensions ['colcon_pkg']
[0.507s] Level 1:colcon.colcon_core.package_identification:_identify(src/simple_py_pkg) by extension 'colcon_pkg'
[0.507s] Level 1:colcon.colcon_core.package_identification:_identify(src/simple_py_pkg) by extensions ['colcon_meta']
[0.507s] Level 1:colcon.colcon_core.package_identification:_identify(src/simple_py_pkg) by extension 'colcon_meta'
[0.507s] Level 1:colcon.colcon_core.package_identification:_identify(src/simple_py_pkg) by extensions ['ros']
[0.507s] Level 1:colcon.colcon_core.package_identification:_identify(src/simple_py_pkg) by extension 'ros'
[0.508s] DEBUG:colcon.colcon_core.package_identification:Package 'src/simple_py_pkg' with type 'ros.ament_python' and name 'simple_py_pkg'
[0.508s] Level 1:colcon.colcon_core.package_identification:_identify(turtlesim_ws) by extensions ['ignore', 'ignore_ament_install']
[0.509s] Level 1:colcon.colcon_core.package_identification:_identify(turtlesim_ws) by extension 'ignore'
[0.509s] Level 1:colcon.colcon_core.package_identification:_identify(turtlesim_ws) by extension 'ignore_ament_install'
[0.509s] Level 1:colcon.colcon_core.package_identification:_identify(turtlesim_ws) by extensions ['colcon_pkg']
[0.509s] Level 1:colcon.colcon_core.package_identification:_identify(turtlesim_ws) by extension 'colcon_pkg'
[0.509s] Level 1:colcon.colcon_core.package_identification:_identify(turtlesim_ws) by extensions ['colcon_meta']
[0.509s] Level 1:colcon.colcon_core.package_identification:_identify(turtlesim_ws) by extension 'colcon_meta'
[0.509s] Level 1:colcon.colcon_core.package_identification:_identify(turtlesim_ws) by extensions ['ros']
[0.509s] Level 1:colcon.colcon_core.package_identification:_identify(turtlesim_ws) by extension 'ros'
[0.509s] Level 1:colcon.colcon_core.package_identification:_identify(turtlesim_ws) by extensions ['cmake', 'python']
[0.509s] Level 1:colcon.colcon_core.package_identification:_identify(turtlesim_ws) by extension 'cmake'
[0.509s] Level 1:colcon.colcon_core.package_identification:_identify(turtlesim_ws) by extension 'python'
[0.509s] Level 1:colcon.colcon_core.package_identification:_identify(turtlesim_ws) by extensions ['python_setup_py']
[0.509s] Level 1:colcon.colcon_core.package_identification:_identify(turtlesim_ws) by extension 'python_setup_py'
[0.509s] Level 1:colcon.colcon_core.package_identification:_identify(turtlesim_ws/build) by extensions ['ignore', 'ignore_ament_install']
[0.510s] Level 1:colcon.colcon_core.package_identification:_identify(turtlesim_ws/build) by extension 'ignore'
[0.510s] Level 1:colcon.colcon_core.package_identification:_identify(turtlesim_ws/build) ignored
[0.510s] Level 1:colcon.colcon_core.package_identification:_identify(turtlesim_ws/install) by extensions ['ignore', 'ignore_ament_install']
[0.510s] Level 1:colcon.colcon_core.package_identification:_identify(turtlesim_ws/install) by extension 'ignore'
[0.510s] Level 1:colcon.colcon_core.package_identification:_identify(turtlesim_ws/install) ignored
[0.511s] Level 1:colcon.colcon_core.package_identification:_identify(turtlesim_ws/log) by extensions ['ignore', 'ignore_ament_install']
[0.511s] Level 1:colcon.colcon_core.package_identification:_identify(turtlesim_ws/log) by extension 'ignore'
[0.511s] Level 1:colcon.colcon_core.package_identification:_identify(turtlesim_ws/log) ignored
[0.511s] Level 1:colcon.colcon_core.package_identification:_identify(turtlesim_ws/src) by extensions ['ignore', 'ignore_ament_install']
[0.511s] Level 1:colcon.colcon_core.package_identification:_identify(turtlesim_ws/src) by extension 'ignore'
[0.512s] Level 1:colcon.colcon_core.package_identification:_identify(turtlesim_ws/src) by extension 'ignore_ament_install'
[0.512s] Level 1:colcon.colcon_core.package_identification:_identify(turtlesim_ws/src) by extensions ['colcon_pkg']
[0.512s] Level 1:colcon.colcon_core.package_identification:_identify(turtlesim_ws/src) by extension 'colcon_pkg'
[0.512s] Level 1:colcon.colcon_core.package_identification:_identify(turtlesim_ws/src) by extensions ['colcon_meta']
[0.512s] Level 1:colcon.colcon_core.package_identification:_identify(turtlesim_ws/src) by extension 'colcon_meta'
[0.512s] Level 1:colcon.colcon_core.package_identification:_identify(turtlesim_ws/src) by extensions ['ros']
[0.512s] Level 1:colcon.colcon_core.package_identification:_identify(turtlesim_ws/src) by extension 'ros'
[0.512s] Level 1:colcon.colcon_core.package_identification:_identify(turtlesim_ws/src) by extensions ['cmake', 'python']
[0.512s] Level 1:colcon.colcon_core.package_identification:_identify(turtlesim_ws/src) by extension 'cmake'
[0.512s] Level 1:colcon.colcon_core.package_identification:_identify(turtlesim_ws/src) by extension 'python'
[0.512s] Level 1:colcon.colcon_core.package_identification:_identify(turtlesim_ws/src) by extensions ['python_setup_py']
[0.512s] Level 1:colcon.colcon_core.package_identification:_identify(turtlesim_ws/src) by extension 'python_setup_py'
[0.512s] Level 1:colcon.colcon_core.package_identification:_identify(turtlesim_ws/src/turtlesim_py_pkg) by extensions ['ignore', 'ignore_ament_install']
[0.513s] Level 1:colcon.colcon_core.package_identification:_identify(turtlesim_ws/src/turtlesim_py_pkg) by extension 'ignore'
[0.513s] Level 1:colcon.colcon_core.package_identification:_identify(turtlesim_ws/src/turtlesim_py_pkg) by extension 'ignore_ament_install'
[0.513s] Level 1:colcon.colcon_core.package_identification:_identify(turtlesim_ws/src/turtlesim_py_pkg) by extensions ['colcon_pkg']
[0.513s] Level 1:colcon.colcon_core.package_identification:_identify(turtlesim_ws/src/turtlesim_py_pkg) by extension 'colcon_pkg'
[0.513s] Level 1:colcon.colcon_core.package_identification:_identify(turtlesim_ws/src/turtlesim_py_pkg) by extensions ['colcon_meta']
[0.513s] Level 1:colcon.colcon_core.package_identification:_identify(turtlesim_ws/src/turtlesim_py_pkg) by extension 'colcon_meta'
[0.513s] Level 1:colcon.colcon_core.package_identification:_identify(turtlesim_ws/src/turtlesim_py_pkg) by extensions ['ros']
[0.513s] Level 1:colcon.colcon_core.package_identification:_identify(turtlesim_ws/src/turtlesim_py_pkg) by extension 'ros'
[0.514s] DEBUG:colcon.colcon_core.package_identification:Package 'turtlesim_ws/src/turtlesim_py_pkg' with type 'ros.ament_python' and name 'turtlesim_py_pkg'
[0.514s] Level 1:colcon.colcon_core.package_discovery:discover_packages(recursive) using defaults
[0.514s] Level 1:colcon.colcon_core.package_discovery:discover_packages(ignore) discover
[0.514s] Level 1:colcon.colcon_core.package_discovery:discover_packages(ignore) using defaults
[0.514s] Level 1:colcon.colcon_core.package_discovery:discover_packages(path) discover
[0.514s] Level 1:colcon.colcon_core.package_discovery:discover_packages(path) using defaults
[0.551s] Level 1:colcon.colcon_core.package_discovery:discover_packages(prefix_path) check parameters
[0.551s] Level 1:colcon.colcon_core.package_discovery:discover_packages(prefix_path) discover
[0.555s] DEBUG:colcon.colcon_installed_package_information.package_discovery:Found 1 installed packages in /home/muhammed-samet-yildiz/turtlesim_ws/install
[0.555s] DEBUG:colcon.colcon_installed_package_information.package_discovery:Found 3 installed packages in /home/muhammed-samet-yildiz/ros2_ws/install
[0.557s] DEBUG:colcon.colcon_installed_package_information.package_discovery:Found 271 installed packages in /opt/ros/humble
[0.560s] Level 1:colcon.colcon_core.package_discovery:discover_packages(prefix_path) using defaults
[0.632s] Level 5:colcon.colcon_core.verb:set package 'simple_interfaces_pkg' build argument 'cmake_args' from command line to 'None'
[0.632s] Level 5:colcon.colcon_core.verb:set package 'simple_interfaces_pkg' build argument 'cmake_target' from command line to 'None'
[0.632s] Level 5:colcon.colcon_core.verb:set package 'simple_interfaces_pkg' build argument 'cmake_target_skip_unavailable' from command line to 'False'
[0.632s] Level 5:colcon.colcon_core.verb:set package 'simple_interfaces_pkg' build argument 'cmake_clean_cache' from command line to 'False'
[0.632s] Level 5:colcon.colcon_core.verb:set package 'simple_interfaces_pkg' build argument 'cmake_clean_first' from command line to 'False'
[0.632s] Level 5:colcon.colcon_core.verb:set package 'simple_interfaces_pkg' build argument 'cmake_force_configure' from command line to 'False'
[0.632s] Level 5:colcon.colcon_core.verb:set package 'simple_interfaces_pkg' build argument 'ament_cmake_args' from command line to 'None'
[0.632s] Level 5:colcon.colcon_core.verb:set package 'simple_interfaces_pkg' build argument 'catkin_cmake_args' from command line to 'None'
[0.632s] Level 5:colcon.colcon_core.verb:set package 'simple_interfaces_pkg' build argument 'catkin_skip_building_tests' from command line to 'False'
[0.633s] DEBUG:colcon.colcon_core.verb:Building package 'simple_interfaces_pkg' with the following arguments: {'ament_cmake_args': None, 'build_base': '/home/muhammed-samet-yildiz/ros2_ws/build/simple_interfaces_pkg', 'catkin_cmake_args': None, 'catkin_skip_building_tests': False, 'cmake_args': None, 'cmake_clean_cache': False, 'cmake_clean_first': False, 'cmake_force_configure': False, 'cmake_target': None, 'cmake_target_skip_unavailable': False, 'install_base': '/home/muhammed-samet-yildiz/ros2_ws/install/simple_interfaces_pkg', 'merge_install': False, 'path': '/home/muhammed-samet-yildiz/ros2_ws/src/simple_interfaces_pkg', 'symlink_install': False, 'test_result_base': None}
[0.633s] Level 5:colcon.colcon_core.verb:set package 'turtlesim_py_pkg' build argument 'cmake_args' from command line to 'None'
[0.633s] Level 5:colcon.colcon_core.verb:set package 'turtlesim_py_pkg' build argument 'cmake_target' from command line to 'None'
[0.633s] Level 5:colcon.colcon_core.verb:set package 'turtlesim_py_pkg' build argument 'cmake_target_skip_unavailable' from command line to 'False'
[0.633s] Level 5:colcon.colcon_core.verb:set package 'turtlesim_py_pkg' build argument 'cmake_clean_cache' from command line to 'False'
[0.633s] Level 5:colcon.colcon_core.verb:set package 'turtlesim_py_pkg' build argument 'cmake_clean_first' from command line to 'False'
[0.633s] Level 5:colcon.colcon_core.verb:set package 'turtlesim_py_pkg' build argument 'cmake_force_configure' from command line to 'False'
[0.633s] Level 5:colcon.colcon_core.verb:set package 'turtlesim_py_pkg' build argument 'ament_cmake_args' from command line to 'None'
[0.633s] Level 5:colcon.colcon_core.verb:set package 'turtlesim_py_pkg' build argument 'catkin_cmake_args' from command line to 'None'
[0.633s] Level 5:colcon.colcon_core.verb:set package 'turtlesim_py_pkg' build argument 'catkin_skip_building_tests' from command line to 'False'
[0.633s] DEBUG:colcon.colcon_core.verb:Building package 'turtlesim_py_pkg' with the following arguments: {'ament_cmake_args': None, 'build_base': '/home/muhammed-samet-yildiz/ros2_ws/build/turtlesim_py_pkg', 'catkin_cmake_args': None, 'catkin_skip_building_tests': False, 'cmake_args': None, 'cmake_clean_cache': False, 'cmake_clean_first': False, 'cmake_force_configure': False, 'cmake_target': None, 'cmake_target_skip_unavailable': False, 'install_base': '/home/muhammed-samet-yildiz/ros2_ws/install/turtlesim_py_pkg', 'merge_install': False, 'path': '/home/muhammed-samet-yildiz/ros2_ws/turtlesim_ws/src/turtlesim_py_pkg', 'symlink_install': False, 'test_result_base': None}
[0.634s] Level 5:colcon.colcon_core.verb:set package 'simple_py_pkg' build argument 'cmake_args' from command line to 'None'
[0.634s] Level 5:colcon.colcon_core.verb:set package 'simple_py_pkg' build argument 'cmake_target' from command line to 'None'
[0.634s] Level 5:colcon.colcon_core.verb:set package 'simple_py_pkg' build argument 'cmake_target_skip_unavailable' from command line to 'False'
[0.634s] Level 5:colcon.colcon_core.verb:set package 'simple_py_pkg' build argument 'cmake_clean_cache' from command line to 'False'
[0.634s] Level 5:colcon.colcon_core.verb:set package 'simple_py_pkg' build argument 'cmake_clean_first' from command line to 'False'
[0.634s] Level 5:colcon.colcon_core.verb:set package 'simple_py_pkg' build argument 'cmake_force_configure' from command line to 'False'
[0.634s] Level 5:colcon.colcon_core.verb:set package 'simple_py_pkg' build argument 'ament_cmake_args' from command line to 'None'
[0.634s] Level 5:colcon.colcon_core.verb:set package 'simple_py_pkg' build argument 'catkin_cmake_args' from command line to 'None'
[0.634s] Level 5:colcon.colcon_core.verb:set package 'simple_py_pkg' build argument 'catkin_skip_building_tests' from command line to 'False'
[0.634s] DEBUG:colcon.colcon_core.verb:Building package 'simple_py_pkg' with the following arguments: {'ament_cmake_args': None, 'build_base': '/home/muhammed-samet-yildiz/ros2_ws/build/simple_py_pkg', 'catkin_cmake_args': None, 'catkin_skip_building_tests': False, 'cmake_args': None, 'cmake_clean_cache': False, 'cmake_clean_first': False, 'cmake_force_configure': False, 'cmake_target': None, 'cmake_target_skip_unavailable': False, 'install_base': '/home/muhammed-samet-yildiz/ros2_ws/install/simple_py_pkg', 'merge_install': False, 'path': '/home/muhammed-samet-yildiz/ros2_ws/src/simple_py_pkg', 'symlink_install': False, 'test_result_base': None}
[0.634s] INFO:colcon.colcon_core.executor:Executing jobs using 'parallel' executor
[0.635s] DEBUG:colcon.colcon_parallel_executor.executor.parallel:run_until_complete
[0.636s] INFO:colcon.colcon_ros.task.ament_cmake.build:Building ROS package in '/home/muhammed-samet-yildiz/ros2_ws/src/simple_interfaces_pkg' with build type 'ament_cmake'
[0.636s] INFO:colcon.colcon_cmake.task.cmake.build:Building CMake package in '/home/muhammed-samet-yildiz/ros2_ws/src/simple_interfaces_pkg'
[0.641s] INFO:colcon.colcon_core.plugin_system:Skipping extension 'colcon_core.shell.bat': Not used on non-Windows systems
[0.641s] INFO:colcon.colcon_core.shell:Skip shell extension 'powershell' for command environment: Not usable outside of PowerShell
[0.641s] DEBUG:colcon.colcon_core.shell:Skip shell extension 'dsv' for command environment
[0.647s] INFO:colcon.colcon_ros.task.ament_python.build:Building ROS package in '/home/muhammed-samet-yildiz/ros2_ws/turtlesim_ws/src/turtlesim_py_pkg' with build type 'ament_python'
[0.647s] Level 1:colcon.colcon_core.shell:create_environment_hook('turtlesim_py_pkg', 'ament_prefix_path')
[0.647s] INFO:colcon.colcon_core.shell:Creating environment hook '/home/muhammed-samet-yildiz/ros2_ws/install/turtlesim_py_pkg/share/turtlesim_py_pkg/hook/ament_prefix_path.ps1'
[0.649s] INFO:colcon.colcon_core.shell:Creating environment descriptor '/home/muhammed-samet-yildiz/ros2_ws/install/turtlesim_py_pkg/share/turtlesim_py_pkg/hook/ament_prefix_path.dsv'
[0.650s] INFO:colcon.colcon_core.shell:Creating environment hook '/home/muhammed-samet-yildiz/ros2_ws/install/turtlesim_py_pkg/share/turtlesim_py_pkg/hook/ament_prefix_path.sh'
[0.651s] INFO:colcon.colcon_core.shell:Skip shell extension 'powershell' for command environment: Not usable outside of PowerShell
[0.651s] DEBUG:colcon.colcon_core.shell:Skip shell extension 'dsv' for command environment
[0.662s] DEBUG:colcon.colcon_core.event_handler.log_command:Invoking command in '/home/muhammed-samet-yildiz/ros2_ws/build/simple_interfaces_pkg': CMAKE_PREFIX_PATH=${CMAKE_PREFIX_PATH}:/home/muhammed-samet-yildiz/ros2_ws/install/turtlesim_py_pkg:/home/muhammed-samet-yildiz/ros2_ws/install/simple_py_pkg:/home/muhammed-samet-yildiz/turtlesim_ws/install/turtlesim_py_pkg:/opt/ros/humble /usr/bin/cmake --build /home/muhammed-samet-yildiz/ros2_ws/build/simple_interfaces_pkg -- -j16 -l16
[1.082s] INFO:colcon.colcon_core.task.python.build:Building Python package in '/home/muhammed-samet-yildiz/ros2_ws/turtlesim_ws/src/turtlesim_py_pkg'
[1.082s] INFO:colcon.colcon_core.shell:Skip shell extension 'powershell' for command environment: Not usable outside of PowerShell
[1.082s] DEBUG:colcon.colcon_core.shell:Skip shell extension 'dsv' for command environment
[1.301s] DEBUG:colcon.colcon_core.event_handler.log_command:Invoked command in '/home/muhammed-samet-yildiz/ros2_ws/build/simple_interfaces_pkg' returned '0': CMAKE_PREFIX_PATH=${CMAKE_PREFIX_PATH}:/home/muhammed-samet-yildiz/ros2_ws/install/turtlesim_py_pkg:/home/muhammed-samet-yildiz/ros2_ws/install/simple_py_pkg:/home/muhammed-samet-yildiz/turtlesim_ws/install/turtlesim_py_pkg:/opt/ros/humble /usr/bin/cmake --build /home/muhammed-samet-yildiz/ros2_ws/build/simple_interfaces_pkg -- -j16 -l16
[1.322s] DEBUG:colcon.colcon_core.event_handler.log_command:Invoking command in '/home/muhammed-samet-yildiz/ros2_ws/build/simple_interfaces_pkg': CMAKE_PREFIX_PATH=${CMAKE_PREFIX_PATH}:/home/muhammed-samet-yildiz/ros2_ws/install/turtlesim_py_pkg:/home/muhammed-samet-yildiz/ros2_ws/install/simple_py_pkg:/home/muhammed-samet-yildiz/turtlesim_ws/install/turtlesim_py_pkg:/opt/ros/humble /usr/bin/cmake --install /home/muhammed-samet-yildiz/ros2_ws/build/simple_interfaces_pkg
[1.499s] Level 1:colcon.colcon_core.environment:create_environment_scripts_only(simple_interfaces_pkg)
[1.500s] DEBUG:colcon.colcon_core.event_handler.log_command:Invoked command in '/home/muhammed-samet-yildiz/ros2_ws/build/simple_interfaces_pkg' returned '0': CMAKE_PREFIX_PATH=${CMAKE_PREFIX_PATH}:/home/muhammed-samet-yildiz/ros2_ws/install/turtlesim_py_pkg:/home/muhammed-samet-yildiz/ros2_ws/install/simple_py_pkg:/home/muhammed-samet-yildiz/turtlesim_ws/install/turtlesim_py_pkg:/opt/ros/humble /usr/bin/cmake --install /home/muhammed-samet-yildiz/ros2_ws/build/simple_interfaces_pkg
[1.506s] Level 1:colcon.colcon_core.environment:checking '/home/muhammed-samet-yildiz/ros2_ws/install/simple_interfaces_pkg' for CMake module files
[1.507s] Level 1:colcon.colcon_core.environment:checking '/home/muhammed-samet-yildiz/ros2_ws/install/simple_interfaces_pkg' for CMake config files
[1.508s] Level 1:colcon.colcon_core.shell:create_environment_hook('simple_interfaces_pkg', 'cmake_prefix_path')
[1.508s] INFO:colcon.colcon_core.shell:Creating environment hook '/home/muhammed-samet-yildiz/ros2_ws/install/simple_interfaces_pkg/share/simple_interfaces_pkg/hook/cmake_prefix_path.ps1'
[1.509s] INFO:colcon.colcon_core.shell:Creating environment descriptor '/home/muhammed-samet-yildiz/ros2_ws/install/simple_interfaces_pkg/share/simple_interfaces_pkg/hook/cmake_prefix_path.dsv'
[1.509s] INFO:colcon.colcon_core.shell:Creating environment hook '/home/muhammed-samet-yildiz/ros2_ws/install/simple_interfaces_pkg/share/simple_interfaces_pkg/hook/cmake_prefix_path.sh'
[1.510s] Level 1:colcon.colcon_core.environment:checking '/home/muhammed-samet-yildiz/ros2_ws/install/simple_interfaces_pkg/lib'
[1.511s] Level 1:colcon.colcon_core.shell:create_environment_hook('simple_interfaces_pkg', 'ld_library_path_lib')
[1.511s] INFO:colcon.colcon_core.shell:Creating environment hook '/home/muhammed-samet-yildiz/ros2_ws/install/simple_interfaces_pkg/share/simple_interfaces_pkg/hook/ld_library_path_lib.ps1'
[1.512s] INFO:colcon.colcon_core.shell:Creating environment descriptor '/home/muhammed-samet-yildiz/ros2_ws/install/simple_interfaces_pkg/share/simple_interfaces_pkg/hook/ld_library_path_lib.dsv'
[1.512s] INFO:colcon.colcon_core.shell:Creating environment hook '/home/muhammed-samet-yildiz/ros2_ws/install/simple_interfaces_pkg/share/simple_interfaces_pkg/hook/ld_library_path_lib.sh'
[1.513s] Level 1:colcon.colcon_core.environment:checking '/home/muhammed-samet-yildiz/ros2_ws/install/simple_interfaces_pkg/bin'
[1.513s] Level 1:colcon.colcon_core.environment:checking '/home/muhammed-samet-yildiz/ros2_ws/install/simple_interfaces_pkg/lib/pkgconfig/simple_interfaces_pkg.pc'
[1.513s] Level 1:colcon.colcon_core.environment:checking '/home/muhammed-samet-yildiz/ros2_ws/install/simple_interfaces_pkg/lib/python3.10/site-packages'
[1.514s] Level 1:colcon.colcon_core.environment:checking '/home/muhammed-samet-yildiz/ros2_ws/install/simple_interfaces_pkg/bin'
[1.514s] INFO:colcon.colcon_core.shell:Creating package script '/home/muhammed-samet-yildiz/ros2_ws/install/simple_interfaces_pkg/share/simple_interfaces_pkg/package.ps1'
[1.515s] INFO:colcon.colcon_core.shell:Creating package descriptor '/home/muhammed-samet-yildiz/ros2_ws/install/simple_interfaces_pkg/share/simple_interfaces_pkg/package.dsv'
[1.516s] INFO:colcon.colcon_core.shell:Creating package script '/home/muhammed-samet-yildiz/ros2_ws/install/simple_interfaces_pkg/share/simple_interfaces_pkg/package.sh'
[1.517s] INFO:colcon.colcon_core.shell:Creating package script '/home/muhammed-samet-yildiz/ros2_ws/install/simple_interfaces_pkg/share/simple_interfaces_pkg/package.bash'
[1.518s] INFO:colcon.colcon_core.shell:Creating package script '/home/muhammed-samet-yildiz/ros2_ws/install/simple_interfaces_pkg/share/simple_interfaces_pkg/package.zsh'
[1.520s] Level 1:colcon.colcon_core.environment:create_file_with_runtime_dependencies(/home/muhammed-samet-yildiz/ros2_ws/install/simple_interfaces_pkg/share/colcon-core/packages/simple_interfaces_pkg)
[1.521s] Level 1:colcon.colcon_core.environment:create_environment_scripts_only(simple_interfaces_pkg)
[1.521s] Level 1:colcon.colcon_core.environment:checking '/home/muhammed-samet-yildiz/ros2_ws/install/simple_interfaces_pkg' for CMake module files
[1.522s] Level 1:colcon.colcon_core.environment:checking '/home/muhammed-samet-yildiz/ros2_ws/install/simple_interfaces_pkg' for CMake config files
[1.522s] Level 1:colcon.colcon_core.shell:create_environment_hook('simple_interfaces_pkg', 'cmake_prefix_path')
[1.523s] INFO:colcon.colcon_core.shell:Creating environment hook '/home/muhammed-samet-yildiz/ros2_ws/install/simple_interfaces_pkg/share/simple_interfaces_pkg/hook/cmake_prefix_path.ps1'
[1.523s] INFO:colcon.colcon_core.shell:Creating environment descriptor '/home/muhammed-samet-yildiz/ros2_ws/install/simple_interfaces_pkg/share/simple_interfaces_pkg/hook/cmake_prefix_path.dsv'
[1.524s] INFO:colcon.colcon_core.shell:Creating environment hook '/home/muhammed-samet-yildiz/ros2_ws/install/simple_interfaces_pkg/share/simple_interfaces_pkg/hook/cmake_prefix_path.sh'
[1.524s] Level 1:colcon.colcon_core.environment:checking '/home/muhammed-samet-yildiz/ros2_ws/install/simple_interfaces_pkg/lib'
[1.524s] Level 1:colcon.colcon_core.shell:create_environment_hook('simple_interfaces_pkg', 'ld_library_path_lib')
[1.525s] INFO:colcon.colcon_core.shell:Creating environment hook '/home/muhammed-samet-yildiz/ros2_ws/install/simple_interfaces_pkg/share/simple_interfaces_pkg/hook/ld_library_path_lib.ps1'
[1.525s] INFO:colcon.colcon_core.shell:Creating environment descriptor '/home/muhammed-samet-yildiz/ros2_ws/install/simple_interfaces_pkg/share/simple_interfaces_pkg/hook/ld_library_path_lib.dsv'
[1.526s] INFO:colcon.colcon_core.shell:Creating environment hook '/home/muhammed-samet-yildiz/ros2_ws/install/simple_interfaces_pkg/share/simple_interfaces_pkg/hook/ld_library_path_lib.sh'
[1.527s] Level 1:colcon.colcon_core.environment:checking '/home/muhammed-samet-yildiz/ros2_ws/install/simple_interfaces_pkg/bin'
[1.527s] Level 1:colcon.colcon_core.environment:checking '/home/muhammed-samet-yildiz/ros2_ws/install/simple_interfaces_pkg/lib/pkgconfig/simple_interfaces_pkg.pc'
[1.527s] Level 1:colcon.colcon_core.environment:checking '/home/muhammed-samet-yildiz/ros2_ws/install/simple_interfaces_pkg/lib/python3.10/site-packages'
[1.527s] Level 1:colcon.colcon_core.environment:checking '/home/muhammed-samet-yildiz/ros2_ws/install/simple_interfaces_pkg/bin'
[1.528s] INFO:colcon.colcon_core.shell:Creating package script '/home/muhammed-samet-yildiz/ros2_ws/install/simple_interfaces_pkg/share/simple_interfaces_pkg/package.ps1'
[1.528s] INFO:colcon.colcon_core.shell:Creating package descriptor '/home/muhammed-samet-yildiz/ros2_ws/install/simple_interfaces_pkg/share/simple_interfaces_pkg/package.dsv'
[1.529s] INFO:colcon.colcon_core.shell:Creating package script '/home/muhammed-samet-yildiz/ros2_ws/install/simple_interfaces_pkg/share/simple_interfaces_pkg/package.sh'
[1.529s] INFO:colcon.colcon_core.shell:Creating package script '/home/muhammed-samet-yildiz/ros2_ws/install/simple_interfaces_pkg/share/simple_interfaces_pkg/package.bash'
[1.530s] INFO:colcon.colcon_core.shell:Creating package script '/home/muhammed-samet-yildiz/ros2_ws/install/simple_interfaces_pkg/share/simple_interfaces_pkg/package.zsh'
[1.530s] Level 1:colcon.colcon_core.environment:create_file_with_runtime_dependencies(/home/muhammed-samet-yildiz/ros2_ws/install/simple_interfaces_pkg/share/colcon-core/packages/simple_interfaces_pkg)
[1.531s] INFO:colcon.colcon_ros.task.ament_python.build:Building ROS package in '/home/muhammed-samet-yildiz/ros2_ws/src/simple_py_pkg' with build type 'ament_python'
[1.531s] Level 1:colcon.colcon_core.shell:create_environment_hook('simple_py_pkg', 'ament_prefix_path')
[1.531s] INFO:colcon.colcon_core.shell:Creating environment hook '/home/muhammed-samet-yildiz/ros2_ws/install/simple_py_pkg/share/simple_py_pkg/hook/ament_prefix_path.ps1'
[1.533s] INFO:colcon.colcon_core.shell:Creating environment descriptor '/home/muhammed-samet-yildiz/ros2_ws/install/simple_py_pkg/share/simple_py_pkg/hook/ament_prefix_path.dsv'
[1.534s] INFO:colcon.colcon_core.shell:Creating environment hook '/home/muhammed-samet-yildiz/ros2_ws/install/simple_py_pkg/share/simple_py_pkg/hook/ament_prefix_path.sh'
[1.536s] INFO:colcon.colcon_core.shell:Skip shell extension 'powershell' for command environment: Not usable outside of PowerShell
[1.536s] DEBUG:colcon.colcon_core.shell:Skip shell extension 'dsv' for command environment
[1.902s] INFO:colcon.colcon_core.task.python.build:Building Python package in '/home/muhammed-samet-yildiz/ros2_ws/src/simple_py_pkg'
[1.902s] INFO:colcon.colcon_core.shell:Skip shell extension 'powershell' for command environment: Not usable outside of PowerShell
[1.903s] DEBUG:colcon.colcon_core.shell:Skip shell extension 'dsv' for command environment
[1.916s] DEBUG:colcon.colcon_core.event_handler.log_command:Invoking command in '/home/muhammed-samet-yildiz/ros2_ws/turtlesim_ws/src/turtlesim_py_pkg': PYTHONPATH=/home/muhammed-samet-yildiz/ros2_ws/build/turtlesim_py_pkg/prefix_override:/usr/lib/python3/dist-packages/colcon_core/task/python/colcon_distutils_commands:/home/muhammed-samet-yildiz/ros2_ws/install/turtlesim_py_pkg/lib/python3.10/site-packages:${PYTHONPATH} /usr/bin/python3 -W ignore:setup.py install is deprecated -W ignore:easy_install command is deprecated setup.py egg_info --egg-base ../../../build/turtlesim_py_pkg build --build-base /home/muhammed-samet-yildiz/ros2_ws/build/turtlesim_py_pkg/build install --record /home/muhammed-samet-yildiz/ros2_ws/build/turtlesim_py_pkg/install.log --single-version-externally-managed install_data
[2.403s] Level 1:colcon.colcon_core.environment:checking '/home/muhammed-samet-yildiz/ros2_ws/install/turtlesim_py_pkg' for CMake module files
[2.405s] DEBUG:colcon.colcon_core.event_handler.log_command:Invoked command in '/home/muhammed-samet-yildiz/ros2_ws/turtlesim_ws/src/turtlesim_py_pkg' returned '0': PYTHONPATH=/home/muhammed-samet-yildiz/ros2_ws/build/turtlesim_py_pkg/prefix_override:/usr/lib/python3/dist-packages/colcon_core/task/python/colcon_distutils_commands:/home/muhammed-samet-yildiz/ros2_ws/install/turtlesim_py_pkg/lib/python3.10/site-packages:${PYTHONPATH} /usr/bin/python3 -W ignore:setup.py install is deprecated -W ignore:easy_install command is deprecated setup.py egg_info --egg-base ../../../build/turtlesim_py_pkg build --build-base /home/muhammed-samet-yildiz/ros2_ws/build/turtlesim_py_pkg/build install --record /home/muhammed-samet-yildiz/ros2_ws/build/turtlesim_py_pkg/install.log --single-version-externally-managed install_data
[2.405s] Level 1:colcon.colcon_core.environment:checking '/home/muhammed-samet-yildiz/ros2_ws/install/turtlesim_py_pkg' for CMake config files
[2.406s] Level 1:colcon.colcon_core.environment:checking '/home/muhammed-samet-yildiz/ros2_ws/install/turtlesim_py_pkg/lib'
[2.407s] Level 1:colcon.colcon_core.environment:checking '/home/muhammed-samet-yildiz/ros2_ws/install/turtlesim_py_pkg/bin'
[2.407s] Level 1:colcon.colcon_core.environment:checking '/home/muhammed-samet-yildiz/ros2_ws/install/turtlesim_py_pkg/lib/pkgconfig/turtlesim_py_pkg.pc'
[2.408s] Level 1:colcon.colcon_core.environment:checking '/home/muhammed-samet-yildiz/ros2_ws/install/turtlesim_py_pkg/lib/python3.10/site-packages'
[2.408s] Level 1:colcon.colcon_core.shell:create_environment_hook('turtlesim_py_pkg', 'pythonpath')
[2.409s] INFO:colcon.colcon_core.shell:Creating environment hook '/home/muhammed-samet-yildiz/ros2_ws/install/turtlesim_py_pkg/share/turtlesim_py_pkg/hook/pythonpath.ps1'
[2.410s] INFO:colcon.colcon_core.shell:Creating environment descriptor '/home/muhammed-samet-yildiz/ros2_ws/install/turtlesim_py_pkg/share/turtlesim_py_pkg/hook/pythonpath.dsv'
[2.411s] INFO:colcon.colcon_core.shell:Creating environment hook '/home/muhammed-samet-yildiz/ros2_ws/install/turtlesim_py_pkg/share/turtlesim_py_pkg/hook/pythonpath.sh'
[2.412s] Level 1:colcon.colcon_core.environment:checking '/home/muhammed-samet-yildiz/ros2_ws/install/turtlesim_py_pkg/bin'
[2.412s] Level 1:colcon.colcon_core.environment:create_environment_scripts_only(turtlesim_py_pkg)
[2.412s] INFO:colcon.colcon_core.shell:Creating package script '/home/muhammed-samet-yildiz/ros2_ws/install/turtlesim_py_pkg/share/turtlesim_py_pkg/package.ps1'
[2.413s] INFO:colcon.colcon_core.shell:Creating package descriptor '/home/muhammed-samet-yildiz/ros2_ws/install/turtlesim_py_pkg/share/turtlesim_py_pkg/package.dsv'
[2.415s] INFO:colcon.colcon_core.shell:Creating package script '/home/muhammed-samet-yildiz/ros2_ws/install/turtlesim_py_pkg/share/turtlesim_py_pkg/package.sh'
[2.415s] INFO:colcon.colcon_core.shell:Creating package script '/home/muhammed-samet-yildiz/ros2_ws/install/turtlesim_py_pkg/share/turtlesim_py_pkg/package.bash'
[2.416s] INFO:colcon.colcon_core.shell:Creating package script '/home/muhammed-samet-yildiz/ros2_ws/install/turtlesim_py_pkg/share/turtlesim_py_pkg/package.zsh'
[2.416s] Level 1:colcon.colcon_core.environment:create_file_with_runtime_dependencies(/home/muhammed-samet-yildiz/ros2_ws/install/turtlesim_py_pkg/share/colcon-core/packages/turtlesim_py_pkg)
[2.453s] DEBUG:colcon.colcon_core.event_handler.log_command:Invoking command in '/home/muhammed-samet-yildiz/ros2_ws/src/simple_py_pkg': PYTHONPATH=/home/muhammed-samet-yildiz/ros2_ws/build/simple_py_pkg/prefix_override:/usr/lib/python3/dist-packages/colcon_core/task/python/colcon_distutils_commands:/home/muhammed-samet-yildiz/ros2_ws/install/simple_py_pkg/lib/python3.10/site-packages:${PYTHONPATH} /usr/bin/python3 -W ignore:setup.py install is deprecated -W ignore:easy_install command is deprecated setup.py egg_info --egg-base ../../build/simple_py_pkg build --build-base /home/muhammed-samet-yildiz/ros2_ws/build/simple_py_pkg/build install --record /home/muhammed-samet-yildiz/ros2_ws/build/simple_py_pkg/install.log --single-version-externally-managed install_data
[2.902s] Level 1:colcon.colcon_core.environment:checking '/home/muhammed-samet-yildiz/ros2_ws/install/simple_py_pkg' for CMake module files
[2.904s] DEBUG:colcon.colcon_core.event_handler.log_command:Invoked command in '/home/muhammed-samet-yildiz/ros2_ws/src/simple_py_pkg' returned '0': PYTHONPATH=/home/muhammed-samet-yildiz/ros2_ws/build/simple_py_pkg/prefix_override:/usr/lib/python3/dist-packages/colcon_core/task/python/colcon_distutils_commands:/home/muhammed-samet-yildiz/ros2_ws/install/simple_py_pkg/lib/python3.10/site-packages:${PYTHONPATH} /usr/bin/python3 -W ignore:setup.py install is deprecated -W ignore:easy_install command is deprecated setup.py egg_info --egg-base ../../build/simple_py_pkg build --build-base /home/muhammed-samet-yildiz/ros2_ws/build/simple_py_pkg/build install --record /home/muhammed-samet-yildiz/ros2_ws/build/simple_py_pkg/install.log --single-version-externally-managed install_data
[2.905s] Level 1:colcon.colcon_core.environment:checking '/home/muhammed-samet-yildiz/ros2_ws/install/simple_py_pkg' for CMake config files
[2.907s] Level 1:colcon.colcon_core.environment:checking '/home/muhammed-samet-yildiz/ros2_ws/install/simple_py_pkg/lib'
[2.907s] Level 1:colcon.colcon_core.environment:checking '/home/muhammed-samet-yildiz/ros2_ws/install/simple_py_pkg/bin'
[2.907s] Level 1:colcon.colcon_core.environment:checking '/home/muhammed-samet-yildiz/ros2_ws/install/simple_py_pkg/lib/pkgconfig/simple_py_pkg.pc'
[2.908s] Level 1:colcon.colcon_core.environment:checking '/home/muhammed-samet-yildiz/ros2_ws/install/simple_py_pkg/lib/python3.10/site-packages'
[2.908s] Level 1:colcon.colcon_core.shell:create_environment_hook('simple_py_pkg', 'pythonpath')
[2.909s] INFO:colcon.colcon_core.shell:Creating environment hook '/home/muhammed-samet-yildiz/ros2_ws/install/simple_py_pkg/share/simple_py_pkg/hook/pythonpath.ps1'
[2.910s] INFO:colcon.colcon_core.shell:Creating environment descriptor '/home/muhammed-samet-yildiz/ros2_ws/install/simple_py_pkg/share/simple_py_pkg/hook/pythonpath.dsv'
[2.911s] INFO:colcon.colcon_core.shell:Creating environment hook '/home/muhammed-samet-yildiz/ros2_ws/install/simple_py_pkg/share/simple_py_pkg/hook/pythonpath.sh'
[2.912s] Level 1:colcon.colcon_core.environment:checking '/home/muhammed-samet-yildiz/ros2_ws/install/simple_py_pkg/bin'
[2.912s] Level 1:colcon.colcon_core.environment:create_environment_scripts_only(simple_py_pkg)
[2.912s] INFO:colcon.colcon_core.shell:Creating package script '/home/muhammed-samet-yildiz/ros2_ws/install/simple_py_pkg/share/simple_py_pkg/package.ps1'
[2.913s] INFO:colcon.colcon_core.shell:Creating package descriptor '/home/muhammed-samet-yildiz/ros2_ws/install/simple_py_pkg/share/simple_py_pkg/package.dsv'
[2.913s] INFO:colcon.colcon_core.shell:Creating package script '/home/muhammed-samet-yildiz/ros2_ws/install/simple_py_pkg/share/simple_py_pkg/package.sh'
[2.914s] INFO:colcon.colcon_core.shell:Creating package script '/home/muhammed-samet-yildiz/ros2_ws/install/simple_py_pkg/share/simple_py_pkg/package.bash'
[2.914s] INFO:colcon.colcon_core.shell:Creating package script '/home/muhammed-samet-yildiz/ros2_ws/install/simple_py_pkg/share/simple_py_pkg/package.zsh'
[2.915s] Level 1:colcon.colcon_core.environment:create_file_with_runtime_dependencies(/home/muhammed-samet-yildiz/ros2_ws/install/simple_py_pkg/share/colcon-core/packages/simple_py_pkg)
[2.915s] DEBUG:colcon.colcon_parallel_executor.executor.parallel:closing loop
[2.916s] DEBUG:colcon.colcon_parallel_executor.executor.parallel:loop closed
[2.916s] DEBUG:colcon.colcon_parallel_executor.executor.parallel:run_until_complete finished with '0'
[2.916s] DEBUG:colcon.colcon_core.event_reactor:joining thread
[2.929s] INFO:colcon.colcon_core.plugin_system:Skipping extension 'colcon_notification.desktop_notification.terminal_notifier': Not used on non-Darwin systems
[2.929s] INFO:colcon.colcon_core.plugin_system:Skipping extension 'colcon_notification.desktop_notification.win32': Not used on non-Windows systems
[2.929s] INFO:colcon.colcon_notification.desktop_notification:Sending desktop notification using 'notify2'
[2.950s] DEBUG:colcon.colcon_core.event_reactor:joined thread
[2.951s] INFO:colcon.colcon_core.shell:Creating prefix script '/home/muhammed-samet-yildiz/ros2_ws/install/local_setup.ps1'
[2.954s] INFO:colcon.colcon_core.shell:Creating prefix util module '/home/muhammed-samet-yildiz/ros2_ws/install/_local_setup_util_ps1.py'
[2.958s] INFO:colcon.colcon_core.shell:Creating prefix chain script '/home/muhammed-samet-yildiz/ros2_ws/install/setup.ps1'
[2.961s] INFO:colcon.colcon_core.shell:Creating prefix script '/home/muhammed-samet-yildiz/ros2_ws/install/local_setup.sh'
[2.962s] INFO:colcon.colcon_core.shell:Creating prefix util module '/home/muhammed-samet-yildiz/ros2_ws/install/_local_setup_util_sh.py'
[2.964s] INFO:colcon.colcon_core.shell:Creating prefix chain script '/home/muhammed-samet-yildiz/ros2_ws/install/setup.sh'
[2.966s] INFO:colcon.colcon_core.shell:Creating prefix script '/home/muhammed-samet-yildiz/ros2_ws/install/local_setup.bash'
[2.968s] INFO:colcon.colcon_core.shell:Creating prefix chain script '/home/muhammed-samet-yildiz/ros2_ws/install/setup.bash'
[2.971s] INFO:colcon.colcon_core.shell:Creating prefix script '/home/muhammed-samet-yildiz/ros2_ws/install/local_setup.zsh'
[2.972s] INFO:colcon.colcon_core.shell:Creating prefix chain script '/home/muhammed-samet-yildiz/ros2_ws/install/setup.zsh'
