[0.213s] DEBUG:colcon:Command line arguments: ['/usr/bin/colcon', 'list', '-p', '--base-paths', '/home/muhammed-samet-yildiz/ros2_ws']
[0.213s] DEBUG:colcon:Parsed command line arguments: Namespace(log_base=None, log_level=None, verb_name='list', build_base='build', ignore_user_meta=False, metas=['./colcon.meta'], base_paths=['/home/muhammed-samet-yildiz/ros2_ws'], packages_ignore=None, packages_ignore_regex=None, paths=None, packages_up_to=None, packages_up_to_regex=None, packages_above=None, packages_above_and_dependencies=None, packages_above_depth=None, packages_select_by_dep=None, packages_skip_by_dep=None, packages_skip_up_to=None, packages_select_build_failed=False, packages_skip_build_finished=False, packages_select_test_failures=False, packages_skip_test_passed=False, packages_select=None, packages_skip=None, packages_select_regex=None, packages_skip_regex=None, packages_start=None, packages_end=None, allow_overriding=[], topological_order=False, names_only=False, paths_only=True, topological_graph=False, topological_graph_dot=False, topological_graph_density=False, topological_graph_legend=False, topological_graph_dot_cluster=False, topological_graph_dot_include_skipped=False, verb_parser=<colcon_defaults.argument_parser.defaults.DefaultArgumentsDecorator object at 0x72dc67160880>, verb_extension=<colcon_package_information.verb.list.ListVerb object at 0x72dc67123bb0>, main=<bound method ListVerb.main of <colcon_package_information.verb.list.ListVerb object at 0x72dc67123bb0>>)
[0.519s] Level 1:colcon.colcon_core.package_discovery:discover_packages(colcon_meta) check parameters
[0.520s] Level 1:colcon.colcon_core.package_discovery:discover_packages(recursive) check parameters
[0.520s] Level 1:colcon.colcon_core.package_discovery:discover_packages(ignore) check parameters
[0.520s] Level 1:colcon.colcon_core.package_discovery:discover_packages(path) check parameters
[0.520s] Level 1:colcon.colcon_core.package_discovery:discover_packages(recursive) discover
[0.520s] INFO:colcon.colcon_core.package_discovery:Crawling recursively for packages in '/home/muhammed-samet-yildiz/ros2_ws'
[0.520s] Level 1:colcon.colcon_core.package_identification:_identify(/home/muhammed-samet-yildiz/ros2_ws) by extensions ['ignore', 'ignore_ament_install']
[0.521s] Level 1:colcon.colcon_core.package_identification:_identify(/home/muhammed-samet-yildiz/ros2_ws) by extension 'ignore'
[0.521s] Level 1:colcon.colcon_core.package_identification:_identify(/home/muhammed-samet-yildiz/ros2_ws) by extension 'ignore_ament_install'
[0.521s] Level 1:colcon.colcon_core.package_identification:_identify(/home/muhammed-samet-yildiz/ros2_ws) by extensions ['colcon_pkg']
[0.521s] Level 1:colcon.colcon_core.package_identification:_identify(/home/muhammed-samet-yildiz/ros2_ws) by extension 'colcon_pkg'
[0.521s] Level 1:colcon.colcon_core.package_identification:_identify(/home/muhammed-samet-yildiz/ros2_ws) by extensions ['colcon_meta']
[0.521s] Level 1:colcon.colcon_core.package_identification:_identify(/home/muhammed-samet-yildiz/ros2_ws) by extension 'colcon_meta'
[0.521s] Level 1:colcon.colcon_core.package_identification:_identify(/home/muhammed-samet-yildiz/ros2_ws) by extensions ['ros']
[0.521s] Level 1:colcon.colcon_core.package_identification:_identify(/home/muhammed-samet-yildiz/ros2_ws) by extension 'ros'
[0.569s] Level 1:colcon.colcon_core.package_identification:_identify(/home/muhammed-samet-yildiz/ros2_ws) by extensions ['cmake', 'python']
[0.569s] Level 1:colcon.colcon_core.package_identification:_identify(/home/muhammed-samet-yildiz/ros2_ws) by extension 'cmake'
[0.570s] Level 1:colcon.colcon_core.package_identification:_identify(/home/muhammed-samet-yildiz/ros2_ws) by extension 'python'
[0.570s] Level 1:colcon.colcon_core.package_identification:_identify(/home/muhammed-samet-yildiz/ros2_ws) by extensions ['python_setup_py']
[0.570s] Level 1:colcon.colcon_core.package_identification:_identify(/home/muhammed-samet-yildiz/ros2_ws) by extension 'python_setup_py'
[0.571s] Level 1:colcon.colcon_core.package_identification:_identify(/home/muhammed-samet-yildiz/ros2_ws/build) by extensions ['ignore', 'ignore_ament_install']
[0.571s] Level 1:colcon.colcon_core.package_identification:_identify(/home/muhammed-samet-yildiz/ros2_ws/build) by extension 'ignore'
[0.571s] Level 1:colcon.colcon_core.package_identification:_identify(/home/muhammed-samet-yildiz/ros2_ws/build) ignored
[0.574s] Level 1:colcon.colcon_core.package_identification:_identify(/home/muhammed-samet-yildiz/ros2_ws/install) by extensions ['ignore', 'ignore_ament_install']
[0.574s] Level 1:colcon.colcon_core.package_identification:_identify(/home/muhammed-samet-yildiz/ros2_ws/install) by extension 'ignore'
[0.575s] Level 1:colcon.colcon_core.package_identification:_identify(/home/muhammed-samet-yildiz/ros2_ws/install) ignored
[0.575s] Level 1:colcon.colcon_core.package_identification:_identify(/home/muhammed-samet-yildiz/ros2_ws/log) by extensions ['ignore', 'ignore_ament_install']
[0.575s] Level 1:colcon.colcon_core.package_identification:_identify(/home/muhammed-samet-yildiz/ros2_ws/log) by extension 'ignore'
[0.575s] Level 1:colcon.colcon_core.package_identification:_identify(/home/muhammed-samet-yildiz/ros2_ws/log) ignored
[0.576s] Level 1:colcon.colcon_core.package_identification:_identify(/home/muhammed-samet-yildiz/ros2_ws/src) by extensions ['ignore', 'ignore_ament_install']
[0.576s] Level 1:colcon.colcon_core.package_identification:_identify(/home/muhammed-samet-yildiz/ros2_ws/src) by extension 'ignore'
[0.576s] Level 1:colcon.colcon_core.package_identification:_identify(/home/muhammed-samet-yildiz/ros2_ws/src) by extension 'ignore_ament_install'
[0.576s] Level 1:colcon.colcon_core.package_identification:_identify(/home/muhammed-samet-yildiz/ros2_ws/src) by extensions ['colcon_pkg']
[0.576s] Level 1:colcon.colcon_core.package_identification:_identify(/home/muhammed-samet-yildiz/ros2_ws/src) by extension 'colcon_pkg'
[0.576s] Level 1:colcon.colcon_core.package_identification:_identify(/home/muhammed-samet-yildiz/ros2_ws/src) by extensions ['colcon_meta']
[0.576s] Level 1:colcon.colcon_core.package_identification:_identify(/home/muhammed-samet-yildiz/ros2_ws/src) by extension 'colcon_meta'
[0.576s] Level 1:colcon.colcon_core.package_identification:_identify(/home/muhammed-samet-yildiz/ros2_ws/src) by extensions ['ros']
[0.576s] Level 1:colcon.colcon_core.package_identification:_identify(/home/muhammed-samet-yildiz/ros2_ws/src) by extension 'ros'
[0.577s] Level 1:colcon.colcon_core.package_identification:_identify(/home/muhammed-samet-yildiz/ros2_ws/src) by extensions ['cmake', 'python']
[0.577s] Level 1:colcon.colcon_core.package_identification:_identify(/home/muhammed-samet-yildiz/ros2_ws/src) by extension 'cmake'
[0.577s] Level 1:colcon.colcon_core.package_identification:_identify(/home/muhammed-samet-yildiz/ros2_ws/src) by extension 'python'
[0.577s] Level 1:colcon.colcon_core.package_identification:_identify(/home/muhammed-samet-yildiz/ros2_ws/src) by extensions ['python_setup_py']
[0.577s] Level 1:colcon.colcon_core.package_identification:_identify(/home/muhammed-samet-yildiz/ros2_ws/src) by extension 'python_setup_py'
[0.577s] Level 1:colcon.colcon_core.package_identification:_identify(/home/muhammed-samet-yildiz/ros2_ws/src/simple_py_pkg) by extensions ['ignore', 'ignore_ament_install']
[0.578s] Level 1:colcon.colcon_core.package_identification:_identify(/home/muhammed-samet-yildiz/ros2_ws/src/simple_py_pkg) by extension 'ignore'
[0.578s] Level 1:colcon.colcon_core.package_identification:_identify(/home/muhammed-samet-yildiz/ros2_ws/src/simple_py_pkg) by extension 'ignore_ament_install'
[0.578s] Level 1:colcon.colcon_core.package_identification:_identify(/home/muhammed-samet-yildiz/ros2_ws/src/simple_py_pkg) by extensions ['colcon_pkg']
[0.578s] Level 1:colcon.colcon_core.package_identification:_identify(/home/muhammed-samet-yildiz/ros2_ws/src/simple_py_pkg) by extension 'colcon_pkg'
[0.578s] Level 1:colcon.colcon_core.package_identification:_identify(/home/muhammed-samet-yildiz/ros2_ws/src/simple_py_pkg) by extensions ['colcon_meta']
[0.578s] Level 1:colcon.colcon_core.package_identification:_identify(/home/muhammed-samet-yildiz/ros2_ws/src/simple_py_pkg) by extension 'colcon_meta'
[0.579s] Level 1:colcon.colcon_core.package_identification:_identify(/home/muhammed-samet-yildiz/ros2_ws/src/simple_py_pkg) by extensions ['ros']
[0.579s] Level 1:colcon.colcon_core.package_identification:_identify(/home/muhammed-samet-yildiz/ros2_ws/src/simple_py_pkg) by extension 'ros'
[0.588s] DEBUG:colcon.colcon_core.package_identification:Package '/home/muhammed-samet-yildiz/ros2_ws/src/simple_py_pkg' with type 'ros.ament_python' and name 'simple_py_pkg'
[0.589s] Level 1:colcon.colcon_core.package_identification:_identify(/home/muhammed-samet-yildiz/ros2_ws/turtlesim_ws) by extensions ['ignore', 'ignore_ament_install']
[0.590s] Level 1:colcon.colcon_core.package_identification:_identify(/home/muhammed-samet-yildiz/ros2_ws/turtlesim_ws) by extension 'ignore'
[0.590s] Level 1:colcon.colcon_core.package_identification:_identify(/home/muhammed-samet-yildiz/ros2_ws/turtlesim_ws) by extension 'ignore_ament_install'
[0.590s] Level 1:colcon.colcon_core.package_identification:_identify(/home/muhammed-samet-yildiz/ros2_ws/turtlesim_ws) by extensions ['colcon_pkg']
[0.590s] Level 1:colcon.colcon_core.package_identification:_identify(/home/muhammed-samet-yildiz/ros2_ws/turtlesim_ws) by extension 'colcon_pkg'
[0.590s] Level 1:colcon.colcon_core.package_identification:_identify(/home/muhammed-samet-yildiz/ros2_ws/turtlesim_ws) by extensions ['colcon_meta']
[0.590s] Level 1:colcon.colcon_core.package_identification:_identify(/home/muhammed-samet-yildiz/ros2_ws/turtlesim_ws) by extension 'colcon_meta'
[0.590s] Level 1:colcon.colcon_core.package_identification:_identify(/home/muhammed-samet-yildiz/ros2_ws/turtlesim_ws) by extensions ['ros']
[0.590s] Level 1:colcon.colcon_core.package_identification:_identify(/home/muhammed-samet-yildiz/ros2_ws/turtlesim_ws) by extension 'ros'
[0.591s] Level 1:colcon.colcon_core.package_identification:_identify(/home/muhammed-samet-yildiz/ros2_ws/turtlesim_ws) by extensions ['cmake', 'python']
[0.591s] Level 1:colcon.colcon_core.package_identification:_identify(/home/muhammed-samet-yildiz/ros2_ws/turtlesim_ws) by extension 'cmake'
[0.591s] Level 1:colcon.colcon_core.package_identification:_identify(/home/muhammed-samet-yildiz/ros2_ws/turtlesim_ws) by extension 'python'
[0.591s] Level 1:colcon.colcon_core.package_identification:_identify(/home/muhammed-samet-yildiz/ros2_ws/turtlesim_ws) by extensions ['python_setup_py']
[0.591s] Level 1:colcon.colcon_core.package_identification:_identify(/home/muhammed-samet-yildiz/ros2_ws/turtlesim_ws) by extension 'python_setup_py'
[0.591s] Level 1:colcon.colcon_core.package_identification:_identify(/home/muhammed-samet-yildiz/ros2_ws/turtlesim_ws/build) by extensions ['ignore', 'ignore_ament_install']
[0.592s] Level 1:colcon.colcon_core.package_identification:_identify(/home/muhammed-samet-yildiz/ros2_ws/turtlesim_ws/build) by extension 'ignore'
[0.592s] Level 1:colcon.colcon_core.package_identification:_identify(/home/muhammed-samet-yildiz/ros2_ws/turtlesim_ws/build) ignored
[0.592s] Level 1:colcon.colcon_core.package_identification:_identify(/home/muhammed-samet-yildiz/ros2_ws/turtlesim_ws/install) by extensions ['ignore', 'ignore_ament_install']
[0.592s] Level 1:colcon.colcon_core.package_identification:_identify(/home/muhammed-samet-yildiz/ros2_ws/turtlesim_ws/install) by extension 'ignore'
[0.593s] Level 1:colcon.colcon_core.package_identification:_identify(/home/muhammed-samet-yildiz/ros2_ws/turtlesim_ws/install) ignored
[0.595s] Level 1:colcon.colcon_core.package_identification:_identify(/home/muhammed-samet-yildiz/ros2_ws/turtlesim_ws/log) by extensions ['ignore', 'ignore_ament_install']
[0.595s] Level 1:colcon.colcon_core.package_identification:_identify(/home/muhammed-samet-yildiz/ros2_ws/turtlesim_ws/log) by extension 'ignore'
[0.595s] Level 1:colcon.colcon_core.package_identification:_identify(/home/muhammed-samet-yildiz/ros2_ws/turtlesim_ws/log) ignored
[0.596s] Level 1:colcon.colcon_core.package_identification:_identify(/home/muhammed-samet-yildiz/ros2_ws/turtlesim_ws/src) by extensions ['ignore', 'ignore_ament_install']
[0.596s] Level 1:colcon.colcon_core.package_identification:_identify(/home/muhammed-samet-yildiz/ros2_ws/turtlesim_ws/src) by extension 'ignore'
[0.596s] Level 1:colcon.colcon_core.package_identification:_identify(/home/muhammed-samet-yildiz/ros2_ws/turtlesim_ws/src) by extension 'ignore_ament_install'
[0.596s] Level 1:colcon.colcon_core.package_identification:_identify(/home/muhammed-samet-yildiz/ros2_ws/turtlesim_ws/src) by extensions ['colcon_pkg']
[0.596s] Level 1:colcon.colcon_core.package_identification:_identify(/home/muhammed-samet-yildiz/ros2_ws/turtlesim_ws/src) by extension 'colcon_pkg'
[0.597s] Level 1:colcon.colcon_core.package_identification:_identify(/home/muhammed-samet-yildiz/ros2_ws/turtlesim_ws/src) by extensions ['colcon_meta']
[0.597s] Level 1:colcon.colcon_core.package_identification:_identify(/home/muhammed-samet-yildiz/ros2_ws/turtlesim_ws/src) by extension 'colcon_meta'
[0.597s] Level 1:colcon.colcon_core.package_identification:_identify(/home/muhammed-samet-yildiz/ros2_ws/turtlesim_ws/src) by extensions ['ros']
[0.597s] Level 1:colcon.colcon_core.package_identification:_identify(/home/muhammed-samet-yildiz/ros2_ws/turtlesim_ws/src) by extension 'ros'
[0.597s] Level 1:colcon.colcon_core.package_identification:_identify(/home/muhammed-samet-yildiz/ros2_ws/turtlesim_ws/src) by extensions ['cmake', 'python']
[0.597s] Level 1:colcon.colcon_core.package_identification:_identify(/home/muhammed-samet-yildiz/ros2_ws/turtlesim_ws/src) by extension 'cmake'
[0.597s] Level 1:colcon.colcon_core.package_identification:_identify(/home/muhammed-samet-yildiz/ros2_ws/turtlesim_ws/src) by extension 'python'
[0.597s] Level 1:colcon.colcon_core.package_identification:_identify(/home/muhammed-samet-yildiz/ros2_ws/turtlesim_ws/src) by extensions ['python_setup_py']
[0.597s] Level 1:colcon.colcon_core.package_identification:_identify(/home/muhammed-samet-yildiz/ros2_ws/turtlesim_ws/src) by extension 'python_setup_py'
[0.598s] Level 1:colcon.colcon_core.package_identification:_identify(/home/muhammed-samet-yildiz/ros2_ws/turtlesim_ws/src/turtlesim_py_pkg) by extensions ['ignore', 'ignore_ament_install']
[0.598s] Level 1:colcon.colcon_core.package_identification:_identify(/home/muhammed-samet-yildiz/ros2_ws/turtlesim_ws/src/turtlesim_py_pkg) by extension 'ignore'
[0.598s] Level 1:colcon.colcon_core.package_identification:_identify(/home/muhammed-samet-yildiz/ros2_ws/turtlesim_ws/src/turtlesim_py_pkg) by extension 'ignore_ament_install'
[0.598s] Level 1:colcon.colcon_core.package_identification:_identify(/home/muhammed-samet-yildiz/ros2_ws/turtlesim_ws/src/turtlesim_py_pkg) by extensions ['colcon_pkg']
[0.598s] Level 1:colcon.colcon_core.package_identification:_identify(/home/muhammed-samet-yildiz/ros2_ws/turtlesim_ws/src/turtlesim_py_pkg) by extension 'colcon_pkg'
[0.598s] Level 1:colcon.colcon_core.package_identification:_identify(/home/muhammed-samet-yildiz/ros2_ws/turtlesim_ws/src/turtlesim_py_pkg) by extensions ['colcon_meta']
[0.598s] Level 1:colcon.colcon_core.package_identification:_identify(/home/muhammed-samet-yildiz/ros2_ws/turtlesim_ws/src/turtlesim_py_pkg) by extension 'colcon_meta'
[0.598s] Level 1:colcon.colcon_core.package_identification:_identify(/home/muhammed-samet-yildiz/ros2_ws/turtlesim_ws/src/turtlesim_py_pkg) by extensions ['ros']
[0.598s] Level 1:colcon.colcon_core.package_identification:_identify(/home/muhammed-samet-yildiz/ros2_ws/turtlesim_ws/src/turtlesim_py_pkg) by extension 'ros'
[0.600s] DEBUG:colcon.colcon_core.package_identification:Package '/home/muhammed-samet-yildiz/ros2_ws/turtlesim_ws/src/turtlesim_py_pkg' with type 'ros.ament_python' and name 'turtlesim_py_pkg'
[0.600s] Level 1:colcon.colcon_core.package_discovery:discover_packages(recursive) using defaults
