[0.933s] Invoking command in '/home/muhammed-samet-yildiz/turtlesim_ws/build/turtlesim_py_pkg': PYTHONPATH=/home/muhammed-samet-yildiz/turtlesim_ws/build/turtlesim_py_pkg/prefix_override:/usr/lib/python3/dist-packages/colcon_core/task/python/colcon_distutils_commands:/home/muhammed-samet-yildiz/turtlesim_ws/install/turtlesim_py_pkg/lib/python3.10/site-packages:${PYTHONPATH} /usr/bin/python3 -W ignore:setup.py install is deprecated -W ignore:easy_install command is deprecated setup.py develop --editable --build-directory /home/muhammed-samet-yildiz/turtlesim_ws/build/turtlesim_py_pkg/build --no-deps symlink_data
[1.286s] running develop
[1.476s] running egg_info
[1.477s] creating turtlesim_py_pkg.egg-info
[1.477s] writing turtlesim_py_pkg.egg-info/PKG-INFO
[1.477s] writing dependency_links to turtlesim_py_pkg.egg-info/dependency_links.txt
[1.477s] writing entry points to turtlesim_py_pkg.egg-info/entry_points.txt
[1.477s] writing requirements to turtlesim_py_pkg.egg-info/requires.txt
[1.478s] writing top-level names to turtlesim_py_pkg.egg-info/top_level.txt
[1.478s] writing manifest file 'turtlesim_py_pkg.egg-info/SOURCES.txt'
[1.480s] reading manifest file 'turtlesim_py_pkg.egg-info/SOURCES.txt'
[1.481s] writing manifest file 'turtlesim_py_pkg.egg-info/SOURCES.txt'
[1.483s] running build_ext
[1.483s] Creating /home/muhammed-samet-yildiz/turtlesim_ws/install/turtlesim_py_pkg/lib/python3.10/site-packages/turtlesim-py-pkg.egg-link (link to .)
[1.484s] Installing go_to_loc script to /home/muhammed-samet-yildiz/turtlesim_ws/install/turtlesim_py_pkg/lib/turtlesim_py_pkg
[1.484s] Installing spawn_turtle script to /home/muhammed-samet-yildiz/turtlesim_ws/install/turtlesim_py_pkg/lib/turtlesim_py_pkg
[1.485s] Installing vel_controller script to /home/muhammed-samet-yildiz/turtlesim_ws/install/turtlesim_py_pkg/lib/turtlesim_py_pkg
[1.485s] 
[1.485s] Installed /home/muhammed-samet-yildiz/turtlesim_ws/build/turtlesim_py_pkg
[1.485s] running symlink_data
[1.485s] creating /home/muhammed-samet-yildiz/turtlesim_ws/install/turtlesim_py_pkg/share/ament_index
[1.485s] creating /home/muhammed-samet-yildiz/turtlesim_ws/install/turtlesim_py_pkg/share/ament_index/resource_index
[1.486s] creating /home/muhammed-samet-yildiz/turtlesim_ws/install/turtlesim_py_pkg/share/ament_index/resource_index/packages
[1.486s] symbolically linking /home/muhammed-samet-yildiz/turtlesim_ws/build/turtlesim_py_pkg/resource/turtlesim_py_pkg -> /home/muhammed-samet-yildiz/turtlesim_ws/install/turtlesim_py_pkg/share/ament_index/resource_index/packages
[1.486s] symbolically linking /home/muhammed-samet-yildiz/turtlesim_ws/build/turtlesim_py_pkg/package.xml -> /home/muhammed-samet-yildiz/turtlesim_ws/install/turtlesim_py_pkg/share/turtlesim_py_pkg
[1.529s] Invoked command in '/home/muhammed-samet-yildiz/turtlesim_ws/build/turtlesim_py_pkg' returned '0': PYTHONPATH=/home/muhammed-samet-yildiz/turtlesim_ws/build/turtlesim_py_pkg/prefix_override:/usr/lib/python3/dist-packages/colcon_core/task/python/colcon_distutils_commands:/home/muhammed-samet-yildiz/turtlesim_ws/install/turtlesim_py_pkg/lib/python3.10/site-packages:${PYTHONPATH} /usr/bin/python3 -W ignore:setup.py install is deprecated -W ignore:easy_install command is deprecated setup.py develop --editable --build-directory /home/muhammed-samet-yildiz/turtlesim_ws/build/turtlesim_py_pkg/build --no-deps symlink_data
