running egg_info
writing ../../../build/turtlesim_py_pkg/turtlesim_py_pkg.egg-info/PKG-INFO
writing dependency_links to ../../../build/turtlesim_py_pkg/turtlesim_py_pkg.egg-info/dependency_links.txt
writing entry points to ../../../build/turtlesim_py_pkg/turtlesim_py_pkg.egg-info/entry_points.txt
writing requirements to ../../../build/turtlesim_py_pkg/turtlesim_py_pkg.egg-info/requires.txt
writing top-level names to ../../../build/turtlesim_py_pkg/turtlesim_py_pkg.egg-info/top_level.txt
reading manifest file '../../../build/turtlesim_py_pkg/turtlesim_py_pkg.egg-info/SOURCES.txt'
writing manifest file '../../../build/turtlesim_py_pkg/turtlesim_py_pkg.egg-info/SOURCES.txt'
running build
running build_py
running install
running install_lib
running install_data
running install_egg_info
removing '/home/muhammed-samet-yildiz/ros2_ws/install/turtlesim_py_pkg/lib/python3.10/site-packages/turtlesim_py_pkg-0.0.0-py3.10.egg-info' (and everything under it)
Copying ../../../build/turtlesim_py_pkg/turtlesim_py_pkg.egg-info to /home/muhammed-samet-yildiz/ros2_ws/install/turtlesim_py_pkg/lib/python3.10/site-packages/turtlesim_py_pkg-0.0.0-py3.10.egg-info
running install_scripts
Installing go_to_loc script to /home/muhammed-samet-yildiz/ros2_ws/install/turtlesim_py_pkg/lib/turtlesim_py_pkg
Installing vel_controller script to /home/muhammed-samet-yildiz/ros2_ws/install/turtlesim_py_pkg/lib/turtlesim_py_pkg
writing list of installed files to '/home/muhammed-samet-yildiz/ros2_ws/build/turtlesim_py_pkg/install.log'
