[1.174s] Invoking command in '/home/muhammed-samet-yildiz/ros2_ws/turtlesim_ws/src/turtlesim_py_pkg': PYTHONPATH=/home/muhammed-samet-yildiz/ros2_ws/build/turtlesim_py_pkg/prefix_override:/usr/lib/python3/dist-packages/colcon_core/task/python/colcon_distutils_commands:/home/muhammed-samet-yildiz/ros2_ws/install/turtlesim_py_pkg/lib/python3.10/site-packages:${PYTHONPATH} /usr/bin/python3 -W ignore:setup.py install is deprecated -W ignore:easy_install command is deprecated setup.py egg_info --egg-base ../../../build/turtlesim_py_pkg build --build-base /home/muhammed-samet-yildiz/ros2_ws/build/turtlesim_py_pkg/build install --record /home/muhammed-samet-yildiz/ros2_ws/build/turtlesim_py_pkg/install.log --single-version-externally-managed install_data
[1.475s] running egg_info
[1.476s] writing ../../../build/turtlesim_py_pkg/turtlesim_py_pkg.egg-info/PKG-INFO
[1.477s] writing dependency_links to ../../../build/turtlesim_py_pkg/turtlesim_py_pkg.egg-info/dependency_links.txt
[1.477s] writing entry points to ../../../build/turtlesim_py_pkg/turtlesim_py_pkg.egg-info/entry_points.txt
[1.477s] writing requirements to ../../../build/turtlesim_py_pkg/turtlesim_py_pkg.egg-info/requires.txt
[1.477s] writing top-level names to ../../../build/turtlesim_py_pkg/turtlesim_py_pkg.egg-info/top_level.txt
[1.479s] reading manifest file '../../../build/turtlesim_py_pkg/turtlesim_py_pkg.egg-info/SOURCES.txt'
[1.481s] writing manifest file '../../../build/turtlesim_py_pkg/turtlesim_py_pkg.egg-info/SOURCES.txt'
[1.481s] running build
[1.481s] running build_py
[1.481s] running install
[1.481s] running install_lib
[1.483s] running install_data
[1.484s] running install_egg_info
[1.485s] removing '/home/muhammed-samet-yildiz/ros2_ws/install/turtlesim_py_pkg/lib/python3.10/site-packages/turtlesim_py_pkg-0.0.0-py3.10.egg-info' (and everything under it)
[1.486s] Copying ../../../build/turtlesim_py_pkg/turtlesim_py_pkg.egg-info to /home/muhammed-samet-yildiz/ros2_ws/install/turtlesim_py_pkg/lib/python3.10/site-packages/turtlesim_py_pkg-0.0.0-py3.10.egg-info
[1.487s] running install_scripts
[1.514s] Installing go_to_loc script to /home/muhammed-samet-yildiz/ros2_ws/install/turtlesim_py_pkg/lib/turtlesim_py_pkg
[1.514s] Installing vel_controller script to /home/muhammed-samet-yildiz/ros2_ws/install/turtlesim_py_pkg/lib/turtlesim_py_pkg
[1.515s] writing list of installed files to '/home/muhammed-samet-yildiz/ros2_ws/build/turtlesim_py_pkg/install.log'
[1.555s] Invoked command in '/home/muhammed-samet-yildiz/ros2_ws/turtlesim_ws/src/turtlesim_py_pkg' returned '0': PYTHONPATH=/home/muhammed-samet-yildiz/ros2_ws/build/turtlesim_py_pkg/prefix_override:/usr/lib/python3/dist-packages/colcon_core/task/python/colcon_distutils_commands:/home/muhammed-samet-yildiz/ros2_ws/install/turtlesim_py_pkg/lib/python3.10/site-packages:${PYTHONPATH} /usr/bin/python3 -W ignore:setup.py install is deprecated -W ignore:easy_install command is deprecated setup.py egg_info --egg-base ../../../build/turtlesim_py_pkg build --build-base /home/muhammed-samet-yildiz/ros2_ws/build/turtlesim_py_pkg/build install --record /home/muhammed-samet-yildiz/ros2_ws/build/turtlesim_py_pkg/install.log --single-version-externally-managed install_data
