[0.506s] Invoking command in '/home/muhammed-samet-yildiz/ros2_ws/src/simple_py_pkg': PYTHONPATH=/home/muhammed-samet-yildiz/ros2_ws/build/simple_py_pkg/prefix_override:/usr/lib/python3/dist-packages/colcon_core/task/python/colcon_distutils_commands:/home/muhammed-samet-yildiz/ros2_ws/install/simple_py_pkg/lib/python3.10/site-packages:${PYTHONPATH} /usr/bin/python3 -W ignore:setup.py install is deprecated -W ignore:easy_install command is deprecated setup.py egg_info --egg-base ../../build/simple_py_pkg build --build-base /home/muhammed-samet-yildiz/ros2_ws/build/simple_py_pkg/build install --record /home/muhammed-samet-yildiz/ros2_ws/build/simple_py_pkg/install.log --single-version-externally-managed install_data
[0.682s] running egg_info
[0.682s] writing ../../build/simple_py_pkg/simple_py_pkg.egg-info/PKG-INFO
[0.683s] writing dependency_links to ../../build/simple_py_pkg/simple_py_pkg.egg-info/dependency_links.txt
[0.683s] writing entry points to ../../build/simple_py_pkg/simple_py_pkg.egg-info/entry_points.txt
[0.683s] writing requirements to ../../build/simple_py_pkg/simple_py_pkg.egg-info/requires.txt
[0.683s] writing top-level names to ../../build/simple_py_pkg/simple_py_pkg.egg-info/top_level.txt
[0.685s] reading manifest file '../../build/simple_py_pkg/simple_py_pkg.egg-info/SOURCES.txt'
[0.685s] writing manifest file '../../build/simple_py_pkg/simple_py_pkg.egg-info/SOURCES.txt'
[0.685s] running build
[0.686s] running build_py
[0.686s] copying simple_py_pkg/counter_node.py -> /home/muhammed-samet-yildiz/ros2_ws/build/simple_py_pkg/build/lib/simple_py_pkg
[0.686s] copying simple_py_pkg/template_node.py -> /home/muhammed-samet-yildiz/ros2_ws/build/simple_py_pkg/build/lib/simple_py_pkg
[0.686s] running install
[0.687s] running install_lib
[0.687s] copying /home/muhammed-samet-yildiz/ros2_ws/build/simple_py_pkg/build/lib/simple_py_pkg/counter_node.py -> /home/muhammed-samet-yildiz/ros2_ws/install/simple_py_pkg/lib/python3.10/site-packages/simple_py_pkg
[0.687s] copying /home/muhammed-samet-yildiz/ros2_ws/build/simple_py_pkg/build/lib/simple_py_pkg/template_node.py -> /home/muhammed-samet-yildiz/ros2_ws/install/simple_py_pkg/lib/python3.10/site-packages/simple_py_pkg
[0.687s] byte-compiling /home/muhammed-samet-yildiz/ros2_ws/install/simple_py_pkg/lib/python3.10/site-packages/simple_py_pkg/counter_node.py to counter_node.cpython-310.pyc
[0.688s] byte-compiling /home/muhammed-samet-yildiz/ros2_ws/install/simple_py_pkg/lib/python3.10/site-packages/simple_py_pkg/template_node.py to template_node.cpython-310.pyc
[0.688s] running install_data
[0.688s] running install_egg_info
[0.689s] removing '/home/muhammed-samet-yildiz/ros2_ws/install/simple_py_pkg/lib/python3.10/site-packages/simple_py_pkg-0.0.0-py3.10.egg-info' (and everything under it)
[0.690s] Copying ../../build/simple_py_pkg/simple_py_pkg.egg-info to /home/muhammed-samet-yildiz/ros2_ws/install/simple_py_pkg/lib/python3.10/site-packages/simple_py_pkg-0.0.0-py3.10.egg-info
[0.692s] running install_scripts
[0.708s] Installing py_node = simple_py_pkg.simple_py_node:maincounter_node script to /home/muhammed-samet-yildiz/ros2_ws/install/simple_py_pkg/lib/simple_py_pkg
[0.708s] writing list of installed files to '/home/muhammed-samet-yildiz/ros2_ws/build/simple_py_pkg/install.log'
[0.739s] Invoked command in '/home/muhammed-samet-yildiz/ros2_ws/src/simple_py_pkg' returned '0': PYTHONPATH=/home/muhammed-samet-yildiz/ros2_ws/build/simple_py_pkg/prefix_override:/usr/lib/python3/dist-packages/colcon_core/task/python/colcon_distutils_commands:/home/muhammed-samet-yildiz/ros2_ws/install/simple_py_pkg/lib/python3.10/site-packages:${PYTHONPATH} /usr/bin/python3 -W ignore:setup.py install is deprecated -W ignore:easy_install command is deprecated setup.py egg_info --egg-base ../../build/simple_py_pkg build --build-base /home/muhammed-samet-yildiz/ros2_ws/build/simple_py_pkg/build install --record /home/muhammed-samet-yildiz/ros2_ws/build/simple_py_pkg/install.log --single-version-externally-managed install_data
