[0.171s] DEBUG:colcon:Command line arguments: ['/usr/bin/colcon', 'build', '--packages-select', 'simple_interfaces_pkg', '--symlink-install']
[0.171s] DEBUG:colcon:Parsed command line arguments: Namespace(log_base=None, log_level=None, verb_name='build', build_base='build', install_base='install', merge_install=False, symlink_install=True, test_result_base=None, continue_on_error=False, executor='parallel', parallel_workers=16, event_handlers=None, ignore_user_meta=False, metas=['./colcon.meta'], base_paths=['.'], packages_ignore=None, packages_ignore_regex=None, paths=None, packages_up_to=None, packages_up_to_regex=None, packages_above=None, packages_above_and_dependencies=None, packages_above_depth=None, packages_select_by_dep=None, packages_skip_by_dep=None, packages_skip_up_to=None, packages_select_build_failed=False, packages_skip_build_finished=False, packages_select_test_failures=False, packages_skip_test_passed=False, packages_select=['simple_interfaces_pkg'], packages_skip=None, packages_select_regex=None, packages_skip_regex=None, packages_start=None, packages_end=None, allow_overriding=[], cmake_args=None, cmake_target=None, cmake_target_skip_unavailable=False, cmake_clean_cache=False, cmake_clean_first=False, cmake_force_configure=False, ament_cmake_args=None, catkin_cmake_args=None, catkin_skip_building_tests=False, verb_parser=<colcon_defaults.argument_parser.defaults.DefaultArgumentsDecorator object at 0x7cbc920af940>, verb_extension=<colcon_core.verb.build.BuildVerb object at 0x7cbc920af3d0>, main=<bound method BuildVerb.main of <colcon_core.verb.build.BuildVerb object at 0x7cbc920af3d0>>)
[0.429s] Level 1:colcon.colcon_core.package_discovery:discover_packages(colcon_meta) check parameters
[0.429s] Level 1:colcon.colcon_core.package_discovery:discover_packages(recursive) check parameters
[0.429s] Level 1:colcon.colcon_core.package_discovery:discover_packages(ignore) check parameters
[0.429s] Level 1:colcon.colcon_core.package_discovery:discover_packages(path) check parameters
[0.429s] Level 1:colcon.colcon_core.package_discovery:discover_packages(colcon_meta) discover
[0.429s] Level 1:colcon.colcon_core.package_discovery:discover_packages(recursive) discover
[0.429s] INFO:colcon.colcon_core.package_discovery:Crawling recursively for packages in '/home/muhammed-samet-yildiz/ros2_ws'
[0.429s] Level 1:colcon.colcon_core.package_identification:_identify(.) by extensions ['ignore', 'ignore_ament_install']
[0.430s] Level 1:colcon.colcon_core.package_identification:_identify(.) by extension 'ignore'
[0.430s] Level 1:colcon.colcon_core.package_identification:_identify(.) by extension 'ignore_ament_install'
[0.430s] Level 1:colcon.colcon_core.package_identification:_identify(.) by extensions ['colcon_pkg']
[0.430s] Level 1:colcon.colcon_core.package_identification:_identify(.) by extension 'colcon_pkg'
[0.430s] Level 1:colcon.colcon_core.package_identification:_identify(.) by extensions ['colcon_meta']
[0.430s] Level 1:colcon.colcon_core.package_identification:_identify(.) by extension 'colcon_meta'
[0.430s] Level 1:colcon.colcon_core.package_identification:_identify(.) by extensions ['ros']
[0.430s] Level 1:colcon.colcon_core.package_identification:_identify(.) by extension 'ros'
[0.446s] Level 1:colcon.colcon_core.package_identification:_identify(.) by extensions ['cmake', 'python']
[0.446s] Level 1:colcon.colcon_core.package_identification:_identify(.) by extension 'cmake'
[0.447s] Level 1:colcon.colcon_core.package_identification:_identify(.) by extension 'python'
[0.447s] Level 1:colcon.colcon_core.package_identification:_identify(.) by extensions ['python_setup_py']
[0.447s] Level 1:colcon.colcon_core.package_identification:_identify(.) by extension 'python_setup_py'
[0.447s] Level 1:colcon.colcon_core.package_identification:_identify(build) by extensions ['ignore', 'ignore_ament_install']
[0.447s] Level 1:colcon.colcon_core.package_identification:_identify(build) by extension 'ignore'
[0.447s] Level 1:colcon.colcon_core.package_identification:_identify(build) ignored
[0.447s] Level 1:colcon.colcon_core.package_identification:_identify(install) by extensions ['ignore', 'ignore_ament_install']
[0.447s] Level 1:colcon.colcon_core.package_identification:_identify(install) by extension 'ignore'
[0.447s] Level 1:colcon.colcon_core.package_identification:_identify(install) ignored
[0.448s] Level 1:colcon.colcon_core.package_identification:_identify(log) by extensions ['ignore', 'ignore_ament_install']
[0.448s] Level 1:colcon.colcon_core.package_identification:_identify(log) by extension 'ignore'
[0.448s] Level 1:colcon.colcon_core.package_identification:_identify(log) ignored
[0.448s] Level 1:colcon.colcon_core.package_identification:_identify(src) by extensions ['ignore', 'ignore_ament_install']
[0.448s] Level 1:colcon.colcon_core.package_identification:_identify(src) by extension 'ignore'
[0.448s] Level 1:colcon.colcon_core.package_identification:_identify(src) by extension 'ignore_ament_install'
[0.448s] Level 1:colcon.colcon_core.package_identification:_identify(src) by extensions ['colcon_pkg']
[0.448s] Level 1:colcon.colcon_core.package_identification:_identify(src) by extension 'colcon_pkg'
[0.448s] Level 1:colcon.colcon_core.package_identification:_identify(src) by extensions ['colcon_meta']
[0.448s] Level 1:colcon.colcon_core.package_identification:_identify(src) by extension 'colcon_meta'
[0.448s] Level 1:colcon.colcon_core.package_identification:_identify(src) by extensions ['ros']
[0.448s] Level 1:colcon.colcon_core.package_identification:_identify(src) by extension 'ros'
[0.448s] Level 1:colcon.colcon_core.package_identification:_identify(src) by extensions ['cmake', 'python']
[0.448s] Level 1:colcon.colcon_core.package_identification:_identify(src) by extension 'cmake'
[0.448s] Level 1:colcon.colcon_core.package_identification:_identify(src) by extension 'python'
[0.448s] Level 1:colcon.colcon_core.package_identification:_identify(src) by extensions ['python_setup_py']
[0.448s] Level 1:colcon.colcon_core.package_identification:_identify(src) by extension 'python_setup_py'
[0.449s] Level 1:colcon.colcon_core.package_identification:_identify(src/simple_interfaces_pkg) by extensions ['ignore', 'ignore_ament_install']
[0.449s] Level 1:colcon.colcon_core.package_identification:_identify(src/simple_interfaces_pkg) by extension 'ignore'
[0.449s] Level 1:colcon.colcon_core.package_identification:_identify(src/simple_interfaces_pkg) by extension 'ignore_ament_install'
[0.449s] Level 1:colcon.colcon_core.package_identification:_identify(src/simple_interfaces_pkg) by extensions ['colcon_pkg']
[0.449s] Level 1:colcon.colcon_core.package_identification:_identify(src/simple_interfaces_pkg) by extension 'colcon_pkg'
[0.449s] Level 1:colcon.colcon_core.package_identification:_identify(src/simple_interfaces_pkg) by extensions ['colcon_meta']
[0.449s] Level 1:colcon.colcon_core.package_identification:_identify(src/simple_interfaces_pkg) by extension 'colcon_meta'
[0.449s] Level 1:colcon.colcon_core.package_identification:_identify(src/simple_interfaces_pkg) by extensions ['ros']
[0.449s] Level 1:colcon.colcon_core.package_identification:_identify(src/simple_interfaces_pkg) by extension 'ros'
[0.456s] DEBUG:colcon.colcon_core.package_identification:Package 'src/simple_interfaces_pkg' with type 'ros.ament_cmake' and name 'simple_interfaces_pkg'
[0.457s] Level 1:colcon.colcon_core.package_identification:_identify(src/simple_py_pkg) by extensions ['ignore', 'ignore_ament_install']
[0.457s] Level 1:colcon.colcon_core.package_identification:_identify(src/simple_py_pkg) by extension 'ignore'
[0.457s] Level 1:colcon.colcon_core.package_identification:_identify(src/simple_py_pkg) by extension 'ignore_ament_install'
[0.457s] Level 1:colcon.colcon_core.package_identification:_identify(src/simple_py_pkg) by extensions ['colcon_pkg']
[0.457s] Level 1:colcon.colcon_core.package_identification:_identify(src/simple_py_pkg) by extension 'colcon_pkg'
[0.457s] Level 1:colcon.colcon_core.package_identification:_identify(src/simple_py_pkg) by extensions ['colcon_meta']
[0.457s] Level 1:colcon.colcon_core.package_identification:_identify(src/simple_py_pkg) by extension 'colcon_meta'
[0.457s] Level 1:colcon.colcon_core.package_identification:_identify(src/simple_py_pkg) by extensions ['ros']
[0.457s] Level 1:colcon.colcon_core.package_identification:_identify(src/simple_py_pkg) by extension 'ros'
[0.458s] DEBUG:colcon.colcon_core.package_identification:Package 'src/simple_py_pkg' with type 'ros.ament_python' and name 'simple_py_pkg'
[0.458s] Level 1:colcon.colcon_core.package_identification:_identify(turtlesim_ws) by extensions ['ignore', 'ignore_ament_install']
[0.459s] Level 1:colcon.colcon_core.package_identification:_identify(turtlesim_ws) by extension 'ignore'
[0.459s] Level 1:colcon.colcon_core.package_identification:_identify(turtlesim_ws) by extension 'ignore_ament_install'
[0.459s] Level 1:colcon.colcon_core.package_identification:_identify(turtlesim_ws) by extensions ['colcon_pkg']
[0.459s] Level 1:colcon.colcon_core.package_identification:_identify(turtlesim_ws) by extension 'colcon_pkg'
[0.459s] Level 1:colcon.colcon_core.package_identification:_identify(turtlesim_ws) by extensions ['colcon_meta']
[0.459s] Level 1:colcon.colcon_core.package_identification:_identify(turtlesim_ws) by extension 'colcon_meta'
[0.459s] Level 1:colcon.colcon_core.package_identification:_identify(turtlesim_ws) by extensions ['ros']
[0.459s] Level 1:colcon.colcon_core.package_identification:_identify(turtlesim_ws) by extension 'ros'
[0.459s] Level 1:colcon.colcon_core.package_identification:_identify(turtlesim_ws) by extensions ['cmake', 'python']
[0.459s] Level 1:colcon.colcon_core.package_identification:_identify(turtlesim_ws) by extension 'cmake'
[0.459s] Level 1:colcon.colcon_core.package_identification:_identify(turtlesim_ws) by extension 'python'
[0.459s] Level 1:colcon.colcon_core.package_identification:_identify(turtlesim_ws) by extensions ['python_setup_py']
[0.459s] Level 1:colcon.colcon_core.package_identification:_identify(turtlesim_ws) by extension 'python_setup_py'
[0.459s] Level 1:colcon.colcon_core.package_identification:_identify(turtlesim_ws/build) by extensions ['ignore', 'ignore_ament_install']
[0.459s] Level 1:colcon.colcon_core.package_identification:_identify(turtlesim_ws/build) by extension 'ignore'
[0.459s] Level 1:colcon.colcon_core.package_identification:_identify(turtlesim_ws/build) ignored
[0.460s] Level 1:colcon.colcon_core.package_identification:_identify(turtlesim_ws/install) by extensions ['ignore', 'ignore_ament_install']
[0.460s] Level 1:colcon.colcon_core.package_identification:_identify(turtlesim_ws/install) by extension 'ignore'
[0.460s] Level 1:colcon.colcon_core.package_identification:_identify(turtlesim_ws/install) ignored
[0.460s] Level 1:colcon.colcon_core.package_identification:_identify(turtlesim_ws/log) by extensions ['ignore', 'ignore_ament_install']
[0.460s] Level 1:colcon.colcon_core.package_identification:_identify(turtlesim_ws/log) by extension 'ignore'
[0.460s] Level 1:colcon.colcon_core.package_identification:_identify(turtlesim_ws/log) ignored
[0.460s] Level 1:colcon.colcon_core.package_identification:_identify(turtlesim_ws/src) by extensions ['ignore', 'ignore_ament_install']
[0.460s] Level 1:colcon.colcon_core.package_identification:_identify(turtlesim_ws/src) by extension 'ignore'
[0.460s] Level 1:colcon.colcon_core.package_identification:_identify(turtlesim_ws/src) by extension 'ignore_ament_install'
[0.460s] Level 1:colcon.colcon_core.package_identification:_identify(turtlesim_ws/src) by extensions ['colcon_pkg']
[0.460s] Level 1:colcon.colcon_core.package_identification:_identify(turtlesim_ws/src) by extension 'colcon_pkg'
[0.460s] Level 1:colcon.colcon_core.package_identification:_identify(turtlesim_ws/src) by extensions ['colcon_meta']
[0.460s] Level 1:colcon.colcon_core.package_identification:_identify(turtlesim_ws/src) by extension 'colcon_meta'
[0.461s] Level 1:colcon.colcon_core.package_identification:_identify(turtlesim_ws/src) by extensions ['ros']
[0.461s] Level 1:colcon.colcon_core.package_identification:_identify(turtlesim_ws/src) by extension 'ros'
[0.461s] Level 1:colcon.colcon_core.package_identification:_identify(turtlesim_ws/src) by extensions ['cmake', 'python']
[0.461s] Level 1:colcon.colcon_core.package_identification:_identify(turtlesim_ws/src) by extension 'cmake'
[0.461s] Level 1:colcon.colcon_core.package_identification:_identify(turtlesim_ws/src) by extension 'python'
[0.461s] Level 1:colcon.colcon_core.package_identification:_identify(turtlesim_ws/src) by extensions ['python_setup_py']
[0.461s] Level 1:colcon.colcon_core.package_identification:_identify(turtlesim_ws/src) by extension 'python_setup_py'
[0.461s] Level 1:colcon.colcon_core.package_identification:_identify(turtlesim_ws/src/turtlesim_py_pkg) by extensions ['ignore', 'ignore_ament_install']
[0.461s] Level 1:colcon.colcon_core.package_identification:_identify(turtlesim_ws/src/turtlesim_py_pkg) by extension 'ignore'
[0.461s] Level 1:colcon.colcon_core.package_identification:_identify(turtlesim_ws/src/turtlesim_py_pkg) by extension 'ignore_ament_install'
[0.461s] Level 1:colcon.colcon_core.package_identification:_identify(turtlesim_ws/src/turtlesim_py_pkg) by extensions ['colcon_pkg']
[0.461s] Level 1:colcon.colcon_core.package_identification:_identify(turtlesim_ws/src/turtlesim_py_pkg) by extension 'colcon_pkg'
[0.461s] Level 1:colcon.colcon_core.package_identification:_identify(turtlesim_ws/src/turtlesim_py_pkg) by extensions ['colcon_meta']
[0.461s] Level 1:colcon.colcon_core.package_identification:_identify(turtlesim_ws/src/turtlesim_py_pkg) by extension 'colcon_meta'
[0.461s] Level 1:colcon.colcon_core.package_identification:_identify(turtlesim_ws/src/turtlesim_py_pkg) by extensions ['ros']
[0.461s] Level 1:colcon.colcon_core.package_identification:_identify(turtlesim_ws/src/turtlesim_py_pkg) by extension 'ros'
[0.462s] DEBUG:colcon.colcon_core.package_identification:Package 'turtlesim_ws/src/turtlesim_py_pkg' with type 'ros.ament_python' and name 'turtlesim_py_pkg'
[0.462s] Level 1:colcon.colcon_core.package_discovery:discover_packages(recursive) using defaults
[0.462s] Level 1:colcon.colcon_core.package_discovery:discover_packages(ignore) discover
[0.462s] Level 1:colcon.colcon_core.package_discovery:discover_packages(ignore) using defaults
[0.462s] Level 1:colcon.colcon_core.package_discovery:discover_packages(path) discover
[0.462s] Level 1:colcon.colcon_core.package_discovery:discover_packages(path) using defaults
[0.496s] INFO:colcon.colcon_core.package_selection:Skipping not selected package 'simple_py_pkg' in 'src/simple_py_pkg'
[0.497s] INFO:colcon.colcon_core.package_selection:Skipping not selected package 'turtlesim_py_pkg' in 'turtlesim_ws/src/turtlesim_py_pkg'
[0.507s] Level 1:colcon.colcon_core.package_discovery:discover_packages(prefix_path) check parameters
[0.507s] Level 1:colcon.colcon_core.package_discovery:discover_packages(prefix_path) discover
[0.513s] DEBUG:colcon.colcon_installed_package_information.package_discovery:Found 1 installed packages in /home/muhammed-samet-yildiz/turtlesim_ws/install
[0.514s] DEBUG:colcon.colcon_installed_package_information.package_discovery:Found 1 installed packages in /home/muhammed-samet-yildiz/ros2_ws/install
[0.516s] DEBUG:colcon.colcon_installed_package_information.package_discovery:Found 271 installed packages in /opt/ros/humble
[0.521s] Level 1:colcon.colcon_core.package_discovery:discover_packages(prefix_path) using defaults
[0.620s] Level 5:colcon.colcon_core.verb:set package 'simple_interfaces_pkg' build argument 'cmake_args' from command line to 'None'
[0.620s] Level 5:colcon.colcon_core.verb:set package 'simple_interfaces_pkg' build argument 'cmake_target' from command line to 'None'
[0.620s] Level 5:colcon.colcon_core.verb:set package 'simple_interfaces_pkg' build argument 'cmake_target_skip_unavailable' from command line to 'False'
[0.620s] Level 5:colcon.colcon_core.verb:set package 'simple_interfaces_pkg' build argument 'cmake_clean_cache' from command line to 'False'
[0.620s] Level 5:colcon.colcon_core.verb:set package 'simple_interfaces_pkg' build argument 'cmake_clean_first' from command line to 'False'
[0.621s] Level 5:colcon.colcon_core.verb:set package 'simple_interfaces_pkg' build argument 'cmake_force_configure' from command line to 'False'
[0.621s] Level 5:colcon.colcon_core.verb:set package 'simple_interfaces_pkg' build argument 'ament_cmake_args' from command line to 'None'
[0.621s] Level 5:colcon.colcon_core.verb:set package 'simple_interfaces_pkg' build argument 'catkin_cmake_args' from command line to 'None'
[0.621s] Level 5:colcon.colcon_core.verb:set package 'simple_interfaces_pkg' build argument 'catkin_skip_building_tests' from command line to 'False'
[0.621s] DEBUG:colcon.colcon_core.verb:Building package 'simple_interfaces_pkg' with the following arguments: {'ament_cmake_args': None, 'build_base': '/home/muhammed-samet-yildiz/ros2_ws/build/simple_interfaces_pkg', 'catkin_cmake_args': None, 'catkin_skip_building_tests': False, 'cmake_args': None, 'cmake_clean_cache': False, 'cmake_clean_first': False, 'cmake_force_configure': False, 'cmake_target': None, 'cmake_target_skip_unavailable': False, 'install_base': '/home/muhammed-samet-yildiz/ros2_ws/install/simple_interfaces_pkg', 'merge_install': False, 'path': '/home/muhammed-samet-yildiz/ros2_ws/src/simple_interfaces_pkg', 'symlink_install': True, 'test_result_base': None}
[0.621s] INFO:colcon.colcon_core.executor:Executing jobs using 'parallel' executor
[0.623s] DEBUG:colcon.colcon_parallel_executor.executor.parallel:run_until_complete
[0.623s] INFO:colcon.colcon_ros.task.ament_cmake.build:Building ROS package in '/home/muhammed-samet-yildiz/ros2_ws/src/simple_interfaces_pkg' with build type 'ament_cmake'
[0.623s] INFO:colcon.colcon_cmake.task.cmake.build:Building CMake package in '/home/muhammed-samet-yildiz/ros2_ws/src/simple_interfaces_pkg'
[0.627s] INFO:colcon.colcon_core.plugin_system:Skipping extension 'colcon_core.shell.bat': Not used on non-Windows systems
[0.628s] INFO:colcon.colcon_core.shell:Skip shell extension 'powershell' for command environment: Not usable outside of PowerShell
[0.628s] DEBUG:colcon.colcon_core.shell:Skip shell extension 'dsv' for command environment
[0.652s] DEBUG:colcon.colcon_core.event_handler.log_command:Invoking command in '/home/muhammed-samet-yildiz/ros2_ws/build/simple_interfaces_pkg': CMAKE_PREFIX_PATH=/home/muhammed-samet-yildiz/ros2_ws/install/simple_py_pkg:/home/muhammed-samet-yildiz/turtlesim_ws/install/turtlesim_py_pkg:/opt/ros/humble /usr/bin/cmake /home/muhammed-samet-yildiz/ros2_ws/src/simple_interfaces_pkg -DAMENT_CMAKE_SYMLINK_INSTALL=1 -DCMAKE_INSTALL_PREFIX=/home/muhammed-samet-yildiz/ros2_ws/install/simple_interfaces_pkg
[2.271s] DEBUG:colcon.colcon_core.event_handler.log_command:Invoked command in '/home/muhammed-samet-yildiz/ros2_ws/build/simple_interfaces_pkg' returned '1': CMAKE_PREFIX_PATH=/home/muhammed-samet-yildiz/ros2_ws/install/simple_py_pkg:/home/muhammed-samet-yildiz/turtlesim_ws/install/turtlesim_py_pkg:/opt/ros/humble /usr/bin/cmake /home/muhammed-samet-yildiz/ros2_ws/src/simple_interfaces_pkg -DAMENT_CMAKE_SYMLINK_INSTALL=1 -DCMAKE_INSTALL_PREFIX=/home/muhammed-samet-yildiz/ros2_ws/install/simple_interfaces_pkg
[2.300s] Level 1:colcon.colcon_core.environment:create_environment_scripts_only(simple_interfaces_pkg)
[2.307s] Level 1:colcon.colcon_core.environment:checking '/home/muhammed-samet-yildiz/ros2_ws/install/simple_interfaces_pkg' for CMake module files
[2.307s] Level 1:colcon.colcon_core.environment:checking '/home/muhammed-samet-yildiz/ros2_ws/install/simple_interfaces_pkg' for CMake config files
[2.308s] Level 1:colcon.colcon_core.environment:checking '/home/muhammed-samet-yildiz/ros2_ws/install/simple_interfaces_pkg/bin'
[2.308s] Level 1:colcon.colcon_core.environment:checking '/home/muhammed-samet-yildiz/ros2_ws/install/simple_interfaces_pkg/lib/pkgconfig/simple_interfaces_pkg.pc'
[2.309s] Level 1:colcon.colcon_core.environment:checking '/home/muhammed-samet-yildiz/ros2_ws/install/simple_interfaces_pkg/lib/python3.10/site-packages'
[2.309s] Level 1:colcon.colcon_core.environment:checking '/home/muhammed-samet-yildiz/ros2_ws/install/simple_interfaces_pkg/bin'
[2.310s] INFO:colcon.colcon_core.shell:Creating package script '/home/muhammed-samet-yildiz/ros2_ws/install/simple_interfaces_pkg/share/simple_interfaces_pkg/package.ps1'
[2.312s] INFO:colcon.colcon_core.shell:Creating package descriptor '/home/muhammed-samet-yildiz/ros2_ws/install/simple_interfaces_pkg/share/simple_interfaces_pkg/package.dsv'
[2.313s] INFO:colcon.colcon_core.shell:Creating package script '/home/muhammed-samet-yildiz/ros2_ws/install/simple_interfaces_pkg/share/simple_interfaces_pkg/package.sh'
[2.314s] INFO:colcon.colcon_core.shell:Creating package script '/home/muhammed-samet-yildiz/ros2_ws/install/simple_interfaces_pkg/share/simple_interfaces_pkg/package.bash'
[2.316s] INFO:colcon.colcon_core.shell:Creating package script '/home/muhammed-samet-yildiz/ros2_ws/install/simple_interfaces_pkg/share/simple_interfaces_pkg/package.zsh'
[2.319s] Level 1:colcon.colcon_core.environment:create_file_with_runtime_dependencies(/home/muhammed-samet-yildiz/ros2_ws/install/simple_interfaces_pkg/share/colcon-core/packages/simple_interfaces_pkg)
[2.330s] DEBUG:colcon.colcon_parallel_executor.executor.parallel:closing loop
[2.330s] DEBUG:colcon.colcon_parallel_executor.executor.parallel:loop closed
[2.330s] DEBUG:colcon.colcon_parallel_executor.executor.parallel:run_until_complete finished with '1'
[2.330s] DEBUG:colcon.colcon_core.event_reactor:joining thread
[2.346s] INFO:colcon.colcon_core.plugin_system:Skipping extension 'colcon_notification.desktop_notification.terminal_notifier': Not used on non-Darwin systems
[2.346s] INFO:colcon.colcon_core.plugin_system:Skipping extension 'colcon_notification.desktop_notification.win32': Not used on non-Windows systems
[2.346s] INFO:colcon.colcon_notification.desktop_notification:Sending desktop notification using 'notify2'
[2.364s] DEBUG:colcon.colcon_core.event_reactor:joined thread
[2.365s] INFO:colcon.colcon_core.shell:Creating prefix script '/home/muhammed-samet-yildiz/ros2_ws/install/local_setup.ps1'
[2.367s] INFO:colcon.colcon_core.shell:Creating prefix util module '/home/muhammed-samet-yildiz/ros2_ws/install/_local_setup_util_ps1.py'
[2.371s] INFO:colcon.colcon_core.shell:Creating prefix chain script '/home/muhammed-samet-yildiz/ros2_ws/install/setup.ps1'
[2.373s] INFO:colcon.colcon_core.shell:Creating prefix script '/home/muhammed-samet-yildiz/ros2_ws/install/local_setup.sh'
[2.374s] INFO:colcon.colcon_core.shell:Creating prefix util module '/home/muhammed-samet-yildiz/ros2_ws/install/_local_setup_util_sh.py'
[2.375s] INFO:colcon.colcon_core.shell:Creating prefix chain script '/home/muhammed-samet-yildiz/ros2_ws/install/setup.sh'
[2.378s] INFO:colcon.colcon_core.shell:Creating prefix script '/home/muhammed-samet-yildiz/ros2_ws/install/local_setup.bash'
[2.379s] INFO:colcon.colcon_core.shell:Creating prefix chain script '/home/muhammed-samet-yildiz/ros2_ws/install/setup.bash'
[2.382s] INFO:colcon.colcon_core.shell:Creating prefix script '/home/muhammed-samet-yildiz/ros2_ws/install/local_setup.zsh'
[2.384s] INFO:colcon.colcon_core.shell:Creating prefix chain script '/home/muhammed-samet-yildiz/ros2_ws/install/setup.zsh'
