[0.617s] Invoking command in '/home/muhammed-samet-yildiz/ros2_ws/build/simple_py_pkg': PYTHONPATH=/home/muhammed-samet-yildiz/ros2_ws/build/simple_py_pkg/prefix_override:/usr/lib/python3/dist-packages/colcon_core/task/python/colcon_distutils_commands:/home/muhammed-samet-yildiz/ros2_ws/install/simple_py_pkg/lib/python3.10/site-packages:${PYTHONPATH} /usr/bin/python3 -W ignore:setup.py install is deprecated -W ignore:easy_install command is deprecated setup.py develop --editable --build-directory /home/muhammed-samet-yildiz/ros2_ws/build/simple_py_pkg/build --no-deps symlink_data --force
[0.849s] running develop
[0.971s] running egg_info
[0.972s] writing simple_py_pkg.egg-info/PKG-INFO
[0.972s] writing dependency_links to simple_py_pkg.egg-info/dependency_links.txt
[0.972s] writing entry points to simple_py_pkg.egg-info/entry_points.txt
[0.973s] writing requirements to simple_py_pkg.egg-info/requires.txt
[0.973s] writing top-level names to simple_py_pkg.egg-info/top_level.txt
[0.974s] reading manifest file 'simple_py_pkg.egg-info/SOURCES.txt'
[0.975s] writing manifest file 'simple_py_pkg.egg-info/SOURCES.txt'
[0.977s] running build_ext
[0.977s] Creating /home/muhammed-samet-yildiz/ros2_ws/install/simple_py_pkg/lib/python3.10/site-packages/simple-py-pkg.egg-link (link to .)
[0.978s] Installing counter_node script to /home/muhammed-samet-yildiz/ros2_ws/install/simple_py_pkg/lib/simple_py_pkg
[0.979s] Installing py_node script to /home/muhammed-samet-yildiz/ros2_ws/install/simple_py_pkg/lib/simple_py_pkg
[0.979s] 
[0.979s] Installed /home/muhammed-samet-yildiz/ros2_ws/build/simple_py_pkg
[0.980s] running symlink_data
[0.980s] symbolically linking /home/muhammed-samet-yildiz/ros2_ws/build/simple_py_pkg/resource/simple_py_pkg -> /home/muhammed-samet-yildiz/ros2_ws/install/simple_py_pkg/share/ament_index/resource_index/packages
[0.980s] symbolically linking /home/muhammed-samet-yildiz/ros2_ws/build/simple_py_pkg/package.xml -> /home/muhammed-samet-yildiz/ros2_ws/install/simple_py_pkg/share/simple_py_pkg
[1.031s] Invoked command in '/home/muhammed-samet-yildiz/ros2_ws/build/simple_py_pkg' returned '0': PYTHONPATH=/home/muhammed-samet-yildiz/ros2_ws/build/simple_py_pkg/prefix_override:/usr/lib/python3/dist-packages/colcon_core/task/python/colcon_distutils_commands:/home/muhammed-samet-yildiz/ros2_ws/install/simple_py_pkg/lib/python3.10/site-packages:${PYTHONPATH} /usr/bin/python3 -W ignore:setup.py install is deprecated -W ignore:easy_install command is deprecated setup.py develop --editable --build-directory /home/muhammed-samet-yildiz/ros2_ws/build/simple_py_pkg/build --no-deps symlink_data --force
