[0.027s] Invoking command in '/home/muhammed-samet-yildiz/ros2_ws/build/simple_interfaces_pkg': CMAKE_PREFIX_PATH=/home/muhammed-samet-yildiz/ros2_ws/install/simple_py_pkg:/home/muhammed-samet-yildiz/turtlesim_ws/install/turtlesim_py_pkg:/opt/ros/humble /usr/bin/cmake /home/muhammed-samet-yildiz/ros2_ws/src/simple_interfaces_pkg -DCMAKE_INSTALL_PREFIX=/home/muhammed-samet-yildiz/ros2_ws/install/simple_interfaces_pkg
[0.057s] -- Found ament_cmake: 1.3.11 (/opt/ros/humble/share/ament_cmake/cmake)
[0.259s] -- Override CMake install command with custom implementation using symlinks instead of copying resources
[0.269s] -- Found rosidl_default_generators: 1.2.0 (/opt/ros/humble/share/rosidl_default_generators/cmake)
[0.272s] -- Using all available rosidl_typesupport_c: rosidl_typesupport_fastrtps_c;rosidl_typesupport_introspection_c
[0.276s] -- Found rosidl_adapter: 3.1.6 (/opt/ros/humble/share/rosidl_adapter/cmake)
[0.317s] -- Using all available rosidl_typesupport_cpp: rosidl_typesupport_fastrtps_cpp;rosidl_typesupport_introspection_cpp
[0.735s] -- Found ament_cmake_ros: 0.10.0 (/opt/ros/humble/share/ament_cmake_ros/cmake)
[1.048s] -- Using all available rosidl_typesupport_c: rosidl_typesupport_fastrtps_c;rosidl_typesupport_introspection_c
[1.456s] -- Using all available rosidl_typesupport_cpp: rosidl_typesupport_fastrtps_cpp;rosidl_typesupport_introspection_cpp
[1.492s] -- Found python_cmake_module: 0.10.0 (/opt/ros/humble/share/python_cmake_module/cmake)
[1.532s] -- Using PYTHON_EXECUTABLE: /usr/bin/python3
[1.532s] -- Using PYTHON_INCLUDE_DIRS: /usr/include/python3.10
[1.532s] -- Using PYTHON_LIBRARIES: /usr/lib/x86_64-linux-gnu/libpython3.10.so
[1.572s] -- Configuring done
[1.614s] -- Generating done
[1.630s] -- Build files have been written to: /home/muhammed-samet-yildiz/ros2_ws/build/simple_interfaces_pkg
[1.639s] Invoked command in '/home/muhammed-samet-yildiz/ros2_ws/build/simple_interfaces_pkg' returned '0': CMAKE_PREFIX_PATH=/home/muhammed-samet-yildiz/ros2_ws/install/simple_py_pkg:/home/muhammed-samet-yildiz/turtlesim_ws/install/turtlesim_py_pkg:/opt/ros/humble /usr/bin/cmake /home/muhammed-samet-yildiz/ros2_ws/src/simple_interfaces_pkg -DCMAKE_INSTALL_PREFIX=/home/muhammed-samet-yildiz/ros2_ws/install/simple_interfaces_pkg
[1.644s] Invoking command in '/home/muhammed-samet-yildiz/ros2_ws/build/simple_interfaces_pkg': CMAKE_PREFIX_PATH=/home/muhammed-samet-yildiz/ros2_ws/install/simple_py_pkg:/home/muhammed-samet-yildiz/turtlesim_ws/install/turtlesim_py_pkg:/opt/ros/humble /usr/bin/cmake --build /home/muhammed-samet-yildiz/ros2_ws/build/simple_interfaces_pkg -- -j16 -l16
[1.715s] [35m[1mConsolidate compiler generated dependencies of target simple_interfaces_pkg__rosidl_generator_c[0m
[1.733s] [  6%] Built target simple_interfaces_pkg__cpp
[1.734s] [ 12%] Built target simple_interfaces_pkg__rosidl_generator_c
[1.740s] [ 12%] Built target ament_cmake_python_symlink_simple_interfaces_pkg
[1.751s] [35m[1mConsolidate compiler generated dependencies of target simple_interfaces_pkg__rosidl_typesupport_cpp[0m
[1.751s] [35m[1mConsolidate compiler generated dependencies of target simple_interfaces_pkg__rosidl_typesupport_introspection_c[0m
[1.751s] [35m[1mConsolidate compiler generated dependencies of target simple_interfaces_pkg__rosidl_typesupport_fastrtps_c[0m
[1.753s] [35m[1mConsolidate compiler generated dependencies of target simple_interfaces_pkg__rosidl_typesupport_introspection_cpp[0m
[1.754s] [35m[1mConsolidate compiler generated dependencies of target simple_interfaces_pkg__rosidl_typesupport_c[0m
[1.754s] [35m[1mConsolidate compiler generated dependencies of target simple_interfaces_pkg__rosidl_typesupport_fastrtps_cpp[0m
[1.770s] [ 32%] Built target simple_interfaces_pkg__rosidl_typesupport_introspection_c
[1.770s] [ 32%] Built target simple_interfaces_pkg__rosidl_typesupport_cpp
[1.771s] [ 41%] Built target simple_interfaces_pkg__rosidl_typesupport_fastrtps_c
[1.771s] [ 51%] Built target simple_interfaces_pkg__rosidl_typesupport_c
[1.773s] [ 61%] Built target simple_interfaces_pkg__rosidl_typesupport_introspection_cpp
[1.776s] [ 70%] Built target simple_interfaces_pkg__rosidl_typesupport_fastrtps_cpp
[1.816s] [ 70%] Built target simple_interfaces_pkg
[1.850s] [ 74%] Built target simple_interfaces_pkg__py
[1.867s] [35m[1mConsolidate compiler generated dependencies of target simple_interfaces_pkg__rosidl_generator_py[0m
[1.889s] [ 80%] Built target simple_interfaces_pkg__rosidl_generator_py
[1.906s] [35m[1mConsolidate compiler generated dependencies of target simple_interfaces_pkg__rosidl_typesupport_fastrtps_c__pyext[0m
[1.908s] [35m[1mConsolidate compiler generated dependencies of target simple_interfaces_pkg__rosidl_typesupport_introspection_c__pyext[0m
[1.910s] [35m[1mConsolidate compiler generated dependencies of target simple_interfaces_pkg__rosidl_typesupport_c__pyext[0m
[1.928s] [ 93%] Built target simple_interfaces_pkg__rosidl_typesupport_introspection_c__pyext
[1.928s] [ 93%] Built target simple_interfaces_pkg__rosidl_typesupport_fastrtps_c__pyext
[1.939s] [100%] Built target simple_interfaces_pkg__rosidl_typesupport_c__pyext
[2.055s] running egg_info
[2.056s] writing simple_interfaces_pkg.egg-info/PKG-INFO
[2.057s] writing dependency_links to simple_interfaces_pkg.egg-info/dependency_links.txt
[2.057s] writing top-level names to simple_interfaces_pkg.egg-info/top_level.txt
[2.059s] reading manifest file 'simple_interfaces_pkg.egg-info/SOURCES.txt'
[2.060s] writing manifest file 'simple_interfaces_pkg.egg-info/SOURCES.txt'
[2.106s] [100%] Built target ament_cmake_python_build_simple_interfaces_pkg_egg
[2.134s] Invoked command in '/home/muhammed-samet-yildiz/ros2_ws/build/simple_interfaces_pkg' returned '0': CMAKE_PREFIX_PATH=/home/muhammed-samet-yildiz/ros2_ws/install/simple_py_pkg:/home/muhammed-samet-yildiz/turtlesim_ws/install/turtlesim_py_pkg:/opt/ros/humble /usr/bin/cmake --build /home/muhammed-samet-yildiz/ros2_ws/build/simple_interfaces_pkg -- -j16 -l16
[2.158s] Invoking command in '/home/muhammed-samet-yildiz/ros2_ws/build/simple_interfaces_pkg': CMAKE_PREFIX_PATH=/home/muhammed-samet-yildiz/ros2_ws/install/simple_py_pkg:/home/muhammed-samet-yildiz/turtlesim_ws/install/turtlesim_py_pkg:/opt/ros/humble /usr/bin/cmake --install /home/muhammed-samet-yildiz/ros2_ws/build/simple_interfaces_pkg
[2.174s] -- Install configuration: ""
[2.175s] -- Execute custom install script
[2.175s] -- Up-to-date symlink: /home/muhammed-samet-yildiz/ros2_ws/install/simple_interfaces_pkg/share/ament_index/resource_index/rosidl_interfaces/simple_interfaces_pkg
[2.176s] -- Up-to-date symlink: /home/muhammed-samet-yildiz/ros2_ws/install/simple_interfaces_pkg/include/simple_interfaces_pkg/simple_interfaces_pkg/msg/components_status.h
[2.176s] -- Up-to-date symlink: /home/muhammed-samet-yildiz/ros2_ws/install/simple_interfaces_pkg/include/simple_interfaces_pkg/simple_interfaces_pkg/msg/detail/components_status__functions.h
[2.176s] -- Up-to-date symlink: /home/muhammed-samet-yildiz/ros2_ws/install/simple_interfaces_pkg/include/simple_interfaces_pkg/simple_interfaces_pkg/msg/detail/components_status__struct.h
[2.176s] -- Up-to-date symlink: /home/muhammed-samet-yildiz/ros2_ws/install/simple_interfaces_pkg/include/simple_interfaces_pkg/simple_interfaces_pkg/msg/detail/components_status__type_support.h
[2.177s] -- Up-to-date symlink: /home/muhammed-samet-yildiz/ros2_ws/install/simple_interfaces_pkg/include/simple_interfaces_pkg/simple_interfaces_pkg/msg/rosidl_generator_c__visibility_control.h
[2.177s] -- Up-to-date symlink: /home/muhammed-samet-yildiz/ros2_ws/install/simple_interfaces_pkg/share/simple_interfaces_pkg/environment/library_path.sh
[2.177s] -- Up-to-date symlink: /home/muhammed-samet-yildiz/ros2_ws/install/simple_interfaces_pkg/share/simple_interfaces_pkg/environment/library_path.dsv
[2.177s] -- Up-to-date symlink: /home/muhammed-samet-yildiz/ros2_ws/install/simple_interfaces_pkg/include/simple_interfaces_pkg/simple_interfaces_pkg/msg/detail/components_status__rosidl_typesupport_fastrtps_c.h
[2.177s] -- Up-to-date symlink: /home/muhammed-samet-yildiz/ros2_ws/install/simple_interfaces_pkg/include/simple_interfaces_pkg/simple_interfaces_pkg/msg/rosidl_typesupport_fastrtps_c__visibility_control.h
[2.178s] -- Up-to-date symlink: /home/muhammed-samet-yildiz/ros2_ws/install/simple_interfaces_pkg/include/simple_interfaces_pkg/simple_interfaces_pkg/msg/detail/components_status__rosidl_typesupport_introspection_c.h
[2.178s] -- Up-to-date symlink: /home/muhammed-samet-yildiz/ros2_ws/install/simple_interfaces_pkg/include/simple_interfaces_pkg/simple_interfaces_pkg/msg/rosidl_typesupport_introspection_c__visibility_control.h
[2.179s] -- Up-to-date symlink: /home/muhammed-samet-yildiz/ros2_ws/install/simple_interfaces_pkg/include/simple_interfaces_pkg/simple_interfaces_pkg/msg/components_status.hpp
[2.179s] -- Up-to-date symlink: /home/muhammed-samet-yildiz/ros2_ws/install/simple_interfaces_pkg/include/simple_interfaces_pkg/simple_interfaces_pkg/msg/detail/components_status__builder.hpp
[2.179s] -- Up-to-date symlink: /home/muhammed-samet-yildiz/ros2_ws/install/simple_interfaces_pkg/include/simple_interfaces_pkg/simple_interfaces_pkg/msg/detail/components_status__struct.hpp
[2.179s] -- Up-to-date symlink: /home/muhammed-samet-yildiz/ros2_ws/install/simple_interfaces_pkg/include/simple_interfaces_pkg/simple_interfaces_pkg/msg/detail/components_status__traits.hpp
[2.179s] -- Up-to-date symlink: /home/muhammed-samet-yildiz/ros2_ws/install/simple_interfaces_pkg/include/simple_interfaces_pkg/simple_interfaces_pkg/msg/detail/components_status__type_support.hpp
[2.180s] -- Up-to-date symlink: /home/muhammed-samet-yildiz/ros2_ws/install/simple_interfaces_pkg/include/simple_interfaces_pkg/simple_interfaces_pkg/msg/rosidl_generator_cpp__visibility_control.hpp
[2.180s] -- Up-to-date symlink: /home/muhammed-samet-yildiz/ros2_ws/install/simple_interfaces_pkg/include/simple_interfaces_pkg/simple_interfaces_pkg/msg/detail/components_status__rosidl_typesupport_fastrtps_cpp.hpp
[2.180s] -- Up-to-date symlink: /home/muhammed-samet-yildiz/ros2_ws/install/simple_interfaces_pkg/include/simple_interfaces_pkg/simple_interfaces_pkg/msg/rosidl_typesupport_fastrtps_cpp__visibility_control.h
[2.181s] -- Up-to-date symlink: /home/muhammed-samet-yildiz/ros2_ws/install/simple_interfaces_pkg/include/simple_interfaces_pkg/simple_interfaces_pkg/msg/detail/components_status__rosidl_typesupport_introspection_cpp.hpp
[2.181s] -- Up-to-date symlink: /home/muhammed-samet-yildiz/ros2_ws/install/simple_interfaces_pkg/share/simple_interfaces_pkg/environment/pythonpath.sh
[2.181s] -- Up-to-date symlink: /home/muhammed-samet-yildiz/ros2_ws/install/simple_interfaces_pkg/share/simple_interfaces_pkg/environment/pythonpath.dsv
[2.182s] -- Up-to-date symlink: /home/muhammed-samet-yildiz/ros2_ws/install/simple_interfaces_pkg/local/lib/python3.10/dist-packages/simple_interfaces_pkg-0.0.0-py3.10.egg-info/PKG-INFO
[2.182s] -- Up-to-date symlink: /home/muhammed-samet-yildiz/ros2_ws/install/simple_interfaces_pkg/local/lib/python3.10/dist-packages/simple_interfaces_pkg-0.0.0-py3.10.egg-info/SOURCES.txt
[2.182s] -- Up-to-date symlink: /home/muhammed-samet-yildiz/ros2_ws/install/simple_interfaces_pkg/local/lib/python3.10/dist-packages/simple_interfaces_pkg-0.0.0-py3.10.egg-info/dependency_links.txt
[2.182s] -- Up-to-date symlink: /home/muhammed-samet-yildiz/ros2_ws/install/simple_interfaces_pkg/local/lib/python3.10/dist-packages/simple_interfaces_pkg-0.0.0-py3.10.egg-info/top_level.txt
[2.183s] -- Up-to-date symlink: /home/muhammed-samet-yildiz/ros2_ws/install/simple_interfaces_pkg/local/lib/python3.10/dist-packages/simple_interfaces_pkg/__init__.py
[2.183s] -- Up-to-date symlink: /home/muhammed-samet-yildiz/ros2_ws/install/simple_interfaces_pkg/local/lib/python3.10/dist-packages/simple_interfaces_pkg/_simple_interfaces_pkg_s.ep.rosidl_typesupport_c.c
[2.184s] -- Up-to-date symlink: /home/muhammed-samet-yildiz/ros2_ws/install/simple_interfaces_pkg/local/lib/python3.10/dist-packages/simple_interfaces_pkg/_simple_interfaces_pkg_s.ep.rosidl_typesupport_fastrtps_c.c
[2.184s] -- Up-to-date symlink: /home/muhammed-samet-yildiz/ros2_ws/install/simple_interfaces_pkg/local/lib/python3.10/dist-packages/simple_interfaces_pkg/_simple_interfaces_pkg_s.ep.rosidl_typesupport_introspection_c.c
[2.184s] -- Up-to-date symlink: /home/muhammed-samet-yildiz/ros2_ws/install/simple_interfaces_pkg/local/lib/python3.10/dist-packages/simple_interfaces_pkg/libsimple_interfaces_pkg__rosidl_generator_py.so
[2.184s] -- Up-to-date symlink: /home/muhammed-samet-yildiz/ros2_ws/install/simple_interfaces_pkg/local/lib/python3.10/dist-packages/simple_interfaces_pkg/msg/__init__.py
[2.184s] -- Up-to-date symlink: /home/muhammed-samet-yildiz/ros2_ws/install/simple_interfaces_pkg/local/lib/python3.10/dist-packages/simple_interfaces_pkg/msg/_components_status.py
[2.184s] -- Up-to-date symlink: /home/muhammed-samet-yildiz/ros2_ws/install/simple_interfaces_pkg/local/lib/python3.10/dist-packages/simple_interfaces_pkg/msg/_components_status_s.c
[2.185s] -- Up-to-date symlink: /home/muhammed-samet-yildiz/ros2_ws/install/simple_interfaces_pkg/local/lib/python3.10/dist-packages/simple_interfaces_pkg/simple_interfaces_pkg_s__rosidl_typesupport_c.cpython-310-x86_64-linux-gnu.so
[2.185s] -- Up-to-date symlink: /home/muhammed-samet-yildiz/ros2_ws/install/simple_interfaces_pkg/local/lib/python3.10/dist-packages/simple_interfaces_pkg/simple_interfaces_pkg_s__rosidl_typesupport_fastrtps_c.cpython-310-x86_64-linux-gnu.so
[2.185s] -- Up-to-date symlink: /home/muhammed-samet-yildiz/ros2_ws/install/simple_interfaces_pkg/local/lib/python3.10/dist-packages/simple_interfaces_pkg/simple_interfaces_pkg_s__rosidl_typesupport_introspection_c.cpython-310-x86_64-linux-gnu.so
[2.185s] -- Up-to-date symlink: /home/muhammed-samet-yildiz/ros2_ws/install/simple_interfaces_pkg/local/lib/python3.10/dist-packages/simple_interfaces_pkg/simple_interfaces_pkg_s__rosidl_typesupport_fastrtps_c.cpython-310-x86_64-linux-gnu.so
[2.185s] -- Up-to-date symlink: /home/muhammed-samet-yildiz/ros2_ws/install/simple_interfaces_pkg/local/lib/python3.10/dist-packages/simple_interfaces_pkg/simple_interfaces_pkg_s__rosidl_typesupport_introspection_c.cpython-310-x86_64-linux-gnu.so
[2.186s] -- Up-to-date symlink: /home/muhammed-samet-yildiz/ros2_ws/install/simple_interfaces_pkg/local/lib/python3.10/dist-packages/simple_interfaces_pkg/simple_interfaces_pkg_s__rosidl_typesupport_c.cpython-310-x86_64-linux-gnu.so
[2.186s] -- Up-to-date symlink: /home/muhammed-samet-yildiz/ros2_ws/install/simple_interfaces_pkg/share/simple_interfaces_pkg/msg/ComponentsStatus.idl
[2.186s] -- Up-to-date symlink: /home/muhammed-samet-yildiz/ros2_ws/install/simple_interfaces_pkg/share/simple_interfaces_pkg/msg/ComponentsStatus.msg
[2.186s] -- Up-to-date symlink: /home/muhammed-samet-yildiz/ros2_ws/install/simple_interfaces_pkg/share/ament_index/resource_index/package_run_dependencies/simple_interfaces_pkg
[2.187s] -- Up-to-date symlink: /home/muhammed-samet-yildiz/ros2_ws/install/simple_interfaces_pkg/share/ament_index/resource_index/parent_prefix_path/simple_interfaces_pkg
[2.187s] -- Up-to-date symlink: /home/muhammed-samet-yildiz/ros2_ws/install/simple_interfaces_pkg/share/simple_interfaces_pkg/environment/ament_prefix_path.sh
[2.187s] -- Up-to-date symlink: /home/muhammed-samet-yildiz/ros2_ws/install/simple_interfaces_pkg/share/simple_interfaces_pkg/environment/ament_prefix_path.dsv
[2.187s] -- Up-to-date symlink: /home/muhammed-samet-yildiz/ros2_ws/install/simple_interfaces_pkg/share/simple_interfaces_pkg/environment/path.sh
[2.187s] -- Up-to-date symlink: /home/muhammed-samet-yildiz/ros2_ws/install/simple_interfaces_pkg/share/simple_interfaces_pkg/environment/path.dsv
[2.188s] -- Up-to-date symlink: /home/muhammed-samet-yildiz/ros2_ws/install/simple_interfaces_pkg/share/simple_interfaces_pkg/local_setup.bash
[2.188s] -- Up-to-date symlink: /home/muhammed-samet-yildiz/ros2_ws/install/simple_interfaces_pkg/share/simple_interfaces_pkg/local_setup.sh
[2.188s] -- Up-to-date symlink: /home/muhammed-samet-yildiz/ros2_ws/install/simple_interfaces_pkg/share/simple_interfaces_pkg/local_setup.zsh
[2.188s] -- Up-to-date symlink: /home/muhammed-samet-yildiz/ros2_ws/install/simple_interfaces_pkg/share/simple_interfaces_pkg/local_setup.dsv
[2.189s] -- Symlinking: /home/muhammed-samet-yildiz/ros2_ws/install/simple_interfaces_pkg/share/simple_interfaces_pkg/package.dsv
[2.206s] -- Up-to-date symlink: /home/muhammed-samet-yildiz/ros2_ws/install/simple_interfaces_pkg/share/ament_index/resource_index/packages/simple_interfaces_pkg
[2.206s] -- Up-to-date symlink: /home/muhammed-samet-yildiz/ros2_ws/install/simple_interfaces_pkg/share/simple_interfaces_pkg/cmake/rosidl_cmake-extras.cmake
[2.207s] -- Up-to-date symlink: /home/muhammed-samet-yildiz/ros2_ws/install/simple_interfaces_pkg/share/simple_interfaces_pkg/cmake/ament_cmake_export_include_directories-extras.cmake
[2.207s] -- Up-to-date symlink: /home/muhammed-samet-yildiz/ros2_ws/install/simple_interfaces_pkg/share/simple_interfaces_pkg/cmake/ament_cmake_export_libraries-extras.cmake
[2.207s] -- Up-to-date symlink: /home/muhammed-samet-yildiz/ros2_ws/install/simple_interfaces_pkg/share/simple_interfaces_pkg/cmake/ament_cmake_export_targets-extras.cmake
[2.207s] -- Up-to-date symlink: /home/muhammed-samet-yildiz/ros2_ws/install/simple_interfaces_pkg/share/simple_interfaces_pkg/cmake/rosidl_cmake_export_typesupport_targets-extras.cmake
[2.208s] -- Up-to-date symlink: /home/muhammed-samet-yildiz/ros2_ws/install/simple_interfaces_pkg/share/simple_interfaces_pkg/cmake/ament_cmake_export_dependencies-extras.cmake
[2.208s] -- Up-to-date symlink: /home/muhammed-samet-yildiz/ros2_ws/install/simple_interfaces_pkg/share/simple_interfaces_pkg/cmake/rosidl_cmake_export_typesupport_libraries-extras.cmake
[2.208s] -- Up-to-date symlink: /home/muhammed-samet-yildiz/ros2_ws/install/simple_interfaces_pkg/share/simple_interfaces_pkg/cmake/simple_interfaces_pkgConfig.cmake
[2.208s] -- Up-to-date symlink: /home/muhammed-samet-yildiz/ros2_ws/install/simple_interfaces_pkg/share/simple_interfaces_pkg/cmake/simple_interfaces_pkgConfig-version.cmake
[2.208s] -- Up-to-date symlink: /home/muhammed-samet-yildiz/ros2_ws/install/simple_interfaces_pkg/share/simple_interfaces_pkg/package.xml
[2.209s] -- Up-to-date: /home/muhammed-samet-yildiz/ros2_ws/install/simple_interfaces_pkg/lib/libsimple_interfaces_pkg__rosidl_generator_c.so
[2.209s] -- Up-to-date: /home/muhammed-samet-yildiz/ros2_ws/install/simple_interfaces_pkg/lib/libsimple_interfaces_pkg__rosidl_typesupport_fastrtps_c.so
[2.209s] -- Up-to-date: /home/muhammed-samet-yildiz/ros2_ws/install/simple_interfaces_pkg/lib/libsimple_interfaces_pkg__rosidl_typesupport_introspection_c.so
[2.210s] -- Up-to-date: /home/muhammed-samet-yildiz/ros2_ws/install/simple_interfaces_pkg/lib/libsimple_interfaces_pkg__rosidl_typesupport_c.so
[2.210s] -- Up-to-date: /home/muhammed-samet-yildiz/ros2_ws/install/simple_interfaces_pkg/lib/libsimple_interfaces_pkg__rosidl_typesupport_fastrtps_cpp.so
[2.211s] -- Up-to-date: /home/muhammed-samet-yildiz/ros2_ws/install/simple_interfaces_pkg/lib/libsimple_interfaces_pkg__rosidl_typesupport_introspection_cpp.so
[2.211s] -- Up-to-date: /home/muhammed-samet-yildiz/ros2_ws/install/simple_interfaces_pkg/lib/libsimple_interfaces_pkg__rosidl_typesupport_cpp.so
[2.262s] Listing '/home/muhammed-samet-yildiz/ros2_ws/install/simple_interfaces_pkg/local/lib/python3.10/dist-packages/simple_interfaces_pkg'...
[2.263s] Compiling '/home/muhammed-samet-yildiz/ros2_ws/install/simple_interfaces_pkg/local/lib/python3.10/dist-packages/simple_interfaces_pkg/__init__.py'...
[2.263s] Listing '/home/muhammed-samet-yildiz/ros2_ws/install/simple_interfaces_pkg/local/lib/python3.10/dist-packages/simple_interfaces_pkg/msg'...
[2.270s] -- Up-to-date: /home/muhammed-samet-yildiz/ros2_ws/install/simple_interfaces_pkg/lib/libsimple_interfaces_pkg__rosidl_generator_py.so
[2.271s] -- Up-to-date: /home/muhammed-samet-yildiz/ros2_ws/install/simple_interfaces_pkg/share/simple_interfaces_pkg/cmake/export_simple_interfaces_pkg__rosidl_generator_cExport.cmake
[2.271s] -- Up-to-date: /home/muhammed-samet-yildiz/ros2_ws/install/simple_interfaces_pkg/share/simple_interfaces_pkg/cmake/export_simple_interfaces_pkg__rosidl_generator_cExport-noconfig.cmake
[2.271s] -- Up-to-date: /home/muhammed-samet-yildiz/ros2_ws/install/simple_interfaces_pkg/share/simple_interfaces_pkg/cmake/export_simple_interfaces_pkg__rosidl_typesupport_fastrtps_cExport.cmake
[2.271s] -- Up-to-date: /home/muhammed-samet-yildiz/ros2_ws/install/simple_interfaces_pkg/share/simple_interfaces_pkg/cmake/export_simple_interfaces_pkg__rosidl_typesupport_fastrtps_cExport-noconfig.cmake
[2.271s] -- Up-to-date: /home/muhammed-samet-yildiz/ros2_ws/install/simple_interfaces_pkg/share/simple_interfaces_pkg/cmake/simple_interfaces_pkg__rosidl_typesupport_introspection_cExport.cmake
[2.271s] -- Up-to-date: /home/muhammed-samet-yildiz/ros2_ws/install/simple_interfaces_pkg/share/simple_interfaces_pkg/cmake/simple_interfaces_pkg__rosidl_typesupport_introspection_cExport-noconfig.cmake
[2.272s] -- Up-to-date: /home/muhammed-samet-yildiz/ros2_ws/install/simple_interfaces_pkg/share/simple_interfaces_pkg/cmake/simple_interfaces_pkg__rosidl_typesupport_cExport.cmake
[2.272s] -- Up-to-date: /home/muhammed-samet-yildiz/ros2_ws/install/simple_interfaces_pkg/share/simple_interfaces_pkg/cmake/simple_interfaces_pkg__rosidl_typesupport_cExport-noconfig.cmake
[2.272s] -- Up-to-date: /home/muhammed-samet-yildiz/ros2_ws/install/simple_interfaces_pkg/share/simple_interfaces_pkg/cmake/export_simple_interfaces_pkg__rosidl_generator_cppExport.cmake
[2.272s] -- Up-to-date: /home/muhammed-samet-yildiz/ros2_ws/install/simple_interfaces_pkg/share/simple_interfaces_pkg/cmake/export_simple_interfaces_pkg__rosidl_typesupport_fastrtps_cppExport.cmake
[2.273s] -- Up-to-date: /home/muhammed-samet-yildiz/ros2_ws/install/simple_interfaces_pkg/share/simple_interfaces_pkg/cmake/export_simple_interfaces_pkg__rosidl_typesupport_fastrtps_cppExport-noconfig.cmake
[2.273s] -- Up-to-date: /home/muhammed-samet-yildiz/ros2_ws/install/simple_interfaces_pkg/share/simple_interfaces_pkg/cmake/simple_interfaces_pkg__rosidl_typesupport_introspection_cppExport.cmake
[2.273s] -- Up-to-date: /home/muhammed-samet-yildiz/ros2_ws/install/simple_interfaces_pkg/share/simple_interfaces_pkg/cmake/simple_interfaces_pkg__rosidl_typesupport_introspection_cppExport-noconfig.cmake
[2.273s] -- Up-to-date: /home/muhammed-samet-yildiz/ros2_ws/install/simple_interfaces_pkg/share/simple_interfaces_pkg/cmake/simple_interfaces_pkg__rosidl_typesupport_cppExport.cmake
[2.273s] -- Up-to-date: /home/muhammed-samet-yildiz/ros2_ws/install/simple_interfaces_pkg/share/simple_interfaces_pkg/cmake/simple_interfaces_pkg__rosidl_typesupport_cppExport-noconfig.cmake
[2.273s] -- Up-to-date: /home/muhammed-samet-yildiz/ros2_ws/install/simple_interfaces_pkg/share/simple_interfaces_pkg/cmake/export_simple_interfaces_pkg__rosidl_generator_pyExport.cmake
[2.274s] -- Up-to-date: /home/muhammed-samet-yildiz/ros2_ws/install/simple_interfaces_pkg/share/simple_interfaces_pkg/cmake/export_simple_interfaces_pkg__rosidl_generator_pyExport-noconfig.cmake
[2.277s] Invoked command in '/home/muhammed-samet-yildiz/ros2_ws/build/simple_interfaces_pkg' returned '0': CMAKE_PREFIX_PATH=/home/muhammed-samet-yildiz/ros2_ws/install/simple_py_pkg:/home/muhammed-samet-yildiz/turtlesim_ws/install/turtlesim_py_pkg:/opt/ros/humble /usr/bin/cmake --install /home/muhammed-samet-yildiz/ros2_ws/build/simple_interfaces_pkg
