[0.522s] Invoking command in '/home/muhammed-samet-yildiz/ros2_ws/build/simple_py_pkg': PYTHONPATH=/home/muhammed-samet-yildiz/ros2_ws/build/simple_py_pkg/prefix_override:/usr/lib/python3/dist-packages/colcon_core/task/python/colcon_distutils_commands:/home/muhammed-samet-yildiz/ros2_ws/install/simple_py_pkg/lib/python3.10/site-packages:${PYTHONPATH} /usr/bin/python3 -W ignore:setup.py install is deprecated -W ignore:easy_install command is deprecated setup.py develop --uninstall --editable --build-directory /home/muhammed-samet-yildiz/ros2_ws/build/simple_py_pkg/build
[0.724s] running develop
[0.839s] Removing /home/muhammed-samet-yildiz/ros2_ws/install/simple_py_pkg/lib/python3.10/site-packages/simple-py-pkg.egg-link (link to .)
[0.874s] Invoked command in '/home/muhammed-samet-yildiz/ros2_ws/build/simple_py_pkg' returned '0': PYTHONPATH=/home/muhammed-samet-yildiz/ros2_ws/build/simple_py_pkg/prefix_override:/usr/lib/python3/dist-packages/colcon_core/task/python/colcon_distutils_commands:/home/muhammed-samet-yildiz/ros2_ws/install/simple_py_pkg/lib/python3.10/site-packages:${PYTHONPATH} /usr/bin/python3 -W ignore:setup.py install is deprecated -W ignore:easy_install command is deprecated setup.py develop --uninstall --editable --build-directory /home/muhammed-samet-yildiz/ros2_ws/build/simple_py_pkg/build
[0.877s] Invoking command in '/home/muhammed-samet-yildiz/ros2_ws/src/simple_py_pkg': PYTHONPATH=/home/muhammed-samet-yildiz/ros2_ws/build/simple_py_pkg/prefix_override:/usr/lib/python3/dist-packages/colcon_core/task/python/colcon_distutils_commands:/home/muhammed-samet-yildiz/ros2_ws/install/simple_py_pkg/lib/python3.10/site-packages:${PYTHONPATH} /usr/bin/python3 -W ignore:setup.py install is deprecated -W ignore:easy_install command is deprecated setup.py egg_info --egg-base ../../build/simple_py_pkg build --build-base /home/muhammed-samet-yildiz/ros2_ws/build/simple_py_pkg/build install --record /home/muhammed-samet-yildiz/ros2_ws/build/simple_py_pkg/install.log --single-version-externally-managed install_data --force
[1.058s] running egg_info
[1.059s] writing ../../build/simple_py_pkg/simple_py_pkg.egg-info/PKG-INFO
[1.059s] writing dependency_links to ../../build/simple_py_pkg/simple_py_pkg.egg-info/dependency_links.txt
[1.059s] writing entry points to ../../build/simple_py_pkg/simple_py_pkg.egg-info/entry_points.txt
[1.059s] writing requirements to ../../build/simple_py_pkg/simple_py_pkg.egg-info/requires.txt
[1.060s] writing top-level names to ../../build/simple_py_pkg/simple_py_pkg.egg-info/top_level.txt
[1.061s] reading manifest file '../../build/simple_py_pkg/simple_py_pkg.egg-info/SOURCES.txt'
[1.061s] writing manifest file '../../build/simple_py_pkg/simple_py_pkg.egg-info/SOURCES.txt'
[1.062s] running build
[1.062s] running build_py
[1.069s] copying simple_py_pkg/add_two_ints_server.py -> /home/muhammed-samet-yildiz/ros2_ws/build/simple_py_pkg/build/lib/simple_py_pkg
[1.069s] copying simple_py_pkg/counter_node.py -> /home/muhammed-samet-yildiz/ros2_ws/build/simple_py_pkg/build/lib/simple_py_pkg
[1.070s] copying simple_py_pkg/television.py -> /home/muhammed-samet-yildiz/ros2_ws/build/simple_py_pkg/build/lib/simple_py_pkg
[1.071s] copying simple_py_pkg/template_node.py -> /home/muhammed-samet-yildiz/ros2_ws/build/simple_py_pkg/build/lib/simple_py_pkg
[1.071s] copying simple_py_pkg/remote_controller.py -> /home/muhammed-samet-yildiz/ros2_ws/build/simple_py_pkg/build/lib/simple_py_pkg
[1.072s] running install
[1.072s] running install_lib
[1.073s] creating /home/muhammed-samet-yildiz/ros2_ws/install/simple_py_pkg/lib/python3.10/site-packages/simple_py_pkg
[1.073s] copying /home/muhammed-samet-yildiz/ros2_ws/build/simple_py_pkg/build/lib/simple_py_pkg/__init__.py -> /home/muhammed-samet-yildiz/ros2_ws/install/simple_py_pkg/lib/python3.10/site-packages/simple_py_pkg
[1.074s] copying /home/muhammed-samet-yildiz/ros2_ws/build/simple_py_pkg/build/lib/simple_py_pkg/simple_py_node.py -> /home/muhammed-samet-yildiz/ros2_ws/install/simple_py_pkg/lib/python3.10/site-packages/simple_py_pkg
[1.074s] copying /home/muhammed-samet-yildiz/ros2_ws/build/simple_py_pkg/build/lib/simple_py_pkg/add_two_ints_server.py -> /home/muhammed-samet-yildiz/ros2_ws/install/simple_py_pkg/lib/python3.10/site-packages/simple_py_pkg
[1.074s] copying /home/muhammed-samet-yildiz/ros2_ws/build/simple_py_pkg/build/lib/simple_py_pkg/counter_node.py -> /home/muhammed-samet-yildiz/ros2_ws/install/simple_py_pkg/lib/python3.10/site-packages/simple_py_pkg
[1.074s] copying /home/muhammed-samet-yildiz/ros2_ws/build/simple_py_pkg/build/lib/simple_py_pkg/television.py -> /home/muhammed-samet-yildiz/ros2_ws/install/simple_py_pkg/lib/python3.10/site-packages/simple_py_pkg
[1.074s] copying /home/muhammed-samet-yildiz/ros2_ws/build/simple_py_pkg/build/lib/simple_py_pkg/template_node.py -> /home/muhammed-samet-yildiz/ros2_ws/install/simple_py_pkg/lib/python3.10/site-packages/simple_py_pkg
[1.074s] copying /home/muhammed-samet-yildiz/ros2_ws/build/simple_py_pkg/build/lib/simple_py_pkg/remote_controller.py -> /home/muhammed-samet-yildiz/ros2_ws/install/simple_py_pkg/lib/python3.10/site-packages/simple_py_pkg
[1.075s] byte-compiling /home/muhammed-samet-yildiz/ros2_ws/install/simple_py_pkg/lib/python3.10/site-packages/simple_py_pkg/__init__.py to __init__.cpython-310.pyc
[1.075s] byte-compiling /home/muhammed-samet-yildiz/ros2_ws/install/simple_py_pkg/lib/python3.10/site-packages/simple_py_pkg/simple_py_node.py to simple_py_node.cpython-310.pyc
[1.075s] byte-compiling /home/muhammed-samet-yildiz/ros2_ws/install/simple_py_pkg/lib/python3.10/site-packages/simple_py_pkg/add_two_ints_server.py to add_two_ints_server.cpython-310.pyc
[1.075s] byte-compiling /home/muhammed-samet-yildiz/ros2_ws/install/simple_py_pkg/lib/python3.10/site-packages/simple_py_pkg/counter_node.py to counter_node.cpython-310.pyc
[1.076s] byte-compiling /home/muhammed-samet-yildiz/ros2_ws/install/simple_py_pkg/lib/python3.10/site-packages/simple_py_pkg/television.py to television.cpython-310.pyc
[1.076s] byte-compiling /home/muhammed-samet-yildiz/ros2_ws/install/simple_py_pkg/lib/python3.10/site-packages/simple_py_pkg/template_node.py to template_node.cpython-310.pyc
[1.076s] byte-compiling /home/muhammed-samet-yildiz/ros2_ws/install/simple_py_pkg/lib/python3.10/site-packages/simple_py_pkg/remote_controller.py to remote_controller.cpython-310.pyc
[1.076s] running install_data
[1.077s] copying resource/simple_py_pkg -> /home/muhammed-samet-yildiz/ros2_ws/install/simple_py_pkg/share/ament_index/resource_index/packages
[1.077s] copying package.xml -> /home/muhammed-samet-yildiz/ros2_ws/install/simple_py_pkg/share/simple_py_pkg
[1.077s] running install_egg_info
[1.078s] Copying ../../build/simple_py_pkg/simple_py_pkg.egg-info to /home/muhammed-samet-yildiz/ros2_ws/install/simple_py_pkg/lib/python3.10/site-packages/simple_py_pkg-0.0.0-py3.10.egg-info
[1.079s] running install_scripts
[1.096s] Installing add_two_ints_server_node script to /home/muhammed-samet-yildiz/ros2_ws/install/simple_py_pkg/lib/simple_py_pkg
[1.096s] Installing channel_node script to /home/muhammed-samet-yildiz/ros2_ws/install/simple_py_pkg/lib/simple_py_pkg
[1.096s] Installing counter_node script to /home/muhammed-samet-yildiz/ros2_ws/install/simple_py_pkg/lib/simple_py_pkg
[1.097s] Installing py_node script to /home/muhammed-samet-yildiz/ros2_ws/install/simple_py_pkg/lib/simple_py_pkg
[1.097s] Installing remote_controller_nod  e script to /home/muhammed-samet-yildiz/ros2_ws/install/simple_py_pkg/lib/simple_py_pkg
[1.097s] Installing television_node script to /home/muhammed-samet-yildiz/ros2_ws/install/simple_py_pkg/lib/simple_py_pkg
[1.097s] writing list of installed files to '/home/muhammed-samet-yildiz/ros2_ws/build/simple_py_pkg/install.log'
[1.129s] Invoked command in '/home/muhammed-samet-yildiz/ros2_ws/src/simple_py_pkg' returned '0': PYTHONPATH=/home/muhammed-samet-yildiz/ros2_ws/build/simple_py_pkg/prefix_override:/usr/lib/python3/dist-packages/colcon_core/task/python/colcon_distutils_commands:/home/muhammed-samet-yildiz/ros2_ws/install/simple_py_pkg/lib/python3.10/site-packages:${PYTHONPATH} /usr/bin/python3 -W ignore:setup.py install is deprecated -W ignore:easy_install command is deprecated setup.py egg_info --egg-base ../../build/simple_py_pkg build --build-base /home/muhammed-samet-yildiz/ros2_ws/build/simple_py_pkg/build install --record /home/muhammed-samet-yildiz/ros2_ws/build/simple_py_pkg/install.log --single-version-externally-managed install_data --force
