[0.899s] Invoking command in '/home/muhammed-samet-yildiz/ros2_ws/turtlesim_ws/src/turtlesim_py_pkg': PYTHONPATH=/home/muhammed-samet-yildiz/ros2_ws/build/turtlesim_py_pkg/prefix_override:/usr/lib/python3/dist-packages/colcon_core/task/python/colcon_distutils_commands:/home/muhammed-samet-yildiz/ros2_ws/install/turtlesim_py_pkg/lib/python3.10/site-packages:${PYTHONPATH} /usr/bin/python3 -W ignore:setup.py install is deprecated -W ignore:easy_install command is deprecated setup.py egg_info --egg-base ../../../build/turtlesim_py_pkg build --build-base /home/muhammed-samet-yildiz/ros2_ws/build/turtlesim_py_pkg/build install --record /home/muhammed-samet-yildiz/ros2_ws/build/turtlesim_py_pkg/install.log --single-version-externally-managed install_data
[1.199s] running egg_info
[1.200s] creating ../../../build/turtlesim_py_pkg/turtlesim_py_pkg.egg-info
[1.200s] writing ../../../build/turtlesim_py_pkg/turtlesim_py_pkg.egg-info/PKG-INFO
[1.200s] writing dependency_links to ../../../build/turtlesim_py_pkg/turtlesim_py_pkg.egg-info/dependency_links.txt
[1.201s] writing entry points to ../../../build/turtlesim_py_pkg/turtlesim_py_pkg.egg-info/entry_points.txt
[1.201s] writing requirements to ../../../build/turtlesim_py_pkg/turtlesim_py_pkg.egg-info/requires.txt
[1.201s] writing top-level names to ../../../build/turtlesim_py_pkg/turtlesim_py_pkg.egg-info/top_level.txt
[1.201s] writing manifest file '../../../build/turtlesim_py_pkg/turtlesim_py_pkg.egg-info/SOURCES.txt'
[1.203s] reading manifest file '../../../build/turtlesim_py_pkg/turtlesim_py_pkg.egg-info/SOURCES.txt'
[1.204s] writing manifest file '../../../build/turtlesim_py_pkg/turtlesim_py_pkg.egg-info/SOURCES.txt'
[1.204s] running build
[1.204s] running build_py
[1.205s] creating /home/muhammed-samet-yildiz/ros2_ws/build/turtlesim_py_pkg/build
[1.205s] creating /home/muhammed-samet-yildiz/ros2_ws/build/turtlesim_py_pkg/build/lib
[1.205s] creating /home/muhammed-samet-yildiz/ros2_ws/build/turtlesim_py_pkg/build/lib/turtlesim_py_pkg
[1.205s] copying turtlesim_py_pkg/__init__.py -> /home/muhammed-samet-yildiz/ros2_ws/build/turtlesim_py_pkg/build/lib/turtlesim_py_pkg
[1.205s] copying turtlesim_py_pkg/go_to_loc.py -> /home/muhammed-samet-yildiz/ros2_ws/build/turtlesim_py_pkg/build/lib/turtlesim_py_pkg
[1.205s] copying turtlesim_py_pkg/vel_controller.py -> /home/muhammed-samet-yildiz/ros2_ws/build/turtlesim_py_pkg/build/lib/turtlesim_py_pkg
[1.205s] running install
[1.206s] running install_lib
[1.206s] creating /home/muhammed-samet-yildiz/ros2_ws/install/turtlesim_py_pkg/lib/python3.10/site-packages/turtlesim_py_pkg
[1.207s] copying /home/muhammed-samet-yildiz/ros2_ws/build/turtlesim_py_pkg/build/lib/turtlesim_py_pkg/__init__.py -> /home/muhammed-samet-yildiz/ros2_ws/install/turtlesim_py_pkg/lib/python3.10/site-packages/turtlesim_py_pkg
[1.207s] copying /home/muhammed-samet-yildiz/ros2_ws/build/turtlesim_py_pkg/build/lib/turtlesim_py_pkg/go_to_loc.py -> /home/muhammed-samet-yildiz/ros2_ws/install/turtlesim_py_pkg/lib/python3.10/site-packages/turtlesim_py_pkg
[1.207s] copying /home/muhammed-samet-yildiz/ros2_ws/build/turtlesim_py_pkg/build/lib/turtlesim_py_pkg/vel_controller.py -> /home/muhammed-samet-yildiz/ros2_ws/install/turtlesim_py_pkg/lib/python3.10/site-packages/turtlesim_py_pkg
[1.207s] byte-compiling /home/muhammed-samet-yildiz/ros2_ws/install/turtlesim_py_pkg/lib/python3.10/site-packages/turtlesim_py_pkg/__init__.py to __init__.cpython-310.pyc
[1.208s] byte-compiling /home/muhammed-samet-yildiz/ros2_ws/install/turtlesim_py_pkg/lib/python3.10/site-packages/turtlesim_py_pkg/go_to_loc.py to go_to_loc.cpython-310.pyc
[1.208s] byte-compiling /home/muhammed-samet-yildiz/ros2_ws/install/turtlesim_py_pkg/lib/python3.10/site-packages/turtlesim_py_pkg/vel_controller.py to vel_controller.cpython-310.pyc
[1.209s] running install_data
[1.209s] creating /home/muhammed-samet-yildiz/ros2_ws/install/turtlesim_py_pkg/share/ament_index
[1.209s] creating /home/muhammed-samet-yildiz/ros2_ws/install/turtlesim_py_pkg/share/ament_index/resource_index
[1.210s] creating /home/muhammed-samet-yildiz/ros2_ws/install/turtlesim_py_pkg/share/ament_index/resource_index/packages
[1.210s] copying resource/turtlesim_py_pkg -> /home/muhammed-samet-yildiz/ros2_ws/install/turtlesim_py_pkg/share/ament_index/resource_index/packages
[1.210s] copying package.xml -> /home/muhammed-samet-yildiz/ros2_ws/install/turtlesim_py_pkg/share/turtlesim_py_pkg
[1.210s] running install_egg_info
[1.212s] Copying ../../../build/turtlesim_py_pkg/turtlesim_py_pkg.egg-info to /home/muhammed-samet-yildiz/ros2_ws/install/turtlesim_py_pkg/lib/python3.10/site-packages/turtlesim_py_pkg-0.0.0-py3.10.egg-info
[1.213s] running install_scripts
[1.240s] Installing go_to_loc script to /home/muhammed-samet-yildiz/ros2_ws/install/turtlesim_py_pkg/lib/turtlesim_py_pkg
[1.240s] Installing vel_controller script to /home/muhammed-samet-yildiz/ros2_ws/install/turtlesim_py_pkg/lib/turtlesim_py_pkg
[1.240s] writing list of installed files to '/home/muhammed-samet-yildiz/ros2_ws/build/turtlesim_py_pkg/install.log'
[1.277s] Invoked command in '/home/muhammed-samet-yildiz/ros2_ws/turtlesim_ws/src/turtlesim_py_pkg' returned '0': PYTHONPATH=/home/muhammed-samet-yildiz/ros2_ws/build/turtlesim_py_pkg/prefix_override:/usr/lib/python3/dist-packages/colcon_core/task/python/colcon_distutils_commands:/home/muhammed-samet-yildiz/ros2_ws/install/turtlesim_py_pkg/lib/python3.10/site-packages:${PYTHONPATH} /usr/bin/python3 -W ignore:setup.py install is deprecated -W ignore:easy_install command is deprecated setup.py egg_info --egg-base ../../../build/turtlesim_py_pkg build --build-base /home/muhammed-samet-yildiz/ros2_ws/build/turtlesim_py_pkg/build install --record /home/muhammed-samet-yildiz/ros2_ws/build/turtlesim_py_pkg/install.log --single-version-externally-managed install_data
