-- Found ament_cmake: 1.3.11 (/opt/ros/humble/share/ament_cmake/cmake)
-- Override CMake install command with custom implementation using symlinks instead of copying resources
-- Found rosidl_default_generators: 1.2.0 (/opt/ros/humble/share/rosidl_default_generators/cmake)
-- Using all available rosidl_typesupport_c: rosidl_typesupport_fastrtps_c;rosidl_typesupport_introspection_c
-- Found rosidl_adapter: 3.1.6 (/opt/ros/humble/share/rosidl_adapter/cmake)
-- Using all available rosidl_typesupport_cpp: rosidl_typesupport_fastrtps_cpp;rosidl_typesupport_introspection_cpp
-- Found ament_cmake_ros: 0.10.0 (/opt/ros/humble/share/ament_cmake_ros/cmake)
-- Using all available rosidl_typesupport_c: rosidl_typesupport_fastrtps_c;rosidl_typesupport_introspection_c
-- Using all available rosidl_typesupport_cpp: rosidl_typesupport_fastrtps_cpp;rosidl_typesupport_introspection_cpp
-- Found PythonInterp: /usr/bin/python3 (found suitable version "3.10.12", minimum required is "3.6") 
-- Found python_cmake_module: 0.10.0 (/opt/ros/humble/share/python_cmake_module/cmake)
-- Found PythonLibs: /usr/lib/x86_64-linux-gnu/libpython3.10.so (found suitable version "3.10.12", minimum required is "3.5") 
-- Using PYTHON_EXECUTABLE: /usr/bin/python3
-- Using PYTHON_INCLUDE_DIRS: /usr/include/python3.10
-- Using PYTHON_LIBRARIES: /usr/lib/x86_64-linux-gnu/libpython3.10.so
-- Found PythonExtra: .so  
-- Configuring done
-- Generating done
-- Build files have been written to: /home/muhammed-samet-yildiz/ros2_ws/build/simple_interfaces_pkg
[  3%] [34m[1mGenerating C code for ROS interfaces[0m
[  6%] [34m[1mGenerating C++ code for ROS interfaces[0m
[  6%] Built target ament_cmake_python_symlink_simple_interfaces_pkg
running egg_info
creating simple_interfaces_pkg.egg-info
writing simple_interfaces_pkg.egg-info/PKG-INFO
writing dependency_links to simple_interfaces_pkg.egg-info/dependency_links.txt
writing top-level names to simple_interfaces_pkg.egg-info/top_level.txt
writing manifest file 'simple_interfaces_pkg.egg-info/SOURCES.txt'
reading manifest file 'simple_interfaces_pkg.egg-info/SOURCES.txt'
writing manifest file 'simple_interfaces_pkg.egg-info/SOURCES.txt'
[  6%] Built target simple_interfaces_pkg__cpp
[  9%] [32mBuilding C object CMakeFiles/simple_interfaces_pkg__rosidl_generator_c.dir/rosidl_generator_c/simple_interfaces_pkg/msg/detail/components_status__functions.c.o[0m
[ 12%] [34m[1mGenerating C++ type support for eProsima Fast-RTPS[0m
[ 16%] [34m[1mGenerating C++ type support dispatch for ROS interfaces[0m
[ 19%] [34m[1mGenerating C++ introspection for ROS interfaces[0m
[ 19%] Built target ament_cmake_python_build_simple_interfaces_pkg_egg
[ 22%] [32m[1mLinking C shared library libsimple_interfaces_pkg__rosidl_generator_c.so[0m
[ 22%] Built target simple_interfaces_pkg__rosidl_generator_c
[ 25%] [34m[1mGenerating C introspection for ROS interfaces[0m
[ 29%] [34m[1mGenerating C type support dispatch for ROS interfaces[0m
[ 32%] [34m[1mGenerating C type support for eProsima Fast-RTPS[0m
[ 35%] [32mBuilding CXX object CMakeFiles/simple_interfaces_pkg__rosidl_typesupport_cpp.dir/rosidl_typesupport_cpp/simple_interfaces_pkg/msg/components_status__type_support.cpp.o[0m
[ 38%] [32mBuilding CXX object CMakeFiles/simple_interfaces_pkg__rosidl_typesupport_introspection_cpp.dir/rosidl_typesupport_introspection_cpp/simple_interfaces_pkg/msg/detail/components_status__type_support.cpp.o[0m
[ 41%] [32mBuilding CXX object CMakeFiles/simple_interfaces_pkg__rosidl_typesupport_fastrtps_cpp.dir/rosidl_typesupport_fastrtps_cpp/simple_interfaces_pkg/msg/detail/dds_fastrtps/components_status__type_support.cpp.o[0m
[ 45%] [32mBuilding CXX object CMakeFiles/simple_interfaces_pkg__rosidl_typesupport_c.dir/rosidl_typesupport_c/simple_interfaces_pkg/msg/components_status__type_support.cpp.o[0m
[ 48%] [32mBuilding C object CMakeFiles/simple_interfaces_pkg__rosidl_typesupport_introspection_c.dir/rosidl_typesupport_introspection_c/simple_interfaces_pkg/msg/detail/components_status__type_support.c.o[0m
[ 51%] [32mBuilding CXX object CMakeFiles/simple_interfaces_pkg__rosidl_typesupport_fastrtps_c.dir/rosidl_typesupport_fastrtps_c/simple_interfaces_pkg/msg/detail/components_status__type_support_c.cpp.o[0m
[ 54%] [32m[1mLinking CXX shared library libsimple_interfaces_pkg__rosidl_typesupport_c.so[0m
[ 58%] [32m[1mLinking C shared library libsimple_interfaces_pkg__rosidl_typesupport_introspection_c.so[0m
[ 58%] Built target simple_interfaces_pkg__rosidl_typesupport_c
[ 58%] Built target simple_interfaces_pkg__rosidl_typesupport_introspection_c
[ 61%] [32m[1mLinking CXX shared library libsimple_interfaces_pkg__rosidl_typesupport_cpp.so[0m
[ 61%] Built target simple_interfaces_pkg__rosidl_typesupport_cpp
[ 64%] [32m[1mLinking CXX shared library libsimple_interfaces_pkg__rosidl_typesupport_introspection_cpp.so[0m
[ 67%] [32m[1mLinking CXX shared library libsimple_interfaces_pkg__rosidl_typesupport_fastrtps_cpp.so[0m
[ 70%] [32m[1mLinking CXX shared library libsimple_interfaces_pkg__rosidl_typesupport_fastrtps_c.so[0m
[ 70%] Built target simple_interfaces_pkg__rosidl_typesupport_introspection_cpp
[ 70%] Built target simple_interfaces_pkg__rosidl_typesupport_fastrtps_cpp
[ 70%] Built target simple_interfaces_pkg__rosidl_typesupport_fastrtps_c
[ 70%] Built target simple_interfaces_pkg
[ 74%] [34m[1mGenerating Python code for ROS interfaces[0m
[ 74%] Built target simple_interfaces_pkg__py
[ 77%] [32mBuilding C object CMakeFiles/simple_interfaces_pkg__rosidl_generator_py.dir/rosidl_generator_py/simple_interfaces_pkg/msg/_components_status_s.c.o[0m
[ 80%] [32m[1mLinking C shared library rosidl_generator_py/simple_interfaces_pkg/libsimple_interfaces_pkg__rosidl_generator_py.so[0m
[ 80%] Built target simple_interfaces_pkg__rosidl_generator_py
[ 87%] [32mBuilding C object CMakeFiles/simple_interfaces_pkg__rosidl_typesupport_c__pyext.dir/rosidl_generator_py/simple_interfaces_pkg/_simple_interfaces_pkg_s.ep.rosidl_typesupport_c.c.o[0m
[ 87%] [32mBuilding C object CMakeFiles/simple_interfaces_pkg__rosidl_typesupport_introspection_c__pyext.dir/rosidl_generator_py/simple_interfaces_pkg/_simple_interfaces_pkg_s.ep.rosidl_typesupport_introspection_c.c.o[0m
[ 90%] [32mBuilding C object CMakeFiles/simple_interfaces_pkg__rosidl_typesupport_fastrtps_c__pyext.dir/rosidl_generator_py/simple_interfaces_pkg/_simple_interfaces_pkg_s.ep.rosidl_typesupport_fastrtps_c.c.o[0m
[ 96%] [32m[1mLinking C shared library rosidl_generator_py/simple_interfaces_pkg/simple_interfaces_pkg_s__rosidl_typesupport_c.cpython-310-x86_64-linux-gnu.so[0m
[ 96%] [32m[1mLinking C shared library rosidl_generator_py/simple_interfaces_pkg/simple_interfaces_pkg_s__rosidl_typesupport_introspection_c.cpython-310-x86_64-linux-gnu.so[0m
[100%] [32m[1mLinking C shared library rosidl_generator_py/simple_interfaces_pkg/simple_interfaces_pkg_s__rosidl_typesupport_fastrtps_c.cpython-310-x86_64-linux-gnu.so[0m
[100%] Built target simple_interfaces_pkg__rosidl_typesupport_c__pyext
[100%] Built target simple_interfaces_pkg__rosidl_typesupport_introspection_c__pyext
[100%] Built target simple_interfaces_pkg__rosidl_typesupport_fastrtps_c__pyext
-- Install configuration: ""
-- Execute custom install script
-- Symlinking: /home/muhammed-samet-yildiz/ros2_ws/install/simple_interfaces_pkg/share/ament_index/resource_index/rosidl_interfaces/simple_interfaces_pkg
-- Symlinking: /home/muhammed-samet-yildiz/ros2_ws/install/simple_interfaces_pkg/include/simple_interfaces_pkg/simple_interfaces_pkg/msg/components_status.h
-- Symlinking: /home/muhammed-samet-yildiz/ros2_ws/install/simple_interfaces_pkg/include/simple_interfaces_pkg/simple_interfaces_pkg/msg/detail/components_status__functions.h
-- Symlinking: /home/muhammed-samet-yildiz/ros2_ws/install/simple_interfaces_pkg/include/simple_interfaces_pkg/simple_interfaces_pkg/msg/detail/components_status__struct.h
-- Symlinking: /home/muhammed-samet-yildiz/ros2_ws/install/simple_interfaces_pkg/include/simple_interfaces_pkg/simple_interfaces_pkg/msg/detail/components_status__type_support.h
-- Symlinking: /home/muhammed-samet-yildiz/ros2_ws/install/simple_interfaces_pkg/include/simple_interfaces_pkg/simple_interfaces_pkg/msg/rosidl_generator_c__visibility_control.h
-- Symlinking: /home/muhammed-samet-yildiz/ros2_ws/install/simple_interfaces_pkg/share/simple_interfaces_pkg/environment/library_path.sh
-- Symlinking: /home/muhammed-samet-yildiz/ros2_ws/install/simple_interfaces_pkg/share/simple_interfaces_pkg/environment/library_path.dsv
-- Symlinking: /home/muhammed-samet-yildiz/ros2_ws/install/simple_interfaces_pkg/include/simple_interfaces_pkg/simple_interfaces_pkg/msg/detail/components_status__rosidl_typesupport_fastrtps_c.h
-- Symlinking: /home/muhammed-samet-yildiz/ros2_ws/install/simple_interfaces_pkg/include/simple_interfaces_pkg/simple_interfaces_pkg/msg/rosidl_typesupport_fastrtps_c__visibility_control.h
-- Symlinking: /home/muhammed-samet-yildiz/ros2_ws/install/simple_interfaces_pkg/include/simple_interfaces_pkg/simple_interfaces_pkg/msg/detail/components_status__rosidl_typesupport_introspection_c.h
-- Symlinking: /home/muhammed-samet-yildiz/ros2_ws/install/simple_interfaces_pkg/include/simple_interfaces_pkg/simple_interfaces_pkg/msg/rosidl_typesupport_introspection_c__visibility_control.h
-- Symlinking: /home/muhammed-samet-yildiz/ros2_ws/install/simple_interfaces_pkg/include/simple_interfaces_pkg/simple_interfaces_pkg/msg/components_status.hpp
-- Symlinking: /home/muhammed-samet-yildiz/ros2_ws/install/simple_interfaces_pkg/include/simple_interfaces_pkg/simple_interfaces_pkg/msg/detail/components_status__builder.hpp
-- Symlinking: /home/muhammed-samet-yildiz/ros2_ws/install/simple_interfaces_pkg/include/simple_interfaces_pkg/simple_interfaces_pkg/msg/detail/components_status__struct.hpp
-- Symlinking: /home/muhammed-samet-yildiz/ros2_ws/install/simple_interfaces_pkg/include/simple_interfaces_pkg/simple_interfaces_pkg/msg/detail/components_status__traits.hpp
-- Symlinking: /home/muhammed-samet-yildiz/ros2_ws/install/simple_interfaces_pkg/include/simple_interfaces_pkg/simple_interfaces_pkg/msg/detail/components_status__type_support.hpp
-- Symlinking: /home/muhammed-samet-yildiz/ros2_ws/install/simple_interfaces_pkg/include/simple_interfaces_pkg/simple_interfaces_pkg/msg/rosidl_generator_cpp__visibility_control.hpp
-- Symlinking: /home/muhammed-samet-yildiz/ros2_ws/install/simple_interfaces_pkg/include/simple_interfaces_pkg/simple_interfaces_pkg/msg/detail/components_status__rosidl_typesupport_fastrtps_cpp.hpp
-- Symlinking: /home/muhammed-samet-yildiz/ros2_ws/install/simple_interfaces_pkg/include/simple_interfaces_pkg/simple_interfaces_pkg/msg/rosidl_typesupport_fastrtps_cpp__visibility_control.h
-- Symlinking: /home/muhammed-samet-yildiz/ros2_ws/install/simple_interfaces_pkg/include/simple_interfaces_pkg/simple_interfaces_pkg/msg/detail/components_status__rosidl_typesupport_introspection_cpp.hpp
-- Symlinking: /home/muhammed-samet-yildiz/ros2_ws/install/simple_interfaces_pkg/share/simple_interfaces_pkg/environment/pythonpath.sh
-- Symlinking: /home/muhammed-samet-yildiz/ros2_ws/install/simple_interfaces_pkg/share/simple_interfaces_pkg/environment/pythonpath.dsv
-- Symlinking: /home/muhammed-samet-yildiz/ros2_ws/install/simple_interfaces_pkg/local/lib/python3.10/dist-packages/simple_interfaces_pkg-0.0.0-py3.10.egg-info/PKG-INFO
-- Symlinking: /home/muhammed-samet-yildiz/ros2_ws/install/simple_interfaces_pkg/local/lib/python3.10/dist-packages/simple_interfaces_pkg-0.0.0-py3.10.egg-info/SOURCES.txt
-- Symlinking: /home/muhammed-samet-yildiz/ros2_ws/install/simple_interfaces_pkg/local/lib/python3.10/dist-packages/simple_interfaces_pkg-0.0.0-py3.10.egg-info/dependency_links.txt
-- Symlinking: /home/muhammed-samet-yildiz/ros2_ws/install/simple_interfaces_pkg/local/lib/python3.10/dist-packages/simple_interfaces_pkg-0.0.0-py3.10.egg-info/top_level.txt
-- Symlinking: /home/muhammed-samet-yildiz/ros2_ws/install/simple_interfaces_pkg/local/lib/python3.10/dist-packages/simple_interfaces_pkg/__init__.py
-- Symlinking: /home/muhammed-samet-yildiz/ros2_ws/install/simple_interfaces_pkg/local/lib/python3.10/dist-packages/simple_interfaces_pkg/_simple_interfaces_pkg_s.ep.rosidl_typesupport_c.c
-- Symlinking: /home/muhammed-samet-yildiz/ros2_ws/install/simple_interfaces_pkg/local/lib/python3.10/dist-packages/simple_interfaces_pkg/_simple_interfaces_pkg_s.ep.rosidl_typesupport_fastrtps_c.c
-- Symlinking: /home/muhammed-samet-yildiz/ros2_ws/install/simple_interfaces_pkg/local/lib/python3.10/dist-packages/simple_interfaces_pkg/_simple_interfaces_pkg_s.ep.rosidl_typesupport_introspection_c.c
-- Symlinking: /home/muhammed-samet-yildiz/ros2_ws/install/simple_interfaces_pkg/local/lib/python3.10/dist-packages/simple_interfaces_pkg/libsimple_interfaces_pkg__rosidl_generator_py.so
-- Symlinking: /home/muhammed-samet-yildiz/ros2_ws/install/simple_interfaces_pkg/local/lib/python3.10/dist-packages/simple_interfaces_pkg/msg/__init__.py
-- Symlinking: /home/muhammed-samet-yildiz/ros2_ws/install/simple_interfaces_pkg/local/lib/python3.10/dist-packages/simple_interfaces_pkg/msg/_components_status.py
-- Symlinking: /home/muhammed-samet-yildiz/ros2_ws/install/simple_interfaces_pkg/local/lib/python3.10/dist-packages/simple_interfaces_pkg/msg/_components_status_s.c
-- Symlinking: /home/muhammed-samet-yildiz/ros2_ws/install/simple_interfaces_pkg/local/lib/python3.10/dist-packages/simple_interfaces_pkg/simple_interfaces_pkg_s__rosidl_typesupport_c.cpython-310-x86_64-linux-gnu.so
-- Symlinking: /home/muhammed-samet-yildiz/ros2_ws/install/simple_interfaces_pkg/local/lib/python3.10/dist-packages/simple_interfaces_pkg/simple_interfaces_pkg_s__rosidl_typesupport_fastrtps_c.cpython-310-x86_64-linux-gnu.so
-- Symlinking: /home/muhammed-samet-yildiz/ros2_ws/install/simple_interfaces_pkg/local/lib/python3.10/dist-packages/simple_interfaces_pkg/simple_interfaces_pkg_s__rosidl_typesupport_introspection_c.cpython-310-x86_64-linux-gnu.so
-- Up-to-date symlink: /home/muhammed-samet-yildiz/ros2_ws/install/simple_interfaces_pkg/local/lib/python3.10/dist-packages/simple_interfaces_pkg/simple_interfaces_pkg_s__rosidl_typesupport_fastrtps_c.cpython-310-x86_64-linux-gnu.so
-- Up-to-date symlink: /home/muhammed-samet-yildiz/ros2_ws/install/simple_interfaces_pkg/local/lib/python3.10/dist-packages/simple_interfaces_pkg/simple_interfaces_pkg_s__rosidl_typesupport_introspection_c.cpython-310-x86_64-linux-gnu.so
-- Up-to-date symlink: /home/muhammed-samet-yildiz/ros2_ws/install/simple_interfaces_pkg/local/lib/python3.10/dist-packages/simple_interfaces_pkg/simple_interfaces_pkg_s__rosidl_typesupport_c.cpython-310-x86_64-linux-gnu.so
-- Symlinking: /home/muhammed-samet-yildiz/ros2_ws/install/simple_interfaces_pkg/share/simple_interfaces_pkg/msg/ComponentsStatus.idl
-- Symlinking: /home/muhammed-samet-yildiz/ros2_ws/install/simple_interfaces_pkg/share/simple_interfaces_pkg/msg/ComponentsStatus.msg
-- Symlinking: /home/muhammed-samet-yildiz/ros2_ws/install/simple_interfaces_pkg/share/ament_index/resource_index/package_run_dependencies/simple_interfaces_pkg
-- Symlinking: /home/muhammed-samet-yildiz/ros2_ws/install/simple_interfaces_pkg/share/ament_index/resource_index/parent_prefix_path/simple_interfaces_pkg
-- Symlinking: /home/muhammed-samet-yildiz/ros2_ws/install/simple_interfaces_pkg/share/simple_interfaces_pkg/environment/ament_prefix_path.sh
-- Symlinking: /home/muhammed-samet-yildiz/ros2_ws/install/simple_interfaces_pkg/share/simple_interfaces_pkg/environment/ament_prefix_path.dsv
-- Symlinking: /home/muhammed-samet-yildiz/ros2_ws/install/simple_interfaces_pkg/share/simple_interfaces_pkg/environment/path.sh
-- Symlinking: /home/muhammed-samet-yildiz/ros2_ws/install/simple_interfaces_pkg/share/simple_interfaces_pkg/environment/path.dsv
-- Symlinking: /home/muhammed-samet-yildiz/ros2_ws/install/simple_interfaces_pkg/share/simple_interfaces_pkg/local_setup.bash
-- Symlinking: /home/muhammed-samet-yildiz/ros2_ws/install/simple_interfaces_pkg/share/simple_interfaces_pkg/local_setup.sh
-- Symlinking: /home/muhammed-samet-yildiz/ros2_ws/install/simple_interfaces_pkg/share/simple_interfaces_pkg/local_setup.zsh
-- Symlinking: /home/muhammed-samet-yildiz/ros2_ws/install/simple_interfaces_pkg/share/simple_interfaces_pkg/local_setup.dsv
-- Symlinking: /home/muhammed-samet-yildiz/ros2_ws/install/simple_interfaces_pkg/share/simple_interfaces_pkg/package.dsv
-- Symlinking: /home/muhammed-samet-yildiz/ros2_ws/install/simple_interfaces_pkg/share/ament_index/resource_index/packages/simple_interfaces_pkg
-- Symlinking: /home/muhammed-samet-yildiz/ros2_ws/install/simple_interfaces_pkg/share/simple_interfaces_pkg/cmake/rosidl_cmake-extras.cmake
-- Symlinking: /home/muhammed-samet-yildiz/ros2_ws/install/simple_interfaces_pkg/share/simple_interfaces_pkg/cmake/ament_cmake_export_include_directories-extras.cmake
-- Symlinking: /home/muhammed-samet-yildiz/ros2_ws/install/simple_interfaces_pkg/share/simple_interfaces_pkg/cmake/ament_cmake_export_libraries-extras.cmake
-- Symlinking: /home/muhammed-samet-yildiz/ros2_ws/install/simple_interfaces_pkg/share/simple_interfaces_pkg/cmake/ament_cmake_export_targets-extras.cmake
-- Symlinking: /home/muhammed-samet-yildiz/ros2_ws/install/simple_interfaces_pkg/share/simple_interfaces_pkg/cmake/rosidl_cmake_export_typesupport_targets-extras.cmake
-- Symlinking: /home/muhammed-samet-yildiz/ros2_ws/install/simple_interfaces_pkg/share/simple_interfaces_pkg/cmake/ament_cmake_export_dependencies-extras.cmake
-- Symlinking: /home/muhammed-samet-yildiz/ros2_ws/install/simple_interfaces_pkg/share/simple_interfaces_pkg/cmake/rosidl_cmake_export_typesupport_libraries-extras.cmake
-- Symlinking: /home/muhammed-samet-yildiz/ros2_ws/install/simple_interfaces_pkg/share/simple_interfaces_pkg/cmake/simple_interfaces_pkgConfig.cmake
-- Symlinking: /home/muhammed-samet-yildiz/ros2_ws/install/simple_interfaces_pkg/share/simple_interfaces_pkg/cmake/simple_interfaces_pkgConfig-version.cmake
-- Symlinking: /home/muhammed-samet-yildiz/ros2_ws/install/simple_interfaces_pkg/share/simple_interfaces_pkg/package.xml
-- Installing: /home/muhammed-samet-yildiz/ros2_ws/install/simple_interfaces_pkg/lib/libsimple_interfaces_pkg__rosidl_generator_c.so
-- Set runtime path of "/home/muhammed-samet-yildiz/ros2_ws/install/simple_interfaces_pkg/lib/libsimple_interfaces_pkg__rosidl_generator_c.so" to ""
-- Installing: /home/muhammed-samet-yildiz/ros2_ws/install/simple_interfaces_pkg/lib/libsimple_interfaces_pkg__rosidl_typesupport_fastrtps_c.so
-- Set runtime path of "/home/muhammed-samet-yildiz/ros2_ws/install/simple_interfaces_pkg/lib/libsimple_interfaces_pkg__rosidl_typesupport_fastrtps_c.so" to ""
-- Installing: /home/muhammed-samet-yildiz/ros2_ws/install/simple_interfaces_pkg/lib/libsimple_interfaces_pkg__rosidl_typesupport_introspection_c.so
-- Set runtime path of "/home/muhammed-samet-yildiz/ros2_ws/install/simple_interfaces_pkg/lib/libsimple_interfaces_pkg__rosidl_typesupport_introspection_c.so" to ""
-- Installing: /home/muhammed-samet-yildiz/ros2_ws/install/simple_interfaces_pkg/lib/libsimple_interfaces_pkg__rosidl_typesupport_c.so
-- Set runtime path of "/home/muhammed-samet-yildiz/ros2_ws/install/simple_interfaces_pkg/lib/libsimple_interfaces_pkg__rosidl_typesupport_c.so" to ""
-- Installing: /home/muhammed-samet-yildiz/ros2_ws/install/simple_interfaces_pkg/lib/libsimple_interfaces_pkg__rosidl_typesupport_fastrtps_cpp.so
-- Set runtime path of "/home/muhammed-samet-yildiz/ros2_ws/install/simple_interfaces_pkg/lib/libsimple_interfaces_pkg__rosidl_typesupport_fastrtps_cpp.so" to ""
-- Installing: /home/muhammed-samet-yildiz/ros2_ws/install/simple_interfaces_pkg/lib/libsimple_interfaces_pkg__rosidl_typesupport_introspection_cpp.so
-- Set runtime path of "/home/muhammed-samet-yildiz/ros2_ws/install/simple_interfaces_pkg/lib/libsimple_interfaces_pkg__rosidl_typesupport_introspection_cpp.so" to ""
-- Installing: /home/muhammed-samet-yildiz/ros2_ws/install/simple_interfaces_pkg/lib/libsimple_interfaces_pkg__rosidl_typesupport_cpp.so
-- Set runtime path of "/home/muhammed-samet-yildiz/ros2_ws/install/simple_interfaces_pkg/lib/libsimple_interfaces_pkg__rosidl_typesupport_cpp.so" to ""
Listing '/home/muhammed-samet-yildiz/ros2_ws/install/simple_interfaces_pkg/local/lib/python3.10/dist-packages/simple_interfaces_pkg'...
Compiling '/home/muhammed-samet-yildiz/ros2_ws/install/simple_interfaces_pkg/local/lib/python3.10/dist-packages/simple_interfaces_pkg/__init__.py'...
Listing '/home/muhammed-samet-yildiz/ros2_ws/install/simple_interfaces_pkg/local/lib/python3.10/dist-packages/simple_interfaces_pkg/msg'...
Compiling '/home/muhammed-samet-yildiz/ros2_ws/install/simple_interfaces_pkg/local/lib/python3.10/dist-packages/simple_interfaces_pkg/msg/__init__.py'...
Compiling '/home/muhammed-samet-yildiz/ros2_ws/install/simple_interfaces_pkg/local/lib/python3.10/dist-packages/simple_interfaces_pkg/msg/_components_status.py'...
-- Installing: /home/muhammed-samet-yildiz/ros2_ws/install/simple_interfaces_pkg/lib/libsimple_interfaces_pkg__rosidl_generator_py.so
-- Set runtime path of "/home/muhammed-samet-yildiz/ros2_ws/install/simple_interfaces_pkg/lib/libsimple_interfaces_pkg__rosidl_generator_py.so" to ""
-- Installing: /home/muhammed-samet-yildiz/ros2_ws/install/simple_interfaces_pkg/share/simple_interfaces_pkg/cmake/export_simple_interfaces_pkg__rosidl_generator_cExport.cmake
-- Installing: /home/muhammed-samet-yildiz/ros2_ws/install/simple_interfaces_pkg/share/simple_interfaces_pkg/cmake/export_simple_interfaces_pkg__rosidl_generator_cExport-noconfig.cmake
-- Installing: /home/muhammed-samet-yildiz/ros2_ws/install/simple_interfaces_pkg/share/simple_interfaces_pkg/cmake/export_simple_interfaces_pkg__rosidl_typesupport_fastrtps_cExport.cmake
-- Installing: /home/muhammed-samet-yildiz/ros2_ws/install/simple_interfaces_pkg/share/simple_interfaces_pkg/cmake/export_simple_interfaces_pkg__rosidl_typesupport_fastrtps_cExport-noconfig.cmake
-- Installing: /home/muhammed-samet-yildiz/ros2_ws/install/simple_interfaces_pkg/share/simple_interfaces_pkg/cmake/simple_interfaces_pkg__rosidl_typesupport_introspection_cExport.cmake
-- Installing: /home/muhammed-samet-yildiz/ros2_ws/install/simple_interfaces_pkg/share/simple_interfaces_pkg/cmake/simple_interfaces_pkg__rosidl_typesupport_introspection_cExport-noconfig.cmake
-- Installing: /home/muhammed-samet-yildiz/ros2_ws/install/simple_interfaces_pkg/share/simple_interfaces_pkg/cmake/simple_interfaces_pkg__rosidl_typesupport_cExport.cmake
-- Installing: /home/muhammed-samet-yildiz/ros2_ws/install/simple_interfaces_pkg/share/simple_interfaces_pkg/cmake/simple_interfaces_pkg__rosidl_typesupport_cExport-noconfig.cmake
-- Installing: /home/muhammed-samet-yildiz/ros2_ws/install/simple_interfaces_pkg/share/simple_interfaces_pkg/cmake/export_simple_interfaces_pkg__rosidl_generator_cppExport.cmake
-- Installing: /home/muhammed-samet-yildiz/ros2_ws/install/simple_interfaces_pkg/share/simple_interfaces_pkg/cmake/export_simple_interfaces_pkg__rosidl_typesupport_fastrtps_cppExport.cmake
-- Installing: /home/muhammed-samet-yildiz/ros2_ws/install/simple_interfaces_pkg/share/simple_interfaces_pkg/cmake/export_simple_interfaces_pkg__rosidl_typesupport_fastrtps_cppExport-noconfig.cmake
-- Installing: /home/muhammed-samet-yildiz/ros2_ws/install/simple_interfaces_pkg/share/simple_interfaces_pkg/cmake/simple_interfaces_pkg__rosidl_typesupport_introspection_cppExport.cmake
-- Installing: /home/muhammed-samet-yildiz/ros2_ws/install/simple_interfaces_pkg/share/simple_interfaces_pkg/cmake/simple_interfaces_pkg__rosidl_typesupport_introspection_cppExport-noconfig.cmake
-- Installing: /home/muhammed-samet-yildiz/ros2_ws/install/simple_interfaces_pkg/share/simple_interfaces_pkg/cmake/simple_interfaces_pkg__rosidl_typesupport_cppExport.cmake
-- Installing: /home/muhammed-samet-yildiz/ros2_ws/install/simple_interfaces_pkg/share/simple_interfaces_pkg/cmake/simple_interfaces_pkg__rosidl_typesupport_cppExport-noconfig.cmake
-- Installing: /home/muhammed-samet-yildiz/ros2_ws/install/simple_interfaces_pkg/share/simple_interfaces_pkg/cmake/export_simple_interfaces_pkg__rosidl_generator_pyExport.cmake
-- Installing: /home/muhammed-samet-yildiz/ros2_ws/install/simple_interfaces_pkg/share/simple_interfaces_pkg/cmake/export_simple_interfaces_pkg__rosidl_generator_pyExport-noconfig.cmake
