[0.019s] Invoking command in '/home/muhammed-samet-yildiz/ros2_ws/build/simple_interfaces_pkg': CMAKE_PREFIX_PATH=/home/muhammed-samet-yildiz/ros2_ws/install/simple_py_pkg:/home/muhammed-samet-yildiz/turtlesim_ws/install/turtlesim_py_pkg:/opt/ros/humble /usr/bin/cmake /home/muhammed-samet-yildiz/ros2_ws/src/simple_interfaces_pkg -DAMENT_CMAKE_SYMLINK_INSTALL=1 -DCMAKE_INSTALL_PREFIX=/home/muhammed-samet-yildiz/ros2_ws/install/simple_interfaces_pkg
[0.038s] -- Found ament_cmake: 1.3.11 (/opt/ros/humble/share/ament_cmake/cmake)
[0.233s] -- Override CMake install command with custom implementation using symlinks instead of copying resources
[0.250s] -- Found rosidl_default_generators: 1.2.0 (/opt/ros/humble/share/rosidl_default_generators/cmake)
[0.254s] -- Using all available rosidl_typesupport_c: rosidl_typesupport_fastrtps_c;rosidl_typesupport_introspection_c
[0.261s] -- Found rosidl_adapter: 3.1.6 (/opt/ros/humble/share/rosidl_adapter/cmake)
[0.310s] -- Using all available rosidl_typesupport_cpp: rosidl_typesupport_fastrtps_cpp;rosidl_typesupport_introspection_cpp
[0.732s] -- Found ament_cmake_ros: 0.10.0 (/opt/ros/humble/share/ament_cmake_ros/cmake)
[1.014s] -- Using all available rosidl_typesupport_c: rosidl_typesupport_fastrtps_c;rosidl_typesupport_introspection_c
[1.421s] -- Using all available rosidl_typesupport_cpp: rosidl_typesupport_fastrtps_cpp;rosidl_typesupport_introspection_cpp
[1.466s] -- Found PythonInterp: /usr/bin/python3 (found suitable version "3.10.12", minimum required is "3.6") 
[1.471s] -- Found python_cmake_module: 0.10.0 (/opt/ros/humble/share/python_cmake_module/cmake)
[1.514s] -- Found PythonLibs: /usr/lib/x86_64-linux-gnu/libpython3.10.so (found suitable version "3.10.12", minimum required is "3.5") 
[1.514s] -- Using PYTHON_EXECUTABLE: /usr/bin/python3
[1.514s] -- Using PYTHON_INCLUDE_DIRS: /usr/include/python3.10
[1.515s] -- Using PYTHON_LIBRARIES: /usr/lib/x86_64-linux-gnu/libpython3.10.so
[1.551s] -- Found PythonExtra: .so  
[1.642s] -- Configuring done
[1.684s] -- Generating done
[1.698s] -- Build files have been written to: /home/muhammed-samet-yildiz/ros2_ws/build/simple_interfaces_pkg
[1.707s] Invoked command in '/home/muhammed-samet-yildiz/ros2_ws/build/simple_interfaces_pkg' returned '0': CMAKE_PREFIX_PATH=/home/muhammed-samet-yildiz/ros2_ws/install/simple_py_pkg:/home/muhammed-samet-yildiz/turtlesim_ws/install/turtlesim_py_pkg:/opt/ros/humble /usr/bin/cmake /home/muhammed-samet-yildiz/ros2_ws/src/simple_interfaces_pkg -DAMENT_CMAKE_SYMLINK_INSTALL=1 -DCMAKE_INSTALL_PREFIX=/home/muhammed-samet-yildiz/ros2_ws/install/simple_interfaces_pkg
[1.710s] Invoking command in '/home/muhammed-samet-yildiz/ros2_ws/build/simple_interfaces_pkg': CMAKE_PREFIX_PATH=/home/muhammed-samet-yildiz/ros2_ws/install/simple_py_pkg:/home/muhammed-samet-yildiz/turtlesim_ws/install/turtlesim_py_pkg:/opt/ros/humble /usr/bin/cmake --build /home/muhammed-samet-yildiz/ros2_ws/build/simple_interfaces_pkg -- -j16 -l16
[1.785s] [  3%] [34m[1mGenerating C code for ROS interfaces[0m
[1.797s] [  6%] [34m[1mGenerating C++ code for ROS interfaces[0m
[1.824s] [  6%] Built target ament_cmake_python_symlink_simple_interfaces_pkg
[2.138s] running egg_info
[2.139s] creating simple_interfaces_pkg.egg-info
[2.139s] writing simple_interfaces_pkg.egg-info/PKG-INFO
[2.139s] writing dependency_links to simple_interfaces_pkg.egg-info/dependency_links.txt
[2.140s] writing top-level names to simple_interfaces_pkg.egg-info/top_level.txt
[2.140s] writing manifest file 'simple_interfaces_pkg.egg-info/SOURCES.txt'
[2.143s] reading manifest file 'simple_interfaces_pkg.egg-info/SOURCES.txt'
[2.144s] writing manifest file 'simple_interfaces_pkg.egg-info/SOURCES.txt'
[2.152s] [  6%] Built target simple_interfaces_pkg__cpp
[2.163s] [  9%] [32mBuilding C object CMakeFiles/simple_interfaces_pkg__rosidl_generator_c.dir/rosidl_generator_c/simple_interfaces_pkg/msg/detail/components_status__functions.c.o[0m
[2.171s] [ 12%] [34m[1mGenerating C++ type support for eProsima Fast-RTPS[0m
[2.175s] [ 16%] [34m[1mGenerating C++ type support dispatch for ROS interfaces[0m
[2.176s] [ 19%] [34m[1mGenerating C++ introspection for ROS interfaces[0m
[2.199s] [ 19%] Built target ament_cmake_python_build_simple_interfaces_pkg_egg
[2.254s] [ 22%] [32m[1mLinking C shared library libsimple_interfaces_pkg__rosidl_generator_c.so[0m
[2.313s] [ 22%] Built target simple_interfaces_pkg__rosidl_generator_c
[2.329s] [ 25%] [34m[1mGenerating C introspection for ROS interfaces[0m
[2.331s] [ 29%] [34m[1mGenerating C type support dispatch for ROS interfaces[0m
[2.334s] [ 32%] [34m[1mGenerating C type support for eProsima Fast-RTPS[0m
[2.496s] [ 35%] [32mBuilding CXX object CMakeFiles/simple_interfaces_pkg__rosidl_typesupport_cpp.dir/rosidl_typesupport_cpp/simple_interfaces_pkg/msg/components_status__type_support.cpp.o[0m
[2.530s] [ 38%] [32mBuilding CXX object CMakeFiles/simple_interfaces_pkg__rosidl_typesupport_introspection_cpp.dir/rosidl_typesupport_introspection_cpp/simple_interfaces_pkg/msg/detail/components_status__type_support.cpp.o[0m
[2.534s] [ 41%] [32mBuilding CXX object CMakeFiles/simple_interfaces_pkg__rosidl_typesupport_fastrtps_cpp.dir/rosidl_typesupport_fastrtps_cpp/simple_interfaces_pkg/msg/detail/dds_fastrtps/components_status__type_support.cpp.o[0m
[2.661s] [ 45%] [32mBuilding CXX object CMakeFiles/simple_interfaces_pkg__rosidl_typesupport_c.dir/rosidl_typesupport_c/simple_interfaces_pkg/msg/components_status__type_support.cpp.o[0m
[2.693s] [ 48%] [32mBuilding C object CMakeFiles/simple_interfaces_pkg__rosidl_typesupport_introspection_c.dir/rosidl_typesupport_introspection_c/simple_interfaces_pkg/msg/detail/components_status__type_support.c.o[0m
[2.701s] [ 51%] [32mBuilding CXX object CMakeFiles/simple_interfaces_pkg__rosidl_typesupport_fastrtps_c.dir/rosidl_typesupport_fastrtps_c/simple_interfaces_pkg/msg/detail/components_status__type_support_c.cpp.o[0m
[2.715s] [ 54%] [32m[1mLinking CXX shared library libsimple_interfaces_pkg__rosidl_typesupport_c.so[0m
[2.752s] [ 58%] [32m[1mLinking C shared library libsimple_interfaces_pkg__rosidl_typesupport_introspection_c.so[0m
[2.784s] [ 58%] Built target simple_interfaces_pkg__rosidl_typesupport_c
[2.805s] [ 58%] Built target simple_interfaces_pkg__rosidl_typesupport_introspection_c
[2.913s] [ 61%] [32m[1mLinking CXX shared library libsimple_interfaces_pkg__rosidl_typesupport_cpp.so[0m
[2.983s] [ 61%] Built target simple_interfaces_pkg__rosidl_typesupport_cpp
[3.085s] [ 64%] [32m[1mLinking CXX shared library libsimple_interfaces_pkg__rosidl_typesupport_introspection_cpp.so[0m
[3.088s] [ 67%] [32m[1mLinking CXX shared library libsimple_interfaces_pkg__rosidl_typesupport_fastrtps_cpp.so[0m
[3.159s] [ 70%] [32m[1mLinking CXX shared library libsimple_interfaces_pkg__rosidl_typesupport_fastrtps_c.so[0m
[3.211s] [ 70%] Built target simple_interfaces_pkg__rosidl_typesupport_introspection_cpp
[3.247s] [ 70%] Built target simple_interfaces_pkg__rosidl_typesupport_fastrtps_cpp
[3.299s] [ 70%] Built target simple_interfaces_pkg__rosidl_typesupport_fastrtps_c
[3.336s] [ 70%] Built target simple_interfaces_pkg
[3.378s] [ 74%] [34m[1mGenerating Python code for ROS interfaces[0m
[3.836s] [ 74%] Built target simple_interfaces_pkg__py
[3.879s] [ 77%] [32mBuilding C object CMakeFiles/simple_interfaces_pkg__rosidl_generator_py.dir/rosidl_generator_py/simple_interfaces_pkg/msg/_components_status_s.c.o[0m
[4.072s] [ 80%] [32m[1mLinking C shared library rosidl_generator_py/simple_interfaces_pkg/libsimple_interfaces_pkg__rosidl_generator_py.so[0m
[4.165s] [ 80%] Built target simple_interfaces_pkg__rosidl_generator_py
[4.204s] [ 87%] [32mBuilding C object CMakeFiles/simple_interfaces_pkg__rosidl_typesupport_c__pyext.dir/rosidl_generator_py/simple_interfaces_pkg/_simple_interfaces_pkg_s.ep.rosidl_typesupport_c.c.o[0m
[4.205s] [ 87%] [32mBuilding C object CMakeFiles/simple_interfaces_pkg__rosidl_typesupport_introspection_c__pyext.dir/rosidl_generator_py/simple_interfaces_pkg/_simple_interfaces_pkg_s.ep.rosidl_typesupport_introspection_c.c.o[0m
[4.210s] [ 90%] [32mBuilding C object CMakeFiles/simple_interfaces_pkg__rosidl_typesupport_fastrtps_c__pyext.dir/rosidl_generator_py/simple_interfaces_pkg/_simple_interfaces_pkg_s.ep.rosidl_typesupport_fastrtps_c.c.o[0m
[4.366s] [ 96%] [32m[1mLinking C shared library rosidl_generator_py/simple_interfaces_pkg/simple_interfaces_pkg_s__rosidl_typesupport_c.cpython-310-x86_64-linux-gnu.so[0m
[4.366s] [ 96%] [32m[1mLinking C shared library rosidl_generator_py/simple_interfaces_pkg/simple_interfaces_pkg_s__rosidl_typesupport_introspection_c.cpython-310-x86_64-linux-gnu.so[0m
[4.376s] [100%] [32m[1mLinking C shared library rosidl_generator_py/simple_interfaces_pkg/simple_interfaces_pkg_s__rosidl_typesupport_fastrtps_c.cpython-310-x86_64-linux-gnu.so[0m
[4.429s] [100%] Built target simple_interfaces_pkg__rosidl_typesupport_c__pyext
[4.440s] [100%] Built target simple_interfaces_pkg__rosidl_typesupport_introspection_c__pyext
[4.445s] [100%] Built target simple_interfaces_pkg__rosidl_typesupport_fastrtps_c__pyext
[4.468s] Invoked command in '/home/muhammed-samet-yildiz/ros2_ws/build/simple_interfaces_pkg' returned '0': CMAKE_PREFIX_PATH=/home/muhammed-samet-yildiz/ros2_ws/install/simple_py_pkg:/home/muhammed-samet-yildiz/turtlesim_ws/install/turtlesim_py_pkg:/opt/ros/humble /usr/bin/cmake --build /home/muhammed-samet-yildiz/ros2_ws/build/simple_interfaces_pkg -- -j16 -l16
[4.485s] Invoking command in '/home/muhammed-samet-yildiz/ros2_ws/build/simple_interfaces_pkg': CMAKE_PREFIX_PATH=/home/muhammed-samet-yildiz/ros2_ws/install/simple_py_pkg:/home/muhammed-samet-yildiz/turtlesim_ws/install/turtlesim_py_pkg:/opt/ros/humble /usr/bin/cmake --install /home/muhammed-samet-yildiz/ros2_ws/build/simple_interfaces_pkg
[4.498s] -- Install configuration: ""
[4.498s] -- Execute custom install script
[4.499s] -- Symlinking: /home/muhammed-samet-yildiz/ros2_ws/install/simple_interfaces_pkg/share/ament_index/resource_index/rosidl_interfaces/simple_interfaces_pkg
[4.520s] -- Symlinking: /home/muhammed-samet-yildiz/ros2_ws/install/simple_interfaces_pkg/include/simple_interfaces_pkg/simple_interfaces_pkg/msg/components_status.h
[4.536s] -- Symlinking: /home/muhammed-samet-yildiz/ros2_ws/install/simple_interfaces_pkg/include/simple_interfaces_pkg/simple_interfaces_pkg/msg/detail/components_status__functions.h
[4.559s] -- Symlinking: /home/muhammed-samet-yildiz/ros2_ws/install/simple_interfaces_pkg/include/simple_interfaces_pkg/simple_interfaces_pkg/msg/detail/components_status__struct.h
[4.582s] -- Symlinking: /home/muhammed-samet-yildiz/ros2_ws/install/simple_interfaces_pkg/include/simple_interfaces_pkg/simple_interfaces_pkg/msg/detail/components_status__type_support.h
[4.604s] -- Symlinking: /home/muhammed-samet-yildiz/ros2_ws/install/simple_interfaces_pkg/include/simple_interfaces_pkg/simple_interfaces_pkg/msg/rosidl_generator_c__visibility_control.h
[4.620s] -- Symlinking: /home/muhammed-samet-yildiz/ros2_ws/install/simple_interfaces_pkg/share/simple_interfaces_pkg/environment/library_path.sh
[4.636s] -- Symlinking: /home/muhammed-samet-yildiz/ros2_ws/install/simple_interfaces_pkg/share/simple_interfaces_pkg/environment/library_path.dsv
[4.655s] -- Symlinking: /home/muhammed-samet-yildiz/ros2_ws/install/simple_interfaces_pkg/include/simple_interfaces_pkg/simple_interfaces_pkg/msg/detail/components_status__rosidl_typesupport_fastrtps_c.h
[4.670s] -- Symlinking: /home/muhammed-samet-yildiz/ros2_ws/install/simple_interfaces_pkg/include/simple_interfaces_pkg/simple_interfaces_pkg/msg/rosidl_typesupport_fastrtps_c__visibility_control.h
[4.691s] -- Symlinking: /home/muhammed-samet-yildiz/ros2_ws/install/simple_interfaces_pkg/include/simple_interfaces_pkg/simple_interfaces_pkg/msg/detail/components_status__rosidl_typesupport_introspection_c.h
[4.709s] -- Symlinking: /home/muhammed-samet-yildiz/ros2_ws/install/simple_interfaces_pkg/include/simple_interfaces_pkg/simple_interfaces_pkg/msg/rosidl_typesupport_introspection_c__visibility_control.h
[4.724s] -- Symlinking: /home/muhammed-samet-yildiz/ros2_ws/install/simple_interfaces_pkg/include/simple_interfaces_pkg/simple_interfaces_pkg/msg/components_status.hpp
[4.738s] -- Symlinking: /home/muhammed-samet-yildiz/ros2_ws/install/simple_interfaces_pkg/include/simple_interfaces_pkg/simple_interfaces_pkg/msg/detail/components_status__builder.hpp
[4.753s] -- Symlinking: /home/muhammed-samet-yildiz/ros2_ws/install/simple_interfaces_pkg/include/simple_interfaces_pkg/simple_interfaces_pkg/msg/detail/components_status__struct.hpp
[4.768s] -- Symlinking: /home/muhammed-samet-yildiz/ros2_ws/install/simple_interfaces_pkg/include/simple_interfaces_pkg/simple_interfaces_pkg/msg/detail/components_status__traits.hpp
[4.788s] -- Symlinking: /home/muhammed-samet-yildiz/ros2_ws/install/simple_interfaces_pkg/include/simple_interfaces_pkg/simple_interfaces_pkg/msg/detail/components_status__type_support.hpp
[4.810s] -- Symlinking: /home/muhammed-samet-yildiz/ros2_ws/install/simple_interfaces_pkg/include/simple_interfaces_pkg/simple_interfaces_pkg/msg/rosidl_generator_cpp__visibility_control.hpp
[4.832s] -- Symlinking: /home/muhammed-samet-yildiz/ros2_ws/install/simple_interfaces_pkg/include/simple_interfaces_pkg/simple_interfaces_pkg/msg/detail/components_status__rosidl_typesupport_fastrtps_cpp.hpp
[4.851s] -- Symlinking: /home/muhammed-samet-yildiz/ros2_ws/install/simple_interfaces_pkg/include/simple_interfaces_pkg/simple_interfaces_pkg/msg/rosidl_typesupport_fastrtps_cpp__visibility_control.h
[4.873s] -- Symlinking: /home/muhammed-samet-yildiz/ros2_ws/install/simple_interfaces_pkg/include/simple_interfaces_pkg/simple_interfaces_pkg/msg/detail/components_status__rosidl_typesupport_introspection_cpp.hpp
[4.887s] -- Symlinking: /home/muhammed-samet-yildiz/ros2_ws/install/simple_interfaces_pkg/share/simple_interfaces_pkg/environment/pythonpath.sh
[4.901s] -- Symlinking: /home/muhammed-samet-yildiz/ros2_ws/install/simple_interfaces_pkg/share/simple_interfaces_pkg/environment/pythonpath.dsv
[4.917s] -- Symlinking: /home/muhammed-samet-yildiz/ros2_ws/install/simple_interfaces_pkg/local/lib/python3.10/dist-packages/simple_interfaces_pkg-0.0.0-py3.10.egg-info/PKG-INFO
[4.932s] -- Symlinking: /home/muhammed-samet-yildiz/ros2_ws/install/simple_interfaces_pkg/local/lib/python3.10/dist-packages/simple_interfaces_pkg-0.0.0-py3.10.egg-info/SOURCES.txt
[4.946s] -- Symlinking: /home/muhammed-samet-yildiz/ros2_ws/install/simple_interfaces_pkg/local/lib/python3.10/dist-packages/simple_interfaces_pkg-0.0.0-py3.10.egg-info/dependency_links.txt
[4.960s] -- Symlinking: /home/muhammed-samet-yildiz/ros2_ws/install/simple_interfaces_pkg/local/lib/python3.10/dist-packages/simple_interfaces_pkg-0.0.0-py3.10.egg-info/top_level.txt
[4.980s] -- Symlinking: /home/muhammed-samet-yildiz/ros2_ws/install/simple_interfaces_pkg/local/lib/python3.10/dist-packages/simple_interfaces_pkg/__init__.py
[4.995s] -- Symlinking: /home/muhammed-samet-yildiz/ros2_ws/install/simple_interfaces_pkg/local/lib/python3.10/dist-packages/simple_interfaces_pkg/_simple_interfaces_pkg_s.ep.rosidl_typesupport_c.c
[5.009s] -- Symlinking: /home/muhammed-samet-yildiz/ros2_ws/install/simple_interfaces_pkg/local/lib/python3.10/dist-packages/simple_interfaces_pkg/_simple_interfaces_pkg_s.ep.rosidl_typesupport_fastrtps_c.c
[5.023s] -- Symlinking: /home/muhammed-samet-yildiz/ros2_ws/install/simple_interfaces_pkg/local/lib/python3.10/dist-packages/simple_interfaces_pkg/_simple_interfaces_pkg_s.ep.rosidl_typesupport_introspection_c.c
[5.037s] -- Symlinking: /home/muhammed-samet-yildiz/ros2_ws/install/simple_interfaces_pkg/local/lib/python3.10/dist-packages/simple_interfaces_pkg/libsimple_interfaces_pkg__rosidl_generator_py.so
[5.051s] -- Symlinking: /home/muhammed-samet-yildiz/ros2_ws/install/simple_interfaces_pkg/local/lib/python3.10/dist-packages/simple_interfaces_pkg/msg/__init__.py
[5.065s] -- Symlinking: /home/muhammed-samet-yildiz/ros2_ws/install/simple_interfaces_pkg/local/lib/python3.10/dist-packages/simple_interfaces_pkg/msg/_components_status.py
[5.085s] -- Symlinking: /home/muhammed-samet-yildiz/ros2_ws/install/simple_interfaces_pkg/local/lib/python3.10/dist-packages/simple_interfaces_pkg/msg/_components_status_s.c
[5.101s] -- Symlinking: /home/muhammed-samet-yildiz/ros2_ws/install/simple_interfaces_pkg/local/lib/python3.10/dist-packages/simple_interfaces_pkg/simple_interfaces_pkg_s__rosidl_typesupport_c.cpython-310-x86_64-linux-gnu.so
[5.115s] -- Symlinking: /home/muhammed-samet-yildiz/ros2_ws/install/simple_interfaces_pkg/local/lib/python3.10/dist-packages/simple_interfaces_pkg/simple_interfaces_pkg_s__rosidl_typesupport_fastrtps_c.cpython-310-x86_64-linux-gnu.so
[5.129s] -- Symlinking: /home/muhammed-samet-yildiz/ros2_ws/install/simple_interfaces_pkg/local/lib/python3.10/dist-packages/simple_interfaces_pkg/simple_interfaces_pkg_s__rosidl_typesupport_introspection_c.cpython-310-x86_64-linux-gnu.so
[5.144s] -- Up-to-date symlink: /home/muhammed-samet-yildiz/ros2_ws/install/simple_interfaces_pkg/local/lib/python3.10/dist-packages/simple_interfaces_pkg/simple_interfaces_pkg_s__rosidl_typesupport_fastrtps_c.cpython-310-x86_64-linux-gnu.so
[5.144s] -- Up-to-date symlink: /home/muhammed-samet-yildiz/ros2_ws/install/simple_interfaces_pkg/local/lib/python3.10/dist-packages/simple_interfaces_pkg/simple_interfaces_pkg_s__rosidl_typesupport_introspection_c.cpython-310-x86_64-linux-gnu.so
[5.145s] -- Up-to-date symlink: /home/muhammed-samet-yildiz/ros2_ws/install/simple_interfaces_pkg/local/lib/python3.10/dist-packages/simple_interfaces_pkg/simple_interfaces_pkg_s__rosidl_typesupport_c.cpython-310-x86_64-linux-gnu.so
[5.145s] -- Symlinking: /home/muhammed-samet-yildiz/ros2_ws/install/simple_interfaces_pkg/share/simple_interfaces_pkg/msg/ComponentsStatus.idl
[5.166s] -- Symlinking: /home/muhammed-samet-yildiz/ros2_ws/install/simple_interfaces_pkg/share/simple_interfaces_pkg/msg/ComponentsStatus.msg
[5.187s] -- Symlinking: /home/muhammed-samet-yildiz/ros2_ws/install/simple_interfaces_pkg/share/ament_index/resource_index/package_run_dependencies/simple_interfaces_pkg
[5.208s] -- Symlinking: /home/muhammed-samet-yildiz/ros2_ws/install/simple_interfaces_pkg/share/ament_index/resource_index/parent_prefix_path/simple_interfaces_pkg
[5.223s] -- Symlinking: /home/muhammed-samet-yildiz/ros2_ws/install/simple_interfaces_pkg/share/simple_interfaces_pkg/environment/ament_prefix_path.sh
[5.236s] -- Symlinking: /home/muhammed-samet-yildiz/ros2_ws/install/simple_interfaces_pkg/share/simple_interfaces_pkg/environment/ament_prefix_path.dsv
[5.251s] -- Symlinking: /home/muhammed-samet-yildiz/ros2_ws/install/simple_interfaces_pkg/share/simple_interfaces_pkg/environment/path.sh
[5.265s] -- Symlinking: /home/muhammed-samet-yildiz/ros2_ws/install/simple_interfaces_pkg/share/simple_interfaces_pkg/environment/path.dsv
[5.286s] -- Symlinking: /home/muhammed-samet-yildiz/ros2_ws/install/simple_interfaces_pkg/share/simple_interfaces_pkg/local_setup.bash
[5.301s] -- Symlinking: /home/muhammed-samet-yildiz/ros2_ws/install/simple_interfaces_pkg/share/simple_interfaces_pkg/local_setup.sh
[5.321s] -- Symlinking: /home/muhammed-samet-yildiz/ros2_ws/install/simple_interfaces_pkg/share/simple_interfaces_pkg/local_setup.zsh
[5.342s] -- Symlinking: /home/muhammed-samet-yildiz/ros2_ws/install/simple_interfaces_pkg/share/simple_interfaces_pkg/local_setup.dsv
[5.364s] -- Symlinking: /home/muhammed-samet-yildiz/ros2_ws/install/simple_interfaces_pkg/share/simple_interfaces_pkg/package.dsv
[5.379s] -- Symlinking: /home/muhammed-samet-yildiz/ros2_ws/install/simple_interfaces_pkg/share/ament_index/resource_index/packages/simple_interfaces_pkg
[5.394s] -- Symlinking: /home/muhammed-samet-yildiz/ros2_ws/install/simple_interfaces_pkg/share/simple_interfaces_pkg/cmake/rosidl_cmake-extras.cmake
[5.413s] -- Symlinking: /home/muhammed-samet-yildiz/ros2_ws/install/simple_interfaces_pkg/share/simple_interfaces_pkg/cmake/ament_cmake_export_include_directories-extras.cmake
[5.427s] -- Symlinking: /home/muhammed-samet-yildiz/ros2_ws/install/simple_interfaces_pkg/share/simple_interfaces_pkg/cmake/ament_cmake_export_libraries-extras.cmake
[5.448s] -- Symlinking: /home/muhammed-samet-yildiz/ros2_ws/install/simple_interfaces_pkg/share/simple_interfaces_pkg/cmake/ament_cmake_export_targets-extras.cmake
[5.467s] -- Symlinking: /home/muhammed-samet-yildiz/ros2_ws/install/simple_interfaces_pkg/share/simple_interfaces_pkg/cmake/rosidl_cmake_export_typesupport_targets-extras.cmake
[5.482s] -- Symlinking: /home/muhammed-samet-yildiz/ros2_ws/install/simple_interfaces_pkg/share/simple_interfaces_pkg/cmake/ament_cmake_export_dependencies-extras.cmake
[5.501s] -- Symlinking: /home/muhammed-samet-yildiz/ros2_ws/install/simple_interfaces_pkg/share/simple_interfaces_pkg/cmake/rosidl_cmake_export_typesupport_libraries-extras.cmake
[5.517s] -- Symlinking: /home/muhammed-samet-yildiz/ros2_ws/install/simple_interfaces_pkg/share/simple_interfaces_pkg/cmake/simple_interfaces_pkgConfig.cmake
[5.531s] -- Symlinking: /home/muhammed-samet-yildiz/ros2_ws/install/simple_interfaces_pkg/share/simple_interfaces_pkg/cmake/simple_interfaces_pkgConfig-version.cmake
[5.546s] -- Symlinking: /home/muhammed-samet-yildiz/ros2_ws/install/simple_interfaces_pkg/share/simple_interfaces_pkg/package.xml
[5.561s] -- Installing: /home/muhammed-samet-yildiz/ros2_ws/install/simple_interfaces_pkg/lib/libsimple_interfaces_pkg__rosidl_generator_c.so
[5.562s] -- Set runtime path of "/home/muhammed-samet-yildiz/ros2_ws/install/simple_interfaces_pkg/lib/libsimple_interfaces_pkg__rosidl_generator_c.so" to ""
[5.562s] -- Installing: /home/muhammed-samet-yildiz/ros2_ws/install/simple_interfaces_pkg/lib/libsimple_interfaces_pkg__rosidl_typesupport_fastrtps_c.so
[5.563s] -- Set runtime path of "/home/muhammed-samet-yildiz/ros2_ws/install/simple_interfaces_pkg/lib/libsimple_interfaces_pkg__rosidl_typesupport_fastrtps_c.so" to ""
[5.563s] -- Installing: /home/muhammed-samet-yildiz/ros2_ws/install/simple_interfaces_pkg/lib/libsimple_interfaces_pkg__rosidl_typesupport_introspection_c.so
[5.564s] -- Set runtime path of "/home/muhammed-samet-yildiz/ros2_ws/install/simple_interfaces_pkg/lib/libsimple_interfaces_pkg__rosidl_typesupport_introspection_c.so" to ""
[5.564s] -- Installing: /home/muhammed-samet-yildiz/ros2_ws/install/simple_interfaces_pkg/lib/libsimple_interfaces_pkg__rosidl_typesupport_c.so
[5.565s] -- Set runtime path of "/home/muhammed-samet-yildiz/ros2_ws/install/simple_interfaces_pkg/lib/libsimple_interfaces_pkg__rosidl_typesupport_c.so" to ""
[5.566s] -- Installing: /home/muhammed-samet-yildiz/ros2_ws/install/simple_interfaces_pkg/lib/libsimple_interfaces_pkg__rosidl_typesupport_fastrtps_cpp.so
[5.566s] -- Set runtime path of "/home/muhammed-samet-yildiz/ros2_ws/install/simple_interfaces_pkg/lib/libsimple_interfaces_pkg__rosidl_typesupport_fastrtps_cpp.so" to ""
[5.567s] -- Installing: /home/muhammed-samet-yildiz/ros2_ws/install/simple_interfaces_pkg/lib/libsimple_interfaces_pkg__rosidl_typesupport_introspection_cpp.so
[5.567s] -- Set runtime path of "/home/muhammed-samet-yildiz/ros2_ws/install/simple_interfaces_pkg/lib/libsimple_interfaces_pkg__rosidl_typesupport_introspection_cpp.so" to ""
[5.568s] -- Installing: /home/muhammed-samet-yildiz/ros2_ws/install/simple_interfaces_pkg/lib/libsimple_interfaces_pkg__rosidl_typesupport_cpp.so
[5.568s] -- Set runtime path of "/home/muhammed-samet-yildiz/ros2_ws/install/simple_interfaces_pkg/lib/libsimple_interfaces_pkg__rosidl_typesupport_cpp.so" to ""
[5.634s] Listing '/home/muhammed-samet-yildiz/ros2_ws/install/simple_interfaces_pkg/local/lib/python3.10/dist-packages/simple_interfaces_pkg'...
[5.634s] Compiling '/home/muhammed-samet-yildiz/ros2_ws/install/simple_interfaces_pkg/local/lib/python3.10/dist-packages/simple_interfaces_pkg/__init__.py'...
[5.634s] Listing '/home/muhammed-samet-yildiz/ros2_ws/install/simple_interfaces_pkg/local/lib/python3.10/dist-packages/simple_interfaces_pkg/msg'...
[5.634s] Compiling '/home/muhammed-samet-yildiz/ros2_ws/install/simple_interfaces_pkg/local/lib/python3.10/dist-packages/simple_interfaces_pkg/msg/__init__.py'...
[5.634s] Compiling '/home/muhammed-samet-yildiz/ros2_ws/install/simple_interfaces_pkg/local/lib/python3.10/dist-packages/simple_interfaces_pkg/msg/_components_status.py'...
[5.642s] -- Installing: /home/muhammed-samet-yildiz/ros2_ws/install/simple_interfaces_pkg/lib/libsimple_interfaces_pkg__rosidl_generator_py.so
[5.643s] -- Set runtime path of "/home/muhammed-samet-yildiz/ros2_ws/install/simple_interfaces_pkg/lib/libsimple_interfaces_pkg__rosidl_generator_py.so" to ""
[5.644s] -- Installing: /home/muhammed-samet-yildiz/ros2_ws/install/simple_interfaces_pkg/share/simple_interfaces_pkg/cmake/export_simple_interfaces_pkg__rosidl_generator_cExport.cmake
[5.644s] -- Installing: /home/muhammed-samet-yildiz/ros2_ws/install/simple_interfaces_pkg/share/simple_interfaces_pkg/cmake/export_simple_interfaces_pkg__rosidl_generator_cExport-noconfig.cmake
[5.645s] -- Installing: /home/muhammed-samet-yildiz/ros2_ws/install/simple_interfaces_pkg/share/simple_interfaces_pkg/cmake/export_simple_interfaces_pkg__rosidl_typesupport_fastrtps_cExport.cmake
[5.645s] -- Installing: /home/muhammed-samet-yildiz/ros2_ws/install/simple_interfaces_pkg/share/simple_interfaces_pkg/cmake/export_simple_interfaces_pkg__rosidl_typesupport_fastrtps_cExport-noconfig.cmake
[5.646s] -- Installing: /home/muhammed-samet-yildiz/ros2_ws/install/simple_interfaces_pkg/share/simple_interfaces_pkg/cmake/simple_interfaces_pkg__rosidl_typesupport_introspection_cExport.cmake
[5.646s] -- Installing: /home/muhammed-samet-yildiz/ros2_ws/install/simple_interfaces_pkg/share/simple_interfaces_pkg/cmake/simple_interfaces_pkg__rosidl_typesupport_introspection_cExport-noconfig.cmake
[5.647s] -- Installing: /home/muhammed-samet-yildiz/ros2_ws/install/simple_interfaces_pkg/share/simple_interfaces_pkg/cmake/simple_interfaces_pkg__rosidl_typesupport_cExport.cmake
[5.647s] -- Installing: /home/muhammed-samet-yildiz/ros2_ws/install/simple_interfaces_pkg/share/simple_interfaces_pkg/cmake/simple_interfaces_pkg__rosidl_typesupport_cExport-noconfig.cmake
[5.648s] -- Installing: /home/muhammed-samet-yildiz/ros2_ws/install/simple_interfaces_pkg/share/simple_interfaces_pkg/cmake/export_simple_interfaces_pkg__rosidl_generator_cppExport.cmake
[5.649s] -- Installing: /home/muhammed-samet-yildiz/ros2_ws/install/simple_interfaces_pkg/share/simple_interfaces_pkg/cmake/export_simple_interfaces_pkg__rosidl_typesupport_fastrtps_cppExport.cmake
[5.649s] -- Installing: /home/muhammed-samet-yildiz/ros2_ws/install/simple_interfaces_pkg/share/simple_interfaces_pkg/cmake/export_simple_interfaces_pkg__rosidl_typesupport_fastrtps_cppExport-noconfig.cmake
[5.650s] -- Installing: /home/muhammed-samet-yildiz/ros2_ws/install/simple_interfaces_pkg/share/simple_interfaces_pkg/cmake/simple_interfaces_pkg__rosidl_typesupport_introspection_cppExport.cmake
[5.650s] -- Installing: /home/muhammed-samet-yildiz/ros2_ws/install/simple_interfaces_pkg/share/simple_interfaces_pkg/cmake/simple_interfaces_pkg__rosidl_typesupport_introspection_cppExport-noconfig.cmake
[5.651s] -- Installing: /home/muhammed-samet-yildiz/ros2_ws/install/simple_interfaces_pkg/share/simple_interfaces_pkg/cmake/simple_interfaces_pkg__rosidl_typesupport_cppExport.cmake
[5.651s] -- Installing: /home/muhammed-samet-yildiz/ros2_ws/install/simple_interfaces_pkg/share/simple_interfaces_pkg/cmake/simple_interfaces_pkg__rosidl_typesupport_cppExport-noconfig.cmake
[5.652s] -- Installing: /home/muhammed-samet-yildiz/ros2_ws/install/simple_interfaces_pkg/share/simple_interfaces_pkg/cmake/export_simple_interfaces_pkg__rosidl_generator_pyExport.cmake
[5.652s] -- Installing: /home/muhammed-samet-yildiz/ros2_ws/install/simple_interfaces_pkg/share/simple_interfaces_pkg/cmake/export_simple_interfaces_pkg__rosidl_generator_pyExport-noconfig.cmake
[5.659s] Invoked command in '/home/muhammed-samet-yildiz/ros2_ws/build/simple_interfaces_pkg' returned '0': CMAKE_PREFIX_PATH=/home/muhammed-samet-yildiz/ros2_ws/install/simple_py_pkg:/home/muhammed-samet-yildiz/turtlesim_ws/install/turtlesim_py_pkg:/opt/ros/humble /usr/bin/cmake --install /home/muhammed-samet-yildiz/ros2_ws/build/simple_interfaces_pkg
