[0.079s] DEBUG:colcon:Command line arguments: ['/usr/bin/colcon', 'build', '--packages-select', 'simple_py_pkg']
[0.079s] DEBUG:colcon:Parsed command line arguments: Namespace(log_base=None, log_level=None, verb_name='build', build_base='build', install_base='install', merge_install=False, symlink_install=False, test_result_base=None, continue_on_error=False, executor='parallel', parallel_workers=16, event_handlers=None, ignore_user_meta=False, metas=['./colcon.meta'], base_paths=['.'], packages_ignore=None, packages_ignore_regex=None, paths=None, packages_up_to=None, packages_up_to_regex=None, packages_above=None, packages_above_and_dependencies=None, packages_above_depth=None, packages_select_by_dep=None, packages_skip_by_dep=None, packages_skip_up_to=None, packages_select_build_failed=False, packages_skip_build_finished=False, packages_select_test_failures=False, packages_skip_test_passed=False, packages_select=['simple_py_pkg'], packages_skip=None, packages_select_regex=None, packages_skip_regex=None, packages_start=None, packages_end=None, allow_overriding=[], cmake_args=None, cmake_target=None, cmake_target_skip_unavailable=False, cmake_clean_cache=False, cmake_clean_first=False, cmake_force_configure=False, ament_cmake_args=None, catkin_cmake_args=None, catkin_skip_building_tests=False, verb_parser=<colcon_defaults.argument_parser.defaults.DefaultArgumentsDecorator object at 0x7cd7e9b2ea10>, verb_extension=<colcon_core.verb.build.BuildVerb object at 0x7cd7e9b2e4a0>, main=<bound method BuildVerb.main of <colcon_core.verb.build.BuildVerb object at 0x7cd7e9b2e4a0>>)
[0.202s] Level 1:colcon.colcon_core.package_discovery:discover_packages(colcon_meta) check parameters
[0.202s] Level 1:colcon.colcon_core.package_discovery:discover_packages(recursive) check parameters
[0.202s] Level 1:colcon.colcon_core.package_discovery:discover_packages(ignore) check parameters
[0.202s] Level 1:colcon.colcon_core.package_discovery:discover_packages(path) check parameters
[0.202s] Level 1:colcon.colcon_core.package_discovery:discover_packages(colcon_meta) discover
[0.202s] Level 1:colcon.colcon_core.package_discovery:discover_packages(recursive) discover
[0.202s] INFO:colcon.colcon_core.package_discovery:Crawling recursively for packages in '/home/muhammed-samet-yildiz/ros2_ws'
[0.202s] Level 1:colcon.colcon_core.package_identification:_identify(.) by extensions ['ignore', 'ignore_ament_install']
[0.202s] Level 1:colcon.colcon_core.package_identification:_identify(.) by extension 'ignore'
[0.202s] Level 1:colcon.colcon_core.package_identification:_identify(.) by extension 'ignore_ament_install'
[0.202s] Level 1:colcon.colcon_core.package_identification:_identify(.) by extensions ['colcon_pkg']
[0.202s] Level 1:colcon.colcon_core.package_identification:_identify(.) by extension 'colcon_pkg'
[0.202s] Level 1:colcon.colcon_core.package_identification:_identify(.) by extensions ['colcon_meta']
[0.202s] Level 1:colcon.colcon_core.package_identification:_identify(.) by extension 'colcon_meta'
[0.202s] Level 1:colcon.colcon_core.package_identification:_identify(.) by extensions ['ros']
[0.202s] Level 1:colcon.colcon_core.package_identification:_identify(.) by extension 'ros'
[0.211s] Level 1:colcon.colcon_core.package_identification:_identify(.) by extensions ['cmake', 'python']
[0.212s] Level 1:colcon.colcon_core.package_identification:_identify(.) by extension 'cmake'
[0.212s] Level 1:colcon.colcon_core.package_identification:_identify(.) by extension 'python'
[0.212s] Level 1:colcon.colcon_core.package_identification:_identify(.) by extensions ['python_setup_py']
[0.212s] Level 1:colcon.colcon_core.package_identification:_identify(.) by extension 'python_setup_py'
[0.212s] Level 1:colcon.colcon_core.package_identification:_identify(build) by extensions ['ignore', 'ignore_ament_install']
[0.212s] Level 1:colcon.colcon_core.package_identification:_identify(build) by extension 'ignore'
[0.212s] Level 1:colcon.colcon_core.package_identification:_identify(build) ignored
[0.212s] Level 1:colcon.colcon_core.package_identification:_identify(install) by extensions ['ignore', 'ignore_ament_install']
[0.212s] Level 1:colcon.colcon_core.package_identification:_identify(install) by extension 'ignore'
[0.212s] Level 1:colcon.colcon_core.package_identification:_identify(install) ignored
[0.212s] Level 1:colcon.colcon_core.package_identification:_identify(log) by extensions ['ignore', 'ignore_ament_install']
[0.212s] Level 1:colcon.colcon_core.package_identification:_identify(log) by extension 'ignore'
[0.212s] Level 1:colcon.colcon_core.package_identification:_identify(log) ignored
[0.212s] Level 1:colcon.colcon_core.package_identification:_identify(src) by extensions ['ignore', 'ignore_ament_install']
[0.212s] Level 1:colcon.colcon_core.package_identification:_identify(src) by extension 'ignore'
[0.212s] Level 1:colcon.colcon_core.package_identification:_identify(src) by extension 'ignore_ament_install'
[0.212s] Level 1:colcon.colcon_core.package_identification:_identify(src) by extensions ['colcon_pkg']
[0.212s] Level 1:colcon.colcon_core.package_identification:_identify(src) by extension 'colcon_pkg'
[0.212s] Level 1:colcon.colcon_core.package_identification:_identify(src) by extensions ['colcon_meta']
[0.213s] Level 1:colcon.colcon_core.package_identification:_identify(src) by extension 'colcon_meta'
[0.213s] Level 1:colcon.colcon_core.package_identification:_identify(src) by extensions ['ros']
[0.213s] Level 1:colcon.colcon_core.package_identification:_identify(src) by extension 'ros'
[0.213s] Level 1:colcon.colcon_core.package_identification:_identify(src) by extensions ['cmake', 'python']
[0.213s] Level 1:colcon.colcon_core.package_identification:_identify(src) by extension 'cmake'
[0.213s] Level 1:colcon.colcon_core.package_identification:_identify(src) by extension 'python'
[0.213s] Level 1:colcon.colcon_core.package_identification:_identify(src) by extensions ['python_setup_py']
[0.213s] Level 1:colcon.colcon_core.package_identification:_identify(src) by extension 'python_setup_py'
[0.213s] Level 1:colcon.colcon_core.package_identification:_identify(src/simple_py_pkg) by extensions ['ignore', 'ignore_ament_install']
[0.213s] Level 1:colcon.colcon_core.package_identification:_identify(src/simple_py_pkg) by extension 'ignore'
[0.213s] Level 1:colcon.colcon_core.package_identification:_identify(src/simple_py_pkg) by extension 'ignore_ament_install'
[0.213s] Level 1:colcon.colcon_core.package_identification:_identify(src/simple_py_pkg) by extensions ['colcon_pkg']
[0.213s] Level 1:colcon.colcon_core.package_identification:_identify(src/simple_py_pkg) by extension 'colcon_pkg'
[0.213s] Level 1:colcon.colcon_core.package_identification:_identify(src/simple_py_pkg) by extensions ['colcon_meta']
[0.213s] Level 1:colcon.colcon_core.package_identification:_identify(src/simple_py_pkg) by extension 'colcon_meta'
[0.213s] Level 1:colcon.colcon_core.package_identification:_identify(src/simple_py_pkg) by extensions ['ros']
[0.213s] Level 1:colcon.colcon_core.package_identification:_identify(src/simple_py_pkg) by extension 'ros'
[0.215s] DEBUG:colcon.colcon_core.package_identification:Package 'src/simple_py_pkg' with type 'ros.ament_python' and name 'simple_py_pkg'
[0.215s] Level 1:colcon.colcon_core.package_discovery:discover_packages(recursive) using defaults
[0.215s] Level 1:colcon.colcon_core.package_discovery:discover_packages(ignore) discover
[0.215s] Level 1:colcon.colcon_core.package_discovery:discover_packages(ignore) using defaults
[0.215s] Level 1:colcon.colcon_core.package_discovery:discover_packages(path) discover
[0.215s] Level 1:colcon.colcon_core.package_discovery:discover_packages(path) using defaults
[0.230s] Level 1:colcon.colcon_core.package_discovery:discover_packages(prefix_path) check parameters
[0.230s] Level 1:colcon.colcon_core.package_discovery:discover_packages(prefix_path) discover
[0.231s] DEBUG:colcon.colcon_installed_package_information.package_discovery:Found 1 installed packages in /home/muhammed-samet-yildiz/ros2_ws/install
[0.233s] DEBUG:colcon.colcon_installed_package_information.package_discovery:Found 271 installed packages in /opt/ros/humble
[0.234s] Level 1:colcon.colcon_core.package_discovery:discover_packages(prefix_path) using defaults
[0.275s] Level 5:colcon.colcon_core.verb:set package 'simple_py_pkg' build argument 'cmake_args' from command line to 'None'
[0.275s] Level 5:colcon.colcon_core.verb:set package 'simple_py_pkg' build argument 'cmake_target' from command line to 'None'
[0.275s] Level 5:colcon.colcon_core.verb:set package 'simple_py_pkg' build argument 'cmake_target_skip_unavailable' from command line to 'False'
[0.275s] Level 5:colcon.colcon_core.verb:set package 'simple_py_pkg' build argument 'cmake_clean_cache' from command line to 'False'
[0.275s] Level 5:colcon.colcon_core.verb:set package 'simple_py_pkg' build argument 'cmake_clean_first' from command line to 'False'
[0.275s] Level 5:colcon.colcon_core.verb:set package 'simple_py_pkg' build argument 'cmake_force_configure' from command line to 'False'
[0.275s] Level 5:colcon.colcon_core.verb:set package 'simple_py_pkg' build argument 'ament_cmake_args' from command line to 'None'
[0.275s] Level 5:colcon.colcon_core.verb:set package 'simple_py_pkg' build argument 'catkin_cmake_args' from command line to 'None'
[0.275s] Level 5:colcon.colcon_core.verb:set package 'simple_py_pkg' build argument 'catkin_skip_building_tests' from command line to 'False'
[0.275s] DEBUG:colcon.colcon_core.verb:Building package 'simple_py_pkg' with the following arguments: {'ament_cmake_args': None, 'build_base': '/home/muhammed-samet-yildiz/ros2_ws/build/simple_py_pkg', 'catkin_cmake_args': None, 'catkin_skip_building_tests': False, 'cmake_args': None, 'cmake_clean_cache': False, 'cmake_clean_first': False, 'cmake_force_configure': False, 'cmake_target': None, 'cmake_target_skip_unavailable': False, 'install_base': '/home/muhammed-samet-yildiz/ros2_ws/install/simple_py_pkg', 'merge_install': False, 'path': '/home/muhammed-samet-yildiz/ros2_ws/src/simple_py_pkg', 'symlink_install': False, 'test_result_base': None}
[0.275s] INFO:colcon.colcon_core.executor:Executing jobs using 'parallel' executor
[0.276s] DEBUG:colcon.colcon_parallel_executor.executor.parallel:run_until_complete
[0.276s] INFO:colcon.colcon_ros.task.ament_python.build:Building ROS package in '/home/muhammed-samet-yildiz/ros2_ws/src/simple_py_pkg' with build type 'ament_python'
[0.276s] Level 1:colcon.colcon_core.shell:create_environment_hook('simple_py_pkg', 'ament_prefix_path')
[0.278s] INFO:colcon.colcon_core.plugin_system:Skipping extension 'colcon_core.shell.bat': Not used on non-Windows systems
[0.278s] INFO:colcon.colcon_core.shell:Creating environment hook '/home/muhammed-samet-yildiz/ros2_ws/install/simple_py_pkg/share/simple_py_pkg/hook/ament_prefix_path.ps1'
[0.279s] INFO:colcon.colcon_core.shell:Creating environment descriptor '/home/muhammed-samet-yildiz/ros2_ws/install/simple_py_pkg/share/simple_py_pkg/hook/ament_prefix_path.dsv'
[0.279s] INFO:colcon.colcon_core.shell:Creating environment hook '/home/muhammed-samet-yildiz/ros2_ws/install/simple_py_pkg/share/simple_py_pkg/hook/ament_prefix_path.sh'
[0.280s] INFO:colcon.colcon_core.shell:Skip shell extension 'powershell' for command environment: Not usable outside of PowerShell
[0.280s] DEBUG:colcon.colcon_core.shell:Skip shell extension 'dsv' for command environment
[0.482s] INFO:colcon.colcon_core.task.python.build:Building Python package in '/home/muhammed-samet-yildiz/ros2_ws/src/simple_py_pkg'
[0.483s] INFO:colcon.colcon_core.shell:Skip shell extension 'powershell' for command environment: Not usable outside of PowerShell
[0.483s] DEBUG:colcon.colcon_core.shell:Skip shell extension 'dsv' for command environment
[0.776s] DEBUG:colcon.colcon_core.event_handler.log_command:Invoking command in '/home/muhammed-samet-yildiz/ros2_ws/src/simple_py_pkg': PYTHONPATH=/home/muhammed-samet-yildiz/ros2_ws/build/simple_py_pkg/prefix_override:/usr/lib/python3/dist-packages/colcon_core/task/python/colcon_distutils_commands:/home/muhammed-samet-yildiz/ros2_ws/install/simple_py_pkg/lib/python3.10/site-packages:${PYTHONPATH} /usr/bin/python3 -W ignore:setup.py install is deprecated -W ignore:easy_install command is deprecated setup.py egg_info --egg-base ../../build/simple_py_pkg build --build-base /home/muhammed-samet-yildiz/ros2_ws/build/simple_py_pkg/build install --record /home/muhammed-samet-yildiz/ros2_ws/build/simple_py_pkg/install.log --single-version-externally-managed install_data
[1.014s] DEBUG:colcon.colcon_core.event_handler.log_command:Invoked command in '/home/muhammed-samet-yildiz/ros2_ws/src/simple_py_pkg' returned '0': PYTHONPATH=/home/muhammed-samet-yildiz/ros2_ws/build/simple_py_pkg/prefix_override:/usr/lib/python3/dist-packages/colcon_core/task/python/colcon_distutils_commands:/home/muhammed-samet-yildiz/ros2_ws/install/simple_py_pkg/lib/python3.10/site-packages:${PYTHONPATH} /usr/bin/python3 -W ignore:setup.py install is deprecated -W ignore:easy_install command is deprecated setup.py egg_info --egg-base ../../build/simple_py_pkg build --build-base /home/muhammed-samet-yildiz/ros2_ws/build/simple_py_pkg/build install --record /home/muhammed-samet-yildiz/ros2_ws/build/simple_py_pkg/install.log --single-version-externally-managed install_data
[1.018s] Level 1:colcon.colcon_core.environment:checking '/home/muhammed-samet-yildiz/ros2_ws/install/simple_py_pkg' for CMake module files
[1.019s] Level 1:colcon.colcon_core.environment:checking '/home/muhammed-samet-yildiz/ros2_ws/install/simple_py_pkg' for CMake config files
[1.020s] Level 1:colcon.colcon_core.environment:checking '/home/muhammed-samet-yildiz/ros2_ws/install/simple_py_pkg/lib'
[1.021s] Level 1:colcon.colcon_core.environment:checking '/home/muhammed-samet-yildiz/ros2_ws/install/simple_py_pkg/bin'
[1.021s] Level 1:colcon.colcon_core.environment:checking '/home/muhammed-samet-yildiz/ros2_ws/install/simple_py_pkg/lib/pkgconfig/simple_py_pkg.pc'
[1.021s] Level 1:colcon.colcon_core.environment:checking '/home/muhammed-samet-yildiz/ros2_ws/install/simple_py_pkg/lib/python3.10/site-packages'
[1.021s] Level 1:colcon.colcon_core.shell:create_environment_hook('simple_py_pkg', 'pythonpath')
[1.022s] INFO:colcon.colcon_core.shell:Creating environment hook '/home/muhammed-samet-yildiz/ros2_ws/install/simple_py_pkg/share/simple_py_pkg/hook/pythonpath.ps1'
[1.022s] INFO:colcon.colcon_core.shell:Creating environment descriptor '/home/muhammed-samet-yildiz/ros2_ws/install/simple_py_pkg/share/simple_py_pkg/hook/pythonpath.dsv'
[1.023s] INFO:colcon.colcon_core.shell:Creating environment hook '/home/muhammed-samet-yildiz/ros2_ws/install/simple_py_pkg/share/simple_py_pkg/hook/pythonpath.sh'
[1.024s] Level 1:colcon.colcon_core.environment:checking '/home/muhammed-samet-yildiz/ros2_ws/install/simple_py_pkg/bin'
[1.024s] Level 1:colcon.colcon_core.environment:create_environment_scripts_only(simple_py_pkg)
[1.025s] INFO:colcon.colcon_core.shell:Creating package script '/home/muhammed-samet-yildiz/ros2_ws/install/simple_py_pkg/share/simple_py_pkg/package.ps1'
[1.027s] INFO:colcon.colcon_core.shell:Creating package descriptor '/home/muhammed-samet-yildiz/ros2_ws/install/simple_py_pkg/share/simple_py_pkg/package.dsv'
[1.028s] INFO:colcon.colcon_core.shell:Creating package script '/home/muhammed-samet-yildiz/ros2_ws/install/simple_py_pkg/share/simple_py_pkg/package.sh'
[1.030s] INFO:colcon.colcon_core.shell:Creating package script '/home/muhammed-samet-yildiz/ros2_ws/install/simple_py_pkg/share/simple_py_pkg/package.bash'
[1.032s] INFO:colcon.colcon_core.shell:Creating package script '/home/muhammed-samet-yildiz/ros2_ws/install/simple_py_pkg/share/simple_py_pkg/package.zsh'
[1.033s] Level 1:colcon.colcon_core.environment:create_file_with_runtime_dependencies(/home/muhammed-samet-yildiz/ros2_ws/install/simple_py_pkg/share/colcon-core/packages/simple_py_pkg)
[1.034s] DEBUG:colcon.colcon_parallel_executor.executor.parallel:closing loop
[1.035s] DEBUG:colcon.colcon_parallel_executor.executor.parallel:loop closed
[1.035s] DEBUG:colcon.colcon_parallel_executor.executor.parallel:run_until_complete finished with '0'
[1.035s] DEBUG:colcon.colcon_core.event_reactor:joining thread
[1.044s] INFO:colcon.colcon_core.plugin_system:Skipping extension 'colcon_notification.desktop_notification.terminal_notifier': Not used on non-Darwin systems
[1.045s] INFO:colcon.colcon_core.plugin_system:Skipping extension 'colcon_notification.desktop_notification.win32': Not used on non-Windows systems
[1.045s] INFO:colcon.colcon_notification.desktop_notification:Sending desktop notification using 'notify2'
[1.065s] DEBUG:colcon.colcon_core.event_reactor:joined thread
[1.065s] INFO:colcon.colcon_core.shell:Creating prefix script '/home/muhammed-samet-yildiz/ros2_ws/install/local_setup.ps1'
[1.067s] INFO:colcon.colcon_core.shell:Creating prefix util module '/home/muhammed-samet-yildiz/ros2_ws/install/_local_setup_util_ps1.py'
[1.070s] INFO:colcon.colcon_core.shell:Creating prefix chain script '/home/muhammed-samet-yildiz/ros2_ws/install/setup.ps1'
[1.072s] INFO:colcon.colcon_core.shell:Creating prefix script '/home/muhammed-samet-yildiz/ros2_ws/install/local_setup.sh'
[1.073s] INFO:colcon.colcon_core.shell:Creating prefix util module '/home/muhammed-samet-yildiz/ros2_ws/install/_local_setup_util_sh.py'
[1.075s] INFO:colcon.colcon_core.shell:Creating prefix chain script '/home/muhammed-samet-yildiz/ros2_ws/install/setup.sh'
[1.077s] INFO:colcon.colcon_core.shell:Creating prefix script '/home/muhammed-samet-yildiz/ros2_ws/install/local_setup.bash'
[1.078s] INFO:colcon.colcon_core.shell:Creating prefix chain script '/home/muhammed-samet-yildiz/ros2_ws/install/setup.bash'
[1.080s] INFO:colcon.colcon_core.shell:Creating prefix script '/home/muhammed-samet-yildiz/ros2_ws/install/local_setup.zsh'
[1.081s] INFO:colcon.colcon_core.shell:Creating prefix chain script '/home/muhammed-samet-yildiz/ros2_ws/install/setup.zsh'
